#
# There is insufficient memory for the Java Runtime Environment to continue.
# Native memory allocation (malloc) failed to allocate 1256496 bytes for Chunk::new
# Possible reasons:
#   The system is out of physical RAM or swap space
#   The process is running with CompressedOops enabled, and the Java Heap may be blocking the growth of the native heap
# Possible solutions:
#   Reduce memory load on the system
#   Increase physical memory or swap space
#   Check if swap backing store is full
#   Decrease Java heap size (-Xmx/-Xms)
#   Decrease number of Java threads
#   Decrease Java thread stack sizes (-Xss)
#   Set larger code cache with -XX:ReservedCodeCacheSize=
#   JVM is running with Unscaled Compressed Oops mode in which the Java heap is
#     placed in the first 4GB address space. The Java Heap base address is the
#     maximum limit for the native heap growth. Please use -XX:HeapBaseMinAddress
#     to set the Java Heap base and to place the Java Heap above 4GB virtual address.
# This output file may be truncated or incomplete.
#
#  Out of Memory Error (./src/hotspot/share/memory/arena.cpp:197), pid=6660, tid=12648
#
# JRE version: OpenJDK Runtime Environment (11.0.10) (build 11.0.10+0-b96-7249189)
# Java VM: OpenJDK 64-Bit Server VM (11.0.10+0-b96-7249189, mixed mode, tiered, compressed oops, g1 gc, windows-amd64)
# No core dump will be written. Minidumps are not enabled by default on client versions of Windows
#

---------------  S U M M A R Y ------------

Command Line: --add-opens=java.base/java.util=ALL-UNNAMED --add-opens=java.base/java.lang=ALL-UNNAMED --add-opens=java.base/java.lang.invoke=ALL-UNNAMED --add-opens=java.base/java.util=ALL-UNNAMED --add-opens=java.prefs/java.util.prefs=ALL-UNNAMED --add-opens=java.prefs/java.util.prefs=ALL-UNNAMED --add-opens=java.base/java.nio.charset=ALL-UNNAMED --add-opens=java.base/java.net=ALL-UNNAMED --add-opens=java.base/java.util.concurrent.atomic=ALL-UNNAMED -XX:MaxMetaspaceSize=256m -XX:+HeapDumpOnOutOfMemoryError -Xms256m -Xmx512m -Dfile.encoding=windows-1252 -Duser.country=US -Duser.language=en -Duser.variant org.gradle.launcher.daemon.bootstrap.GradleDaemon 7.2

Host: Intel(R) Core(TM) i5-4200M CPU @ 2.50GHz, 4 cores, 11G,  Windows 10 , 64 bit Build 19041 (10.0.19041.1348)
Time: Fri Jan 21 00:34:11 2022 Egypt Standard Time elapsed time: 75.580336 seconds (0d 0h 1m 15s)

---------------  T H R E A D  ---------------

Current thread (0x000001bc3e580000):  JavaThread "C2 CompilerThread1" daemon [_thread_in_native, id=12648, stack(0x000000a1b6a00000,0x000000a1b6b00000)]


Current CompileTask:
C2:  75580 14495       4       com.android.tools.r8.ir.optimize.k::a (704 bytes)

Stack: [0x000000a1b6a00000,0x000000a1b6b00000]
Native frames: (J=compiled Java code, j=interpreted, Vv=VM code, C=native code)
V  [jvm.dll+0x5ecfaa]
V  [jvm.dll+0x722bd5]
V  [jvm.dll+0x72412d]
V  [jvm.dll+0x7247e3]
V  [jvm.dll+0x242928]
V  [jvm.dll+0xbc4fc]
V  [jvm.dll+0xbca0c]
V  [jvm.dll+0x2b4fd4]
V  [jvm.dll+0x506028]
V  [jvm.dll+0x1fcdfd]
V  [jvm.dll+0x1fa77f]
V  [jvm.dll+0x18354c]
V  [jvm.dll+0x208ee7]
V  [jvm.dll+0x207731]
V  [jvm.dll+0x6eb1cf]
V  [jvm.dll+0x6e3d45]
V  [jvm.dll+0x5ebe96]
C  [ucrtbase.dll+0x21bb2]
C  [KERNEL32.DLL+0x17034]
C  [ntdll.dll+0x52651]


---------------  P R O C E S S  ---------------

Threads class SMR info:
_java_thread_list=0x000001bc3c6d0260, length=88, elements={
0x000001bc203e0000, 0x000001bc36f33800, 0x000001bc36f35000, 0x000001bc36f84800,
0x000001bc36f86800, 0x000001bc36f88800, 0x000001bc36f8e800, 0x000001bc3670e800,
0x000001bc36ff4000, 0x000001bc370e8000, 0x000001bc381f7800, 0x000001bc37010800,
0x000001bc388f2800, 0x000001bc385cb000, 0x000001bc38e57800, 0x000001bc3849d800,
0x000001bc38542000, 0x000001bc38542800, 0x000001bc37200800, 0x000001bc371fe000,
0x000001bc37201800, 0x000001bc371ff000, 0x000001bc371ff800, 0x000001bc37202000,
0x000001bc37203000, 0x000001bc371fd800, 0x000001bc37204000, 0x000001bc37501800,
0x000001bc37502000, 0x000001bc37504000, 0x000001bc37504800, 0x000001bc374ff000,
0x000001bc374ff800, 0x000001bc3750b000, 0x000001bc37509800, 0x000001bc37508000,
0x000001bc37508800, 0x000001bc3750a800, 0x000001bc37505800, 0x000001bc3750c000,
0x000001bc37506800, 0x000001bc3750d000, 0x000001bc37507000, 0x000001bc3750d800,
0x000001bc3cbe2800, 0x000001bc3cbe4000, 0x000001bc3cbe5000, 0x000001bc3cbdf800,
0x000001bc3cbe6000, 0x000001bc3cbe0000, 0x000001bc3cbe1000, 0x000001bc3cbe7800,
0x000001bc3cbe6800, 0x000001bc3cbe1800, 0x000001bc3cbe8800, 0x000001bc3cbe9000,
0x000001bc3cbe3800, 0x000001bc3cbeb800, 0x000001bc3cbea000, 0x000001bc3cbea800,
0x000001bc3cbec800, 0x000001bc3cbee000, 0x000001bc3cbed000, 0x000001bc3954a800,
0x000001bc39548000, 0x000001bc39549000, 0x000001bc3954b800, 0x000001bc39547800,
0x000001bc39545800, 0x000001bc3954a000, 0x000001bc3954c800, 0x000001bc39546800,
0x000001bc3954d000, 0x000001bc39553800, 0x000001bc3954e000, 0x000001bc39550800,
0x000001bc3954e800, 0x000001bc39553000, 0x000001bc39554800, 0x000001bc39552000,
0x000001bc3954f800, 0x000001bc390a1800, 0x000001bc390a2000, 0x000001bc3e580000,
0x000001bc390a4000, 0x000001bc3909e000, 0x000001bc390a4800, 0x000001bc3909f000
}

Java Threads: ( => current thread )
  0x000001bc203e0000 JavaThread "main" [_thread_blocked, id=13408, stack(0x000000a1b6c00000,0x000000a1b6d00000)]
  0x000001bc36f33800 JavaThread "Reference Handler" daemon [_thread_blocked, id=10416, stack(0x000000a1b7300000,0x000000a1b7400000)]
  0x000001bc36f35000 JavaThread "Finalizer" daemon [_thread_blocked, id=9304, stack(0x000000a1b7400000,0x000000a1b7500000)]
  0x000001bc36f84800 JavaThread "Signal Dispatcher" daemon [_thread_blocked, id=12012, stack(0x000000a1b7500000,0x000000a1b7600000)]
  0x000001bc36f86800 JavaThread "Attach Listener" daemon [_thread_blocked, id=12836, stack(0x000000a1b7600000,0x000000a1b7700000)]
  0x000001bc36f88800 JavaThread "Service Thread" daemon [_thread_blocked, id=3420, stack(0x000000a1b7700000,0x000000a1b7800000)]
  0x000001bc36f8e800 JavaThread "C2 CompilerThread0" daemon [_thread_in_native, id=4924, stack(0x000000a1b7800000,0x000000a1b7900000)]
  0x000001bc3670e800 JavaThread "C1 CompilerThread0" daemon [_thread_blocked, id=17028, stack(0x000000a1b7900000,0x000000a1b7a00000)]
  0x000001bc36ff4000 JavaThread "Sweeper thread" daemon [_thread_blocked, id=4088, stack(0x000000a1b7a00000,0x000000a1b7b00000)]
  0x000001bc370e8000 JavaThread "Common-Cleaner" daemon [_thread_blocked, id=17164, stack(0x000000a1b7b00000,0x000000a1b7c00000)]
  0x000001bc381f7800 JavaThread "Daemon health stats" [_thread_blocked, id=6640, stack(0x000000a1b7d00000,0x000000a1b7e00000)]
  0x000001bc37010800 JavaThread "Incoming local TCP Connector on port 54146" [_thread_in_native, id=13412, stack(0x000000a1b8100000,0x000000a1b8200000)]
  0x000001bc388f2800 JavaThread "Daemon periodic checks" [_thread_blocked, id=8480, stack(0x000000a1b8200000,0x000000a1b8300000)]
  0x000001bc385cb000 JavaThread "Daemon" [_thread_blocked, id=15272, stack(0x000000a1b8300000,0x000000a1b8400000)]
  0x000001bc38e57800 JavaThread "Handler for socket connection from /127.0.0.1:54146 to /127.0.0.1:54147" [_thread_in_native, id=14636, stack(0x000000a1b8400000,0x000000a1b8500000)]
  0x000001bc3849d800 JavaThread "Cancel handler" [_thread_blocked, id=13248, stack(0x000000a1b8500000,0x000000a1b8600000)]
  0x000001bc38542000 JavaThread "Daemon worker" [_thread_blocked, id=15908, stack(0x000000a1b8600000,0x000000a1b8700000)]
  0x000001bc38542800 JavaThread "Asynchronous log dispatcher for DefaultDaemonConnection: socket connection from /127.0.0.1:54146 to /127.0.0.1:54147" [_thread_blocked, id=8620, stack(0x000000a1b8700000,0x000000a1b8800000)]
  0x000001bc37200800 JavaThread "Daemon client event forwarder" [_thread_blocked, id=12120, stack(0x000000a1b8900000,0x000000a1b8a00000)]
  0x000001bc371fe000 JavaThread "Cache worker for journal cache (C:\Users\mohak\.gradle\caches\journal-1)" [_thread_blocked, id=8024, stack(0x000000a1b8a00000,0x000000a1b8b00000)]
  0x000001bc37201800 JavaThread "File lock request listener" [_thread_in_native, id=17324, stack(0x000000a1b8b00000,0x000000a1b8c00000)]
  0x000001bc371ff000 JavaThread "Cache worker for file hash cache (C:\Users\mohak\.gradle\caches\7.2\fileHashes)" [_thread_blocked, id=14820, stack(0x000000a1b8c00000,0x000000a1b8d00000)]
  0x000001bc371ff800 JavaThread "Cache worker for file hash cache (C:\Users\mohak\Desktop\Repos\news-portal-mobile-app\android\.gradle\7.2\fileHashes)" [_thread_blocked, id=15996, stack(0x000000a1b8e00000,0x000000a1b8f00000)]
  0x000001bc37202000 JavaThread "File watcher server" daemon [_thread_in_native, id=10052, stack(0x000000a1b8f00000,0x000000a1b9000000)]
  0x000001bc37203000 JavaThread "File watcher consumer" daemon [_thread_in_Java, id=8564, stack(0x000000a1b9000000,0x000000a1b9100000)]
  0x000001bc371fd800 JavaThread "Cache worker for checksums cache (C:\Users\mohak\Desktop\Repos\news-portal-mobile-app\android\.gradle\checksums)" [_thread_blocked, id=8940, stack(0x000000a1b9100000,0x000000a1b9200000)]
  0x000001bc37204000 JavaThread "Cache worker for cache directory md-supplier (C:\Users\mohak\.gradle\caches\7.2\md-supplier)" [_thread_blocked, id=12672, stack(0x000000a1b9200000,0x000000a1b9300000)]
  0x000001bc37501800 JavaThread "Cache worker for cache directory md-rule (C:\Users\mohak\.gradle\caches\7.2\md-rule)" [_thread_blocked, id=6128, stack(0x000000a1b9300000,0x000000a1b9400000)]
  0x000001bc37502000 JavaThread "Cache worker for execution history cache (C:\Users\mohak\.gradle\caches\7.2\executionHistory)" [_thread_blocked, id=17308, stack(0x000000a1b9400000,0x000000a1b9500000)]
  0x000001bc37504000 JavaThread "jar transforms" [_thread_blocked, id=11260, stack(0x000000a1b9500000,0x000000a1b9600000)]
  0x000001bc37504800 JavaThread "jar transforms Thread 2" [_thread_blocked, id=11976, stack(0x000000a1b9600000,0x000000a1b9700000)]
  0x000001bc374ff000 JavaThread "Cache worker for file content cache (C:\Users\mohak\.gradle\caches\7.2\fileContent)" [_thread_blocked, id=14796, stack(0x000000a1b9700000,0x000000a1b9800000)]
  0x000001bc374ff800 JavaThread "jar transforms Thread 3" [_thread_blocked, id=14452, stack(0x000000a1b9800000,0x000000a1b9900000)]
  0x000001bc3750b000 JavaThread "jar transforms Thread 4" [_thread_blocked, id=13736, stack(0x000000a1b9900000,0x000000a1b9a00000)]
  0x000001bc37509800 JavaThread "Cache worker for dependencies-accessors (C:\Users\mohak\Desktop\Repos\news-portal-mobile-app\android\.gradle\7.2\dependencies-accessors)" [_thread_blocked, id=9772, stack(0x000000a1b9a00000,0x000000a1b9b00000)]
  0x000001bc37508000 JavaThread "Cache worker for Build Output Cleanup Cache (C:\Users\mohak\Desktop\Repos\news-portal-mobile-app\android\.gradle\buildOutputCleanup)" [_thread_blocked, id=12636, stack(0x000000a1b9b00000,0x000000a1b9c00000)]
  0x000001bc37508800 JavaThread "Unconstrained build operations" [_thread_blocked, id=480, stack(0x000000a1b9c00000,0x000000a1b9d00000)]
  0x000001bc3750a800 JavaThread "Unconstrained build operations Thread 2" [_thread_blocked, id=15288, stack(0x000000a1b9d00000,0x000000a1b9e00000)]
  0x000001bc37505800 JavaThread "Unconstrained build operations Thread 3" [_thread_blocked, id=13936, stack(0x000000a1b9e00000,0x000000a1b9f00000)]
  0x000001bc3750c000 JavaThread "Unconstrained build operations Thread 4" [_thread_blocked, id=9416, stack(0x000000a1b9f00000,0x000000a1ba000000)]
  0x000001bc37506800 JavaThread "Unconstrained build operations Thread 5" [_thread_blocked, id=16856, stack(0x000000a1ba000000,0x000000a1ba100000)]
  0x000001bc3750d000 JavaThread "Unconstrained build operations Thread 6" [_thread_in_Java, id=5484, stack(0x000000a1ba100000,0x000000a1ba200000)]
  0x000001bc37507000 JavaThread "Unconstrained build operations Thread 7" [_thread_blocked, id=14112, stack(0x000000a1ba200000,0x000000a1ba300000)]
  0x000001bc3750d800 JavaThread "Unconstrained build operations Thread 8" [_thread_blocked, id=11848, stack(0x000000a1ba300000,0x000000a1ba400000)]
  0x000001bc3cbe2800 JavaThread "Unconstrained build operations Thread 9" [_thread_blocked, id=9124, stack(0x000000a1ba400000,0x000000a1ba500000)]
  0x000001bc3cbe4000 JavaThread "Unconstrained build operations Thread 10" [_thread_blocked, id=4976, stack(0x000000a1ba500000,0x000000a1ba600000)]
  0x000001bc3cbe5000 JavaThread "Unconstrained build operations Thread 11" [_thread_blocked, id=16156, stack(0x000000a1ba600000,0x000000a1ba700000)]
  0x000001bc3cbdf800 JavaThread "Unconstrained build operations Thread 12" [_thread_blocked, id=832, stack(0x000000a1ba700000,0x000000a1ba800000)]
  0x000001bc3cbe6000 JavaThread "Unconstrained build operations Thread 13" [_thread_blocked, id=15896, stack(0x000000a1ba800000,0x000000a1ba900000)]
  0x000001bc3cbe0000 JavaThread "Unconstrained build operations Thread 14" [_thread_blocked, id=8896, stack(0x000000a1ba900000,0x000000a1baa00000)]
  0x000001bc3cbe1000 JavaThread "Unconstrained build operations Thread 15" [_thread_blocked, id=7604, stack(0x000000a1baa00000,0x000000a1bab00000)]
  0x000001bc3cbe7800 JavaThread "Unconstrained build operations Thread 16" [_thread_blocked, id=15308, stack(0x000000a1bab00000,0x000000a1bac00000)]
  0x000001bc3cbe6800 JavaThread "Unconstrained build operations Thread 17" [_thread_blocked, id=15056, stack(0x000000a1bac00000,0x000000a1bad00000)]
  0x000001bc3cbe1800 JavaThread "Unconstrained build operations Thread 18" [_thread_blocked, id=10132, stack(0x000000a1bad00000,0x000000a1bae00000)]
  0x000001bc3cbe8800 JavaThread "Unconstrained build operations Thread 19" [_thread_blocked, id=3056, stack(0x000000a1bae00000,0x000000a1baf00000)]
  0x000001bc3cbe9000 JavaThread "Unconstrained build operations Thread 20" [_thread_blocked, id=10424, stack(0x000000a1baf00000,0x000000a1bb000000)]
  0x000001bc3cbe3800 JavaThread "Unconstrained build operations Thread 21" [_thread_blocked, id=7252, stack(0x000000a1bb000000,0x000000a1bb100000)]
  0x000001bc3cbeb800 JavaThread "Unconstrained build operations Thread 22" [_thread_blocked, id=9712, stack(0x000000a1bb100000,0x000000a1bb200000)]
  0x000001bc3cbea000 JavaThread "Unconstrained build operations Thread 23" [_thread_blocked, id=14000, stack(0x000000a1bb200000,0x000000a1bb300000)]
  0x000001bc3cbea800 JavaThread "Unconstrained build operations Thread 24" [_thread_blocked, id=16676, stack(0x000000a1bb300000,0x000000a1bb400000)]
  0x000001bc3cbec800 JavaThread "Unconstrained build operations Thread 25" [_thread_blocked, id=7052, stack(0x000000a1bb400000,0x000000a1bb500000)]
  0x000001bc3cbee000 JavaThread "Unconstrained build operations Thread 26" [_thread_blocked, id=5144, stack(0x000000a1bb500000,0x000000a1bb600000)]
  0x000001bc3cbed000 JavaThread "Unconstrained build operations Thread 27" [_thread_blocked, id=9184, stack(0x000000a1bb600000,0x000000a1bb700000)]
  0x000001bc3954a800 JavaThread "Unconstrained build operations Thread 28" [_thread_blocked, id=10376, stack(0x000000a1bb700000,0x000000a1bb800000)]
  0x000001bc39548000 JavaThread "Unconstrained build operations Thread 29" [_thread_blocked, id=1764, stack(0x000000a1bb800000,0x000000a1bb900000)]
  0x000001bc39549000 JavaThread "Unconstrained build operations Thread 30" [_thread_blocked, id=4624, stack(0x000000a1bb900000,0x000000a1bba00000)]
  0x000001bc3954b800 JavaThread "Unconstrained build operations Thread 31" [_thread_blocked, id=15636, stack(0x000000a1bba00000,0x000000a1bbb00000)]
  0x000001bc39547800 JavaThread "Unconstrained build operations Thread 32" [_thread_blocked, id=2688, stack(0x000000a1bbb00000,0x000000a1bbc00000)]
  0x000001bc39545800 JavaThread "Unconstrained build operations Thread 33" [_thread_blocked, id=12880, stack(0x000000a1bbc00000,0x000000a1bbd00000)]
  0x000001bc3954a000 JavaThread "Unconstrained build operations Thread 34" [_thread_blocked, id=9548, stack(0x000000a1bbd00000,0x000000a1bbe00000)]
  0x000001bc3954c800 JavaThread "Unconstrained build operations Thread 35" [_thread_blocked, id=5140, stack(0x000000a1bbe00000,0x000000a1bbf00000)]
  0x000001bc39546800 JavaThread "Unconstrained build operations Thread 36" [_thread_blocked, id=17300, stack(0x000000a1bbf00000,0x000000a1bc000000)]
  0x000001bc3954d000 JavaThread "Unconstrained build operations Thread 37" [_thread_blocked, id=4992, stack(0x000000a1bc000000,0x000000a1bc100000)]
  0x000001bc39553800 JavaThread "Unconstrained build operations Thread 38" [_thread_blocked, id=8592, stack(0x000000a1bc100000,0x000000a1bc200000)]
  0x000001bc3954e000 JavaThread "Unconstrained build operations Thread 39" [_thread_blocked, id=15568, stack(0x000000a1bc200000,0x000000a1bc300000)]
  0x000001bc39550800 JavaThread "Unconstrained build operations Thread 40" [_thread_blocked, id=14752, stack(0x000000a1bc300000,0x000000a1bc400000)]
  0x000001bc3954e800 JavaThread "Memory manager" [_thread_blocked, id=11764, stack(0x000000a1bc400000,0x000000a1bc500000)]
  0x000001bc39553000 JavaThread "build event listener" [_thread_blocked, id=10612, stack(0x000000a1bc600000,0x000000a1bc700000)]
  0x000001bc39554800 JavaThread "build event listener" [_thread_blocked, id=10696, stack(0x000000a1bc700000,0x000000a1bc800000)]
  0x000001bc39552000 JavaThread "Execution worker for ':'" [_thread_blocked, id=10124, stack(0x000000a1bc800000,0x000000a1bc900000)]
  0x000001bc3954f800 JavaThread "Execution worker for ':' Thread 2" [_thread_blocked, id=15472, stack(0x000000a1bc900000,0x000000a1bca00000)]
  0x000001bc390a1800 JavaThread "Execution worker for ':' Thread 3" [_thread_blocked, id=9936, stack(0x000000a1bca00000,0x000000a1bcb00000)]
  0x000001bc390a2000 JavaThread "Cache worker for execution history cache (C:\Users\mohak\Desktop\Repos\news-portal-mobile-app\android\.gradle\7.2\executionHistory)" [_thread_blocked, id=9932, stack(0x000000a1bcb00000,0x000000a1bcc00000)]
=>0x000001bc3e580000 JavaThread "C2 CompilerThread1" daemon [_thread_in_native, id=12648, stack(0x000000a1b6a00000,0x000000a1b6b00000)]
  0x000001bc390a4000 JavaThread "WorkerExecutor Queue" [_thread_blocked, id=10356, stack(0x000000a1bcc00000,0x000000a1bcd00000)]
  0x000001bc3909e000 JavaThread "WorkerExecutor Queue Thread 2" [_thread_blocked, id=3984, stack(0x000000a1bcd00000,0x000000a1bce00000)]
  0x000001bc390a4800 JavaThread "WorkerExecutor Queue Thread 3" [_thread_blocked, id=12588, stack(0x000000a1bce00000,0x000000a1bcf00000)]
  0x000001bc3909f000 JavaThread "WorkerExecutor Queue Thread 4" [_thread_blocked, id=14476, stack(0x000000a1bcf00000,0x000000a1bd000000)]

Other Threads:
  0x000001bc366e4000 VMThread "VM Thread" [stack: 0x000000a1b7200000,0x000000a1b7300000] [id=3120]
  0x000001bc370f1800 WatcherThread [stack: 0x000000a1b7c00000,0x000000a1b7d00000] [id=2200]
  0x000001bc20435800 GCTaskThread "GC Thread#0" [stack: 0x000000a1b6d00000,0x000000a1b6e00000] [id=9084]
  0x000001bc372de000 GCTaskThread "GC Thread#1" [stack: 0x000000a1b7e00000,0x000000a1b7f00000] [id=1500]
  0x000001bc379a2800 GCTaskThread "GC Thread#2" [stack: 0x000000a1b7f00000,0x000000a1b8000000] [id=15276]
  0x000001bc37c50000 GCTaskThread "GC Thread#3" [stack: 0x000000a1b8000000,0x000000a1b8100000] [id=11112]
  0x000001bc20441800 ConcurrentGCThread "G1 Main Marker" [stack: 0x000000a1b6e00000,0x000000a1b6f00000] [id=15488]
  0x000001bc20444000 ConcurrentGCThread "G1 Conc#0" [stack: 0x000000a1b6f00000,0x000000a1b7000000] [id=8276]
  0x000001bc36582800 ConcurrentGCThread "G1 Refine#0" [stack: 0x000000a1b7000000,0x000000a1b7100000] [id=13204]
  0x000001bc36583000 ConcurrentGCThread "G1 Young RemSet Sampling" [stack: 0x000000a1b7100000,0x000000a1b7200000] [id=7432]

Threads with active compile tasks:
C2 CompilerThread0  75624 14485       4       com.android.tools.r8.ir.optimize.Z::a (583 bytes)
C1 CompilerThread0  75624 14904       2       com.android.tools.r8.dex.r$$Lambda$1392/0x0000000100dcf840::accept (12 bytes)
C2 CompilerThread1  75624 14495       4       com.android.tools.r8.ir.optimize.k::a (704 bytes)

VM state:not at safepoint (normal execution)

VM Mutex/Monitor currently owned by a thread: None

Heap address: 0x00000000e0000000, size: 512 MB, Compressed Oops mode: 32-bit
Narrow klass base: 0x0000000000000000, Narrow klass shift: 3
Compressed class space size: 260046848 Address: 0x0000000100000000

Heap:
 garbage-first heap   total 262144K, used 183295K [0x00000000e0000000, 0x0000000100000000)
  region size 1024K, 81 young (82944K), 9 survivors (9216K)
 Metaspace       used 101551K, capacity 104407K, committed 104652K, reserved 346112K
  class space    used 13070K, capacity 14176K, committed 14284K, reserved 253952K
Heap Regions: E=young(eden), S=young(survivor), O=old, HS=humongous(starts), HC=humongous(continues), CS=collection set, F=free, A=archive, TAMS=top-at-mark-start (previous, next)
|   0|0x00000000e0000000, 0x00000000e0100000, 0x00000000e0100000|100%| O|  |TAMS 0x00000000e0100000, 0x00000000e0000000| Untracked 
|   1|0x00000000e0100000, 0x00000000e0200000, 0x00000000e0200000|100%| O|  |TAMS 0x00000000e0200000, 0x00000000e0100000| Untracked 
|   2|0x00000000e0200000, 0x00000000e0300000, 0x00000000e0300000|100%| O|  |TAMS 0x00000000e0300000, 0x00000000e0200000| Untracked 
|   3|0x00000000e0300000, 0x00000000e0400000, 0x00000000e0400000|100%|HS|  |TAMS 0x00000000e0400000, 0x00000000e0300000| Complete 
|   4|0x00000000e0400000, 0x00000000e0500000, 0x00000000e0500000|100%|HC|  |TAMS 0x00000000e0500000, 0x00000000e0400000| Complete 
|   5|0x00000000e0500000, 0x00000000e0600000, 0x00000000e0600000|100%|HC|  |TAMS 0x00000000e0600000, 0x00000000e0500000| Complete 
|   6|0x00000000e0600000, 0x00000000e0700000, 0x00000000e0700000|100%| O|  |TAMS 0x00000000e0700000, 0x00000000e0600000| Untracked 
|   7|0x00000000e0700000, 0x00000000e0800000, 0x00000000e0800000|100%| O|  |TAMS 0x00000000e0800000, 0x00000000e0700000| Untracked 
|   8|0x00000000e0800000, 0x00000000e0900000, 0x00000000e0900000|100%| O|  |TAMS 0x00000000e0900000, 0x00000000e0800000| Untracked 
|   9|0x00000000e0900000, 0x00000000e0a00000, 0x00000000e0a00000|100%| O|  |TAMS 0x00000000e0a00000, 0x00000000e0900000| Untracked 
|  10|0x00000000e0a00000, 0x00000000e0b00000, 0x00000000e0b00000|100%| O|  |TAMS 0x00000000e0b00000, 0x00000000e0a00000| Untracked 
|  11|0x00000000e0b00000, 0x00000000e0c00000, 0x00000000e0c00000|100%| O|  |TAMS 0x00000000e0c00000, 0x00000000e0b00000| Untracked 
|  12|0x00000000e0c00000, 0x00000000e0d00000, 0x00000000e0d00000|100%| O|  |TAMS 0x00000000e0d00000, 0x00000000e0c00000| Untracked 
|  13|0x00000000e0d00000, 0x00000000e0e00000, 0x00000000e0e00000|100%| O|  |TAMS 0x00000000e0e00000, 0x00000000e0d00000| Untracked 
|  14|0x00000000e0e00000, 0x00000000e0f00000, 0x00000000e0f00000|100%| O|  |TAMS 0x00000000e0f00000, 0x00000000e0e00000| Untracked 
|  15|0x00000000e0f00000, 0x00000000e1000000, 0x00000000e1000000|100%| O|  |TAMS 0x00000000e1000000, 0x00000000e0f00000| Untracked 
|  16|0x00000000e1000000, 0x00000000e1100000, 0x00000000e1100000|100%| O|  |TAMS 0x00000000e1100000, 0x00000000e1000000| Untracked 
|  17|0x00000000e1100000, 0x00000000e1200000, 0x00000000e1200000|100%|HS|  |TAMS 0x00000000e1200000, 0x00000000e1100000| Complete 
|  18|0x00000000e1200000, 0x00000000e1300000, 0x00000000e1300000|100%|HS|  |TAMS 0x00000000e1300000, 0x00000000e1200000| Complete 
|  19|0x00000000e1300000, 0x00000000e1400000, 0x00000000e1400000|100%|HC|  |TAMS 0x00000000e1400000, 0x00000000e1300000| Complete 
|  20|0x00000000e1400000, 0x00000000e1500000, 0x00000000e1500000|100%| O|  |TAMS 0x00000000e1500000, 0x00000000e1400000| Untracked 
|  21|0x00000000e1500000, 0x00000000e1600000, 0x00000000e1600000|100%| O|  |TAMS 0x00000000e1600000, 0x00000000e1500000| Untracked 
|  22|0x00000000e1600000, 0x00000000e1700000, 0x00000000e1700000|100%| O|  |TAMS 0x00000000e1700000, 0x00000000e1600000| Untracked 
|  23|0x00000000e1700000, 0x00000000e1800000, 0x00000000e1800000|100%| O|  |TAMS 0x00000000e1800000, 0x00000000e1700000| Untracked 
|  24|0x00000000e1800000, 0x00000000e1900000, 0x00000000e1900000|100%| O|  |TAMS 0x00000000e1900000, 0x00000000e1800000| Untracked 
|  25|0x00000000e1900000, 0x00000000e1a00000, 0x00000000e1a00000|100%| O|  |TAMS 0x00000000e1a00000, 0x00000000e1900000| Untracked 
|  26|0x00000000e1a00000, 0x00000000e1b00000, 0x00000000e1b00000|100%| O|  |TAMS 0x00000000e1b00000, 0x00000000e1a00000| Untracked 
|  27|0x00000000e1b00000, 0x00000000e1c00000, 0x00000000e1c00000|100%| O|  |TAMS 0x00000000e1c00000, 0x00000000e1b00000| Untracked 
|  28|0x00000000e1c00000, 0x00000000e1d00000, 0x00000000e1d00000|100%| O|  |TAMS 0x00000000e1d00000, 0x00000000e1c00000| Untracked 
|  29|0x00000000e1d00000, 0x00000000e1e00000, 0x00000000e1e00000|100%| O|  |TAMS 0x00000000e1e00000, 0x00000000e1d00000| Untracked 
|  30|0x00000000e1e00000, 0x00000000e1f00000, 0x00000000e1f00000|100%| O|  |TAMS 0x00000000e1f00000, 0x00000000e1e00000| Untracked 
|  31|0x00000000e1f00000, 0x00000000e2000000, 0x00000000e2000000|100%| O|  |TAMS 0x00000000e1f00000, 0x00000000e1f00000| Untracked 
|  32|0x00000000e2000000, 0x00000000e2100000, 0x00000000e2100000|100%| O|  |TAMS 0x00000000e2100000, 0x00000000e2000000| Untracked 
|  33|0x00000000e2100000, 0x00000000e2200000, 0x00000000e2200000|100%| O|  |TAMS 0x00000000e2200000, 0x00000000e2100000| Untracked 
|  34|0x00000000e2200000, 0x00000000e2300000, 0x00000000e2300000|100%| O|  |TAMS 0x00000000e2300000, 0x00000000e2200000| Untracked 
|  35|0x00000000e2300000, 0x00000000e2400000, 0x00000000e2400000|100%| O|  |TAMS 0x00000000e2400000, 0x00000000e2300000| Untracked 
|  36|0x00000000e2400000, 0x00000000e2500000, 0x00000000e2500000|100%| O|  |TAMS 0x00000000e2500000, 0x00000000e2400000| Untracked 
|  37|0x00000000e2500000, 0x00000000e2600000, 0x00000000e2600000|100%| O|  |TAMS 0x00000000e2600000, 0x00000000e2500000| Untracked 
|  38|0x00000000e2600000, 0x00000000e2700000, 0x00000000e2700000|100%| O|  |TAMS 0x00000000e2700000, 0x00000000e2600000| Untracked 
|  39|0x00000000e2700000, 0x00000000e2800000, 0x00000000e2800000|100%| O|  |TAMS 0x00000000e2800000, 0x00000000e2700000| Untracked 
|  40|0x00000000e2800000, 0x00000000e2900000, 0x00000000e2900000|100%| O|  |TAMS 0x00000000e2900000, 0x00000000e2800000| Untracked 
|  41|0x00000000e2900000, 0x00000000e2a00000, 0x00000000e2a00000|100%| O|  |TAMS 0x00000000e2996000, 0x00000000e2900000| Untracked 
|  42|0x00000000e2a00000, 0x00000000e2b00000, 0x00000000e2b00000|100%| O|  |TAMS 0x00000000e2a00000, 0x00000000e2a00000| Untracked 
|  43|0x00000000e2b00000, 0x00000000e2c00000, 0x00000000e2c00000|100%| O|  |TAMS 0x00000000e2b00000, 0x00000000e2b00000| Untracked 
|  44|0x00000000e2c00000, 0x00000000e2d00000, 0x00000000e2d00000|100%| O|  |TAMS 0x00000000e2c00000, 0x00000000e2c00000| Untracked 
|  45|0x00000000e2d00000, 0x00000000e2e00000, 0x00000000e2e00000|100%| O|  |TAMS 0x00000000e2d00000, 0x00000000e2d00000| Untracked 
|  46|0x00000000e2e00000, 0x00000000e2f00000, 0x00000000e2f00000|100%| O|  |TAMS 0x00000000e2e00000, 0x00000000e2e00000| Untracked 
|  47|0x00000000e2f00000, 0x00000000e3000000, 0x00000000e3000000|100%| O|  |TAMS 0x00000000e2f00000, 0x00000000e2f00000| Untracked 
|  48|0x00000000e3000000, 0x00000000e3100000, 0x00000000e3100000|100%| O|  |TAMS 0x00000000e3000000, 0x00000000e3000000| Untracked 
|  49|0x00000000e3100000, 0x00000000e3200000, 0x00000000e3200000|100%| O|  |TAMS 0x00000000e3100000, 0x00000000e3100000| Untracked 
|  50|0x00000000e3200000, 0x00000000e3300000, 0x00000000e3300000|100%| O|  |TAMS 0x00000000e3200000, 0x00000000e3200000| Untracked 
|  51|0x00000000e3300000, 0x00000000e3400000, 0x00000000e3400000|100%| O|  |TAMS 0x00000000e3300000, 0x00000000e3300000| Untracked 
|  52|0x00000000e3400000, 0x00000000e3500000, 0x00000000e3500000|100%| O|  |TAMS 0x00000000e3400000, 0x00000000e3400000| Untracked 
|  53|0x00000000e3500000, 0x00000000e3600000, 0x00000000e3600000|100%| O|  |TAMS 0x00000000e3500000, 0x00000000e3500000| Untracked 
|  54|0x00000000e3600000, 0x00000000e3700000, 0x00000000e3700000|100%| O|  |TAMS 0x00000000e3600000, 0x00000000e3600000| Untracked 
|  55|0x00000000e3700000, 0x00000000e3800000, 0x00000000e3800000|100%| O|  |TAMS 0x00000000e3700000, 0x00000000e3700000| Untracked 
|  56|0x00000000e3800000, 0x00000000e3900000, 0x00000000e3900000|100%| O|  |TAMS 0x00000000e3800000, 0x00000000e3800000| Untracked 
|  57|0x00000000e3900000, 0x00000000e3a00000, 0x00000000e3a00000|100%| O|  |TAMS 0x00000000e3900000, 0x00000000e3900000| Untracked 
|  58|0x00000000e3a00000, 0x00000000e3b00000, 0x00000000e3b00000|100%| O|  |TAMS 0x00000000e3a00000, 0x00000000e3a00000| Untracked 
|  59|0x00000000e3b00000, 0x00000000e3c00000, 0x00000000e3c00000|100%| O|  |TAMS 0x00000000e3b00000, 0x00000000e3b00000| Untracked 
|  60|0x00000000e3c00000, 0x00000000e3d00000, 0x00000000e3d00000|100%| O|  |TAMS 0x00000000e3c00000, 0x00000000e3c00000| Untracked 
|  61|0x00000000e3d00000, 0x00000000e3e00000, 0x00000000e3e00000|100%| O|  |TAMS 0x00000000e3d00000, 0x00000000e3d00000| Untracked 
|  62|0x00000000e3e00000, 0x00000000e3f00000, 0x00000000e3f00000|100%| O|  |TAMS 0x00000000e3e00000, 0x00000000e3e00000| Untracked 
|  63|0x00000000e3f00000, 0x00000000e4000000, 0x00000000e4000000|100%| O|  |TAMS 0x00000000e3f00000, 0x00000000e3f00000| Untracked 
|  64|0x00000000e4000000, 0x00000000e4100000, 0x00000000e4100000|100%| O|  |TAMS 0x00000000e4000000, 0x00000000e4000000| Untracked 
|  65|0x00000000e4100000, 0x00000000e4200000, 0x00000000e4200000|100%| O|  |TAMS 0x00000000e4100000, 0x00000000e4100000| Untracked 
|  66|0x00000000e4200000, 0x00000000e4300000, 0x00000000e4300000|100%| O|  |TAMS 0x00000000e4200000, 0x00000000e4200000| Untracked 
|  67|0x00000000e4300000, 0x00000000e4400000, 0x00000000e4400000|100%| O|  |TAMS 0x00000000e4300000, 0x00000000e4300000| Untracked 
|  68|0x00000000e4400000, 0x00000000e4500000, 0x00000000e4500000|100%| O|  |TAMS 0x00000000e4400000, 0x00000000e4400000| Untracked 
|  69|0x00000000e4500000, 0x00000000e4600000, 0x00000000e4600000|100%| O|  |TAMS 0x00000000e4500000, 0x00000000e4500000| Untracked 
|  70|0x00000000e4600000, 0x00000000e4700000, 0x00000000e4700000|100%| O|  |TAMS 0x00000000e4600000, 0x00000000e4600000| Untracked 
|  71|0x00000000e4700000, 0x00000000e4800000, 0x00000000e4800000|100%| O|  |TAMS 0x00000000e4700000, 0x00000000e4700000| Untracked 
|  72|0x00000000e4800000, 0x00000000e4900000, 0x00000000e4900000|100%| O|  |TAMS 0x00000000e4800000, 0x00000000e4800000| Untracked 
|  73|0x00000000e4900000, 0x00000000e4a00000, 0x00000000e4a00000|100%| O|  |TAMS 0x00000000e4900000, 0x00000000e4900000| Untracked 
|  74|0x00000000e4a00000, 0x00000000e4b00000, 0x00000000e4b00000|100%| O|  |TAMS 0x00000000e4a00000, 0x00000000e4a00000| Untracked 
|  75|0x00000000e4b00000, 0x00000000e4c00000, 0x00000000e4c00000|100%| O|  |TAMS 0x00000000e4b00000, 0x00000000e4b00000| Untracked 
|  76|0x00000000e4c00000, 0x00000000e4d00000, 0x00000000e4d00000|100%| O|  |TAMS 0x00000000e4c00000, 0x00000000e4c00000| Untracked 
|  77|0x00000000e4d00000, 0x00000000e4e00000, 0x00000000e4e00000|100%| O|  |TAMS 0x00000000e4d00000, 0x00000000e4d00000| Untracked 
|  78|0x00000000e4e00000, 0x00000000e4f00000, 0x00000000e4f00000|100%| O|  |TAMS 0x00000000e4e00000, 0x00000000e4e00000| Untracked 
|  79|0x00000000e4f00000, 0x00000000e5000000, 0x00000000e5000000|100%| O|  |TAMS 0x00000000e4f00000, 0x00000000e4f00000| Untracked 
|  80|0x00000000e5000000, 0x00000000e5100000, 0x00000000e5100000|100%| O|  |TAMS 0x00000000e5000000, 0x00000000e5000000| Untracked 
|  81|0x00000000e5100000, 0x00000000e5200000, 0x00000000e5200000|100%| O|  |TAMS 0x00000000e5100000, 0x00000000e5100000| Untracked 
|  82|0x00000000e5200000, 0x00000000e5300000, 0x00000000e5300000|100%| O|  |TAMS 0x00000000e5200000, 0x00000000e5200000| Untracked 
|  83|0x00000000e5300000, 0x00000000e5400000, 0x00000000e5400000|100%| O|  |TAMS 0x00000000e5300000, 0x00000000e5300000| Untracked 
|  84|0x00000000e5400000, 0x00000000e5500000, 0x00000000e5500000|100%| O|  |TAMS 0x00000000e5400000, 0x00000000e5400000| Untracked 
|  85|0x00000000e5500000, 0x00000000e5600000, 0x00000000e5600000|100%| O|  |TAMS 0x00000000e5500000, 0x00000000e5500000| Untracked 
|  86|0x00000000e5600000, 0x00000000e5700000, 0x00000000e5700000|100%| O|  |TAMS 0x00000000e5600000, 0x00000000e5600000| Untracked 
|  87|0x00000000e5700000, 0x00000000e5800000, 0x00000000e5800000|100%| O|  |TAMS 0x00000000e5700000, 0x00000000e5700000| Untracked 
|  88|0x00000000e5800000, 0x00000000e5900000, 0x00000000e5900000|100%| O|  |TAMS 0x00000000e5800000, 0x00000000e5800000| Untracked 
|  89|0x00000000e5900000, 0x00000000e5a00000, 0x00000000e5a00000|100%| O|  |TAMS 0x00000000e5900000, 0x00000000e5900000| Untracked 
|  90|0x00000000e5a00000, 0x00000000e5b00000, 0x00000000e5b00000|100%| O|  |TAMS 0x00000000e5a00000, 0x00000000e5a00000| Untracked 
|  91|0x00000000e5b00000, 0x00000000e5c00000, 0x00000000e5c00000|100%| O|  |TAMS 0x00000000e5b00000, 0x00000000e5b00000| Untracked 
|  92|0x00000000e5c00000, 0x00000000e5d00000, 0x00000000e5d00000|100%| O|  |TAMS 0x00000000e5c00000, 0x00000000e5c00000| Untracked 
|  93|0x00000000e5d00000, 0x00000000e5e00000, 0x00000000e5e00000|100%| O|  |TAMS 0x00000000e5d00000, 0x00000000e5d00000| Untracked 
|  94|0x00000000e5e00000, 0x00000000e5f00000, 0x00000000e5f00000|100%| O|  |TAMS 0x00000000e5e00000, 0x00000000e5e00000| Untracked 
|  95|0x00000000e5f00000, 0x00000000e6000000, 0x00000000e6000000|100%| O|  |TAMS 0x00000000e5f00000, 0x00000000e5f00000| Untracked 
|  96|0x00000000e6000000, 0x00000000e6100000, 0x00000000e6100000|100%| O|  |TAMS 0x00000000e6000000, 0x00000000e6000000| Untracked 
|  97|0x00000000e6100000, 0x00000000e6200000, 0x00000000e6200000|100%| O|  |TAMS 0x00000000e6100000, 0x00000000e6100000| Untracked 
|  98|0x00000000e6200000, 0x00000000e6300000, 0x00000000e6300000|100%| O|  |TAMS 0x00000000e6200000, 0x00000000e6200000| Untracked 
|  99|0x00000000e6300000, 0x00000000e631ee00, 0x00000000e6400000| 12%| O|  |TAMS 0x00000000e6300000, 0x00000000e6300000| Untracked 
| 100|0x00000000e6400000, 0x00000000e6400000, 0x00000000e6500000|  0%| F|  |TAMS 0x00000000e6400000, 0x00000000e6400000| Untracked 
| 101|0x00000000e6500000, 0x00000000e6500000, 0x00000000e6600000|  0%| F|  |TAMS 0x00000000e6500000, 0x00000000e6500000| Untracked 
| 102|0x00000000e6600000, 0x00000000e6600000, 0x00000000e6700000|  0%| F|  |TAMS 0x00000000e6600000, 0x00000000e6600000| Untracked 
| 103|0x00000000e6700000, 0x00000000e6700000, 0x00000000e6800000|  0%| F|  |TAMS 0x00000000e6700000, 0x00000000e6700000| Untracked 
| 104|0x00000000e6800000, 0x00000000e6800000, 0x00000000e6900000|  0%| F|  |TAMS 0x00000000e6800000, 0x00000000e6800000| Untracked 
| 105|0x00000000e6900000, 0x00000000e6900000, 0x00000000e6a00000|  0%| F|  |TAMS 0x00000000e6900000, 0x00000000e6900000| Untracked 
| 106|0x00000000e6a00000, 0x00000000e6a00000, 0x00000000e6b00000|  0%| F|  |TAMS 0x00000000e6a00000, 0x00000000e6a00000| Untracked 
| 107|0x00000000e6b00000, 0x00000000e6b00000, 0x00000000e6c00000|  0%| F|  |TAMS 0x00000000e6b00000, 0x00000000e6b00000| Untracked 
| 108|0x00000000e6c00000, 0x00000000e6c00000, 0x00000000e6d00000|  0%| F|  |TAMS 0x00000000e6c00000, 0x00000000e6c00000| Untracked 
| 109|0x00000000e6d00000, 0x00000000e6d00000, 0x00000000e6e00000|  0%| F|  |TAMS 0x00000000e6d00000, 0x00000000e6d00000| Untracked 
| 110|0x00000000e6e00000, 0x00000000e6e00000, 0x00000000e6f00000|  0%| F|  |TAMS 0x00000000e6e00000, 0x00000000e6e00000| Untracked 
| 111|0x00000000e6f00000, 0x00000000e6f00000, 0x00000000e7000000|  0%| F|  |TAMS 0x00000000e6f00000, 0x00000000e6f00000| Untracked 
| 112|0x00000000e7000000, 0x00000000e7000000, 0x00000000e7100000|  0%| F|  |TAMS 0x00000000e7000000, 0x00000000e7000000| Untracked 
| 113|0x00000000e7100000, 0x00000000e7100000, 0x00000000e7200000|  0%| F|  |TAMS 0x00000000e7100000, 0x00000000e7100000| Untracked 
| 114|0x00000000e7200000, 0x00000000e7200000, 0x00000000e7300000|  0%| F|  |TAMS 0x00000000e7200000, 0x00000000e7200000| Untracked 
| 115|0x00000000e7300000, 0x00000000e7300000, 0x00000000e7400000|  0%| F|  |TAMS 0x00000000e7300000, 0x00000000e7300000| Untracked 
| 116|0x00000000e7400000, 0x00000000e7400000, 0x00000000e7500000|  0%| F|  |TAMS 0x00000000e7400000, 0x00000000e7400000| Untracked 
| 117|0x00000000e7500000, 0x00000000e7500000, 0x00000000e7600000|  0%| F|  |TAMS 0x00000000e7500000, 0x00000000e7500000| Untracked 
| 118|0x00000000e7600000, 0x00000000e7600000, 0x00000000e7700000|  0%| F|  |TAMS 0x00000000e7600000, 0x00000000e7600000| Untracked 
| 119|0x00000000e7700000, 0x00000000e7700000, 0x00000000e7800000|  0%| F|  |TAMS 0x00000000e7700000, 0x00000000e7700000| Untracked 
| 120|0x00000000e7800000, 0x00000000e7800000, 0x00000000e7900000|  0%| F|  |TAMS 0x00000000e7800000, 0x00000000e7800000| Untracked 
| 121|0x00000000e7900000, 0x00000000e7900000, 0x00000000e7a00000|  0%| F|  |TAMS 0x00000000e7900000, 0x00000000e7900000| Untracked 
| 122|0x00000000e7a00000, 0x00000000e7a00000, 0x00000000e7b00000|  0%| F|  |TAMS 0x00000000e7a00000, 0x00000000e7a00000| Untracked 
| 123|0x00000000e7b00000, 0x00000000e7b00000, 0x00000000e7c00000|  0%| F|  |TAMS 0x00000000e7b00000, 0x00000000e7b00000| Untracked 
| 124|0x00000000e7c00000, 0x00000000e7c00000, 0x00000000e7d00000|  0%| F|  |TAMS 0x00000000e7c00000, 0x00000000e7c00000| Untracked 
| 125|0x00000000e7d00000, 0x00000000e7d00000, 0x00000000e7e00000|  0%| F|  |TAMS 0x00000000e7d00000, 0x00000000e7d00000| Untracked 
| 126|0x00000000e7e00000, 0x00000000e7e00000, 0x00000000e7f00000|  0%| F|  |TAMS 0x00000000e7e00000, 0x00000000e7e00000| Untracked 
| 127|0x00000000e7f00000, 0x00000000e7f00000, 0x00000000e8000000|  0%| F|  |TAMS 0x00000000e7f00000, 0x00000000e7f00000| Untracked 
| 128|0x00000000e8000000, 0x00000000e8000000, 0x00000000e8100000|  0%| F|  |TAMS 0x00000000e8000000, 0x00000000e8000000| Untracked 
| 129|0x00000000e8100000, 0x00000000e8100000, 0x00000000e8200000|  0%| F|  |TAMS 0x00000000e8100000, 0x00000000e8100000| Untracked 
| 130|0x00000000e8200000, 0x00000000e82e0f90, 0x00000000e8300000| 87%| S|CS|TAMS 0x00000000e8200000, 0x00000000e8200000| Complete 
| 131|0x00000000e8300000, 0x00000000e8400000, 0x00000000e8400000|100%| S|CS|TAMS 0x00000000e8300000, 0x00000000e8300000| Complete 
| 132|0x00000000e8400000, 0x00000000e8500000, 0x00000000e8500000|100%| S|CS|TAMS 0x00000000e8400000, 0x00000000e8400000| Complete 
| 133|0x00000000e8500000, 0x00000000e8500000, 0x00000000e8600000|  0%| F|  |TAMS 0x00000000e8500000, 0x00000000e8500000| Untracked 
| 134|0x00000000e8600000, 0x00000000e8600000, 0x00000000e8700000|  0%| F|  |TAMS 0x00000000e8600000, 0x00000000e8600000| Untracked 
| 135|0x00000000e8700000, 0x00000000e8700000, 0x00000000e8800000|  0%| F|  |TAMS 0x00000000e8700000, 0x00000000e8700000| Untracked 
| 136|0x00000000e8800000, 0x00000000e8800000, 0x00000000e8900000|  0%| F|  |TAMS 0x00000000e8800000, 0x00000000e8800000| Untracked 
| 137|0x00000000e8900000, 0x00000000e8a00000, 0x00000000e8a00000|100%| S|CS|TAMS 0x00000000e8900000, 0x00000000e8900000| Complete 
| 138|0x00000000e8a00000, 0x00000000e8b00000, 0x00000000e8b00000|100%| S|CS|TAMS 0x00000000e8a00000, 0x00000000e8a00000| Complete 
| 139|0x00000000e8b00000, 0x00000000e8c00000, 0x00000000e8c00000|100%| S|CS|TAMS 0x00000000e8b00000, 0x00000000e8b00000| Complete 
| 140|0x00000000e8c00000, 0x00000000e8d00000, 0x00000000e8d00000|100%| S|CS|TAMS 0x00000000e8c00000, 0x00000000e8c00000| Complete 
| 141|0x00000000e8d00000, 0x00000000e8d00000, 0x00000000e8e00000|  0%| F|  |TAMS 0x00000000e8d00000, 0x00000000e8d00000| Untracked 
| 142|0x00000000e8e00000, 0x00000000e8f00000, 0x00000000e8f00000|100%| S|CS|TAMS 0x00000000e8e00000, 0x00000000e8e00000| Complete 
| 143|0x00000000e8f00000, 0x00000000e9000000, 0x00000000e9000000|100%| S|CS|TAMS 0x00000000e8f00000, 0x00000000e8f00000| Complete 
| 144|0x00000000e9000000, 0x00000000e9000000, 0x00000000e9100000|  0%| F|  |TAMS 0x00000000e9000000, 0x00000000e9000000| Untracked 
| 145|0x00000000e9100000, 0x00000000e9100000, 0x00000000e9200000|  0%| F|  |TAMS 0x00000000e9100000, 0x00000000e9100000| Untracked 
| 146|0x00000000e9200000, 0x00000000e9200000, 0x00000000e9300000|  0%| F|  |TAMS 0x00000000e9200000, 0x00000000e9200000| Untracked 
| 147|0x00000000e9300000, 0x00000000e9300000, 0x00000000e9400000|  0%| F|  |TAMS 0x00000000e9300000, 0x00000000e9300000| Untracked 
| 148|0x00000000e9400000, 0x00000000e9400000, 0x00000000e9500000|  0%| F|  |TAMS 0x00000000e9400000, 0x00000000e9400000| Untracked 
| 149|0x00000000e9500000, 0x00000000e9500000, 0x00000000e9600000|  0%| F|  |TAMS 0x00000000e9500000, 0x00000000e9500000| Untracked 
| 150|0x00000000e9600000, 0x00000000e9600000, 0x00000000e9700000|  0%| F|  |TAMS 0x00000000e9600000, 0x00000000e9600000| Untracked 
| 151|0x00000000e9700000, 0x00000000e9700000, 0x00000000e9800000|  0%| F|  |TAMS 0x00000000e9700000, 0x00000000e9700000| Untracked 
| 152|0x00000000e9800000, 0x00000000e9800000, 0x00000000e9900000|  0%| F|  |TAMS 0x00000000e9800000, 0x00000000e9800000| Untracked 
| 153|0x00000000e9900000, 0x00000000e9900000, 0x00000000e9a00000|  0%| F|  |TAMS 0x00000000e9900000, 0x00000000e9900000| Untracked 
| 154|0x00000000e9a00000, 0x00000000e9a00000, 0x00000000e9b00000|  0%| F|  |TAMS 0x00000000e9a00000, 0x00000000e9a00000| Untracked 
| 155|0x00000000e9b00000, 0x00000000e9b00000, 0x00000000e9c00000|  0%| F|  |TAMS 0x00000000e9b00000, 0x00000000e9b00000| Untracked 
| 156|0x00000000e9c00000, 0x00000000e9c00000, 0x00000000e9d00000|  0%| F|  |TAMS 0x00000000e9c00000, 0x00000000e9c00000| Untracked 
| 157|0x00000000e9d00000, 0x00000000e9d00000, 0x00000000e9e00000|  0%| F|  |TAMS 0x00000000e9d00000, 0x00000000e9d00000| Untracked 
| 158|0x00000000e9e00000, 0x00000000e9e00000, 0x00000000e9f00000|  0%| F|  |TAMS 0x00000000e9e00000, 0x00000000e9e00000| Untracked 
| 159|0x00000000e9f00000, 0x00000000e9f00000, 0x00000000ea000000|  0%| F|  |TAMS 0x00000000e9f00000, 0x00000000e9f00000| Untracked 
| 160|0x00000000ea000000, 0x00000000ea000000, 0x00000000ea100000|  0%| F|  |TAMS 0x00000000ea000000, 0x00000000ea000000| Untracked 
| 161|0x00000000ea100000, 0x00000000ea100000, 0x00000000ea200000|  0%| F|  |TAMS 0x00000000ea100000, 0x00000000ea100000| Untracked 
| 162|0x00000000ea200000, 0x00000000ea200000, 0x00000000ea300000|  0%| F|  |TAMS 0x00000000ea200000, 0x00000000ea200000| Untracked 
| 163|0x00000000ea300000, 0x00000000ea300000, 0x00000000ea400000|  0%| F|  |TAMS 0x00000000ea300000, 0x00000000ea300000| Untracked 
| 164|0x00000000ea400000, 0x00000000ea400000, 0x00000000ea500000|  0%| F|  |TAMS 0x00000000ea400000, 0x00000000ea400000| Untracked 
| 165|0x00000000ea500000, 0x00000000ea500000, 0x00000000ea600000|  0%| F|  |TAMS 0x00000000ea500000, 0x00000000ea500000| Untracked 
| 166|0x00000000ea600000, 0x00000000ea600000, 0x00000000ea700000|  0%| F|  |TAMS 0x00000000ea600000, 0x00000000ea600000| Untracked 
| 167|0x00000000ea700000, 0x00000000ea700000, 0x00000000ea800000|  0%| F|  |TAMS 0x00000000ea700000, 0x00000000ea700000| Untracked 
| 168|0x00000000ea800000, 0x00000000ea800000, 0x00000000ea900000|  0%| F|  |TAMS 0x00000000ea800000, 0x00000000ea800000| Untracked 
| 169|0x00000000ea900000, 0x00000000ea900000, 0x00000000eaa00000|  0%| F|  |TAMS 0x00000000ea900000, 0x00000000ea900000| Untracked 
| 170|0x00000000eaa00000, 0x00000000eaa00000, 0x00000000eab00000|  0%| F|  |TAMS 0x00000000eaa00000, 0x00000000eaa00000| Untracked 
| 171|0x00000000eab00000, 0x00000000eab00000, 0x00000000eac00000|  0%| F|  |TAMS 0x00000000eab00000, 0x00000000eab00000| Untracked 
| 172|0x00000000eac00000, 0x00000000eac00000, 0x00000000ead00000|  0%| F|  |TAMS 0x00000000eac00000, 0x00000000eac00000| Untracked 
| 173|0x00000000ead00000, 0x00000000ead00000, 0x00000000eae00000|  0%| F|  |TAMS 0x00000000ead00000, 0x00000000ead00000| Untracked 
| 174|0x00000000eae00000, 0x00000000eae00000, 0x00000000eaf00000|  0%| F|  |TAMS 0x00000000eae00000, 0x00000000eae00000| Untracked 
| 175|0x00000000eaf00000, 0x00000000eaf00000, 0x00000000eb000000|  0%| F|  |TAMS 0x00000000eaf00000, 0x00000000eaf00000| Untracked 
| 176|0x00000000eb000000, 0x00000000eb000000, 0x00000000eb100000|  0%| F|  |TAMS 0x00000000eb000000, 0x00000000eb000000| Untracked 
| 177|0x00000000eb100000, 0x00000000eb100000, 0x00000000eb200000|  0%| F|  |TAMS 0x00000000eb100000, 0x00000000eb100000| Untracked 
| 178|0x00000000eb200000, 0x00000000eb200000, 0x00000000eb300000|  0%| F|  |TAMS 0x00000000eb200000, 0x00000000eb200000| Untracked 
| 179|0x00000000eb300000, 0x00000000eb300000, 0x00000000eb400000|  0%| F|  |TAMS 0x00000000eb300000, 0x00000000eb300000| Untracked 
| 180|0x00000000eb400000, 0x00000000eb400000, 0x00000000eb500000|  0%| F|  |TAMS 0x00000000eb400000, 0x00000000eb400000| Untracked 
| 181|0x00000000eb500000, 0x00000000eb500000, 0x00000000eb600000|  0%| F|  |TAMS 0x00000000eb500000, 0x00000000eb500000| Untracked 
| 182|0x00000000eb600000, 0x00000000eb600000, 0x00000000eb700000|  0%| F|  |TAMS 0x00000000eb600000, 0x00000000eb600000| Untracked 
| 183|0x00000000eb700000, 0x00000000eb700000, 0x00000000eb800000|  0%| F|  |TAMS 0x00000000eb700000, 0x00000000eb700000| Untracked 
| 184|0x00000000eb800000, 0x00000000eb886870, 0x00000000eb900000| 52%| E|  |TAMS 0x00000000eb800000, 0x00000000eb800000| Complete 
| 185|0x00000000eb900000, 0x00000000eba00000, 0x00000000eba00000|100%| E|CS|TAMS 0x00000000eb900000, 0x00000000eb900000| Complete 
| 186|0x00000000eba00000, 0x00000000ebb00000, 0x00000000ebb00000|100%| E|CS|TAMS 0x00000000eba00000, 0x00000000eba00000| Complete 
| 187|0x00000000ebb00000, 0x00000000ebc00000, 0x00000000ebc00000|100%| E|CS|TAMS 0x00000000ebb00000, 0x00000000ebb00000| Complete 
| 188|0x00000000ebc00000, 0x00000000ebd00000, 0x00000000ebd00000|100%| E|CS|TAMS 0x00000000ebc00000, 0x00000000ebc00000| Complete 
| 189|0x00000000ebd00000, 0x00000000ebe00000, 0x00000000ebe00000|100%| E|CS|TAMS 0x00000000ebd00000, 0x00000000ebd00000| Complete 
| 190|0x00000000ebe00000, 0x00000000ebf00000, 0x00000000ebf00000|100%| E|CS|TAMS 0x00000000ebe00000, 0x00000000ebe00000| Complete 
| 191|0x00000000ebf00000, 0x00000000ec000000, 0x00000000ec000000|100%| E|CS|TAMS 0x00000000ebf00000, 0x00000000ebf00000| Complete 
| 192|0x00000000ec000000, 0x00000000ec100000, 0x00000000ec100000|100%| E|CS|TAMS 0x00000000ec000000, 0x00000000ec000000| Complete 
| 193|0x00000000ec100000, 0x00000000ec200000, 0x00000000ec200000|100%| E|CS|TAMS 0x00000000ec100000, 0x00000000ec100000| Complete 
| 194|0x00000000ec200000, 0x00000000ec300000, 0x00000000ec300000|100%| E|CS|TAMS 0x00000000ec200000, 0x00000000ec200000| Complete 
| 195|0x00000000ec300000, 0x00000000ec400000, 0x00000000ec400000|100%| E|CS|TAMS 0x00000000ec300000, 0x00000000ec300000| Complete 
| 196|0x00000000ec400000, 0x00000000ec500000, 0x00000000ec500000|100%| E|CS|TAMS 0x00000000ec400000, 0x00000000ec400000| Complete 
| 197|0x00000000ec500000, 0x00000000ec600000, 0x00000000ec600000|100%| E|CS|TAMS 0x00000000ec500000, 0x00000000ec500000| Complete 
| 198|0x00000000ec600000, 0x00000000ec700000, 0x00000000ec700000|100%| E|CS|TAMS 0x00000000ec600000, 0x00000000ec600000| Complete 
| 199|0x00000000ec700000, 0x00000000ec800000, 0x00000000ec800000|100%| E|CS|TAMS 0x00000000ec700000, 0x00000000ec700000| Complete 
| 200|0x00000000ec800000, 0x00000000ec900000, 0x00000000ec900000|100%| E|CS|TAMS 0x00000000ec800000, 0x00000000ec800000| Complete 
| 201|0x00000000ec900000, 0x00000000eca00000, 0x00000000eca00000|100%| E|CS|TAMS 0x00000000ec900000, 0x00000000ec900000| Complete 
| 202|0x00000000eca00000, 0x00000000ecb00000, 0x00000000ecb00000|100%| E|CS|TAMS 0x00000000eca00000, 0x00000000eca00000| Complete 
| 203|0x00000000ecb00000, 0x00000000ecc00000, 0x00000000ecc00000|100%| E|CS|TAMS 0x00000000ecb00000, 0x00000000ecb00000| Complete 
| 204|0x00000000ecc00000, 0x00000000ecd00000, 0x00000000ecd00000|100%| E|CS|TAMS 0x00000000ecc00000, 0x00000000ecc00000| Complete 
| 205|0x00000000ecd00000, 0x00000000ece00000, 0x00000000ece00000|100%| E|CS|TAMS 0x00000000ecd00000, 0x00000000ecd00000| Complete 
| 206|0x00000000ece00000, 0x00000000ecf00000, 0x00000000ecf00000|100%| E|CS|TAMS 0x00000000ece00000, 0x00000000ece00000| Complete 
| 207|0x00000000ecf00000, 0x00000000ed000000, 0x00000000ed000000|100%| E|CS|TAMS 0x00000000ecf00000, 0x00000000ecf00000| Complete 
| 208|0x00000000ed000000, 0x00000000ed100000, 0x00000000ed100000|100%| E|CS|TAMS 0x00000000ed000000, 0x00000000ed000000| Complete 
| 209|0x00000000ed100000, 0x00000000ed200000, 0x00000000ed200000|100%| E|CS|TAMS 0x00000000ed100000, 0x00000000ed100000| Complete 
| 210|0x00000000ed200000, 0x00000000ed300000, 0x00000000ed300000|100%| E|CS|TAMS 0x00000000ed200000, 0x00000000ed200000| Complete 
| 211|0x00000000ed300000, 0x00000000ed400000, 0x00000000ed400000|100%| E|CS|TAMS 0x00000000ed300000, 0x00000000ed300000| Complete 
| 212|0x00000000ed400000, 0x00000000ed500000, 0x00000000ed500000|100%| E|CS|TAMS 0x00000000ed400000, 0x00000000ed400000| Complete 
| 213|0x00000000ed500000, 0x00000000ed600000, 0x00000000ed600000|100%| E|CS|TAMS 0x00000000ed500000, 0x00000000ed500000| Complete 
| 214|0x00000000ed600000, 0x00000000ed700000, 0x00000000ed700000|100%| E|CS|TAMS 0x00000000ed600000, 0x00000000ed600000| Complete 
| 215|0x00000000ed700000, 0x00000000ed800000, 0x00000000ed800000|100%| E|CS|TAMS 0x00000000ed700000, 0x00000000ed700000| Complete 
| 216|0x00000000ed800000, 0x00000000ed900000, 0x00000000ed900000|100%| E|CS|TAMS 0x00000000ed800000, 0x00000000ed800000| Complete 
| 217|0x00000000ed900000, 0x00000000eda00000, 0x00000000eda00000|100%| E|CS|TAMS 0x00000000ed900000, 0x00000000ed900000| Complete 
| 218|0x00000000eda00000, 0x00000000edb00000, 0x00000000edb00000|100%| E|CS|TAMS 0x00000000eda00000, 0x00000000eda00000| Complete 
| 219|0x00000000edb00000, 0x00000000edc00000, 0x00000000edc00000|100%| E|CS|TAMS 0x00000000edb00000, 0x00000000edb00000| Complete 
| 220|0x00000000edc00000, 0x00000000edd00000, 0x00000000edd00000|100%| E|CS|TAMS 0x00000000edc00000, 0x00000000edc00000| Complete 
| 221|0x00000000edd00000, 0x00000000ede00000, 0x00000000ede00000|100%| E|CS|TAMS 0x00000000edd00000, 0x00000000edd00000| Complete 
| 222|0x00000000ede00000, 0x00000000edf00000, 0x00000000edf00000|100%| E|CS|TAMS 0x00000000ede00000, 0x00000000ede00000| Complete 
| 223|0x00000000edf00000, 0x00000000ee000000, 0x00000000ee000000|100%| E|CS|TAMS 0x00000000edf00000, 0x00000000edf00000| Complete 
| 224|0x00000000ee000000, 0x00000000ee100000, 0x00000000ee100000|100%| E|CS|TAMS 0x00000000ee000000, 0x00000000ee000000| Complete 
| 225|0x00000000ee100000, 0x00000000ee200000, 0x00000000ee200000|100%| E|CS|TAMS 0x00000000ee100000, 0x00000000ee100000| Complete 
| 226|0x00000000ee200000, 0x00000000ee300000, 0x00000000ee300000|100%| E|CS|TAMS 0x00000000ee200000, 0x00000000ee200000| Complete 
| 227|0x00000000ee300000, 0x00000000ee400000, 0x00000000ee400000|100%| E|CS|TAMS 0x00000000ee300000, 0x00000000ee300000| Complete 
| 228|0x00000000ee400000, 0x00000000ee500000, 0x00000000ee500000|100%| E|CS|TAMS 0x00000000ee400000, 0x00000000ee400000| Complete 
| 229|0x00000000ee500000, 0x00000000ee600000, 0x00000000ee600000|100%| E|CS|TAMS 0x00000000ee500000, 0x00000000ee500000| Complete 
| 230|0x00000000ee600000, 0x00000000ee700000, 0x00000000ee700000|100%| E|CS|TAMS 0x00000000ee600000, 0x00000000ee600000| Complete 
| 231|0x00000000ee700000, 0x00000000ee800000, 0x00000000ee800000|100%| E|CS|TAMS 0x00000000ee700000, 0x00000000ee700000| Complete 
| 232|0x00000000ee800000, 0x00000000ee900000, 0x00000000ee900000|100%| E|CS|TAMS 0x00000000ee800000, 0x00000000ee800000| Complete 
| 233|0x00000000ee900000, 0x00000000eea00000, 0x00000000eea00000|100%| E|CS|TAMS 0x00000000ee900000, 0x00000000ee900000| Complete 
| 234|0x00000000eea00000, 0x00000000eeb00000, 0x00000000eeb00000|100%| E|CS|TAMS 0x00000000eea00000, 0x00000000eea00000| Complete 
| 235|0x00000000eeb00000, 0x00000000eec00000, 0x00000000eec00000|100%| E|CS|TAMS 0x00000000eeb00000, 0x00000000eeb00000| Complete 
| 236|0x00000000eec00000, 0x00000000eed00000, 0x00000000eed00000|100%| E|CS|TAMS 0x00000000eec00000, 0x00000000eec00000| Complete 
| 237|0x00000000eed00000, 0x00000000eee00000, 0x00000000eee00000|100%| E|CS|TAMS 0x00000000eed00000, 0x00000000eed00000| Complete 
| 238|0x00000000eee00000, 0x00000000eef00000, 0x00000000eef00000|100%| E|CS|TAMS 0x00000000eee00000, 0x00000000eee00000| Complete 
| 239|0x00000000eef00000, 0x00000000ef000000, 0x00000000ef000000|100%| E|CS|TAMS 0x00000000eef00000, 0x00000000eef00000| Complete 
| 240|0x00000000ef000000, 0x00000000ef100000, 0x00000000ef100000|100%| E|CS|TAMS 0x00000000ef000000, 0x00000000ef000000| Complete 
| 241|0x00000000ef100000, 0x00000000ef200000, 0x00000000ef200000|100%| E|CS|TAMS 0x00000000ef100000, 0x00000000ef100000| Complete 
| 242|0x00000000ef200000, 0x00000000ef300000, 0x00000000ef300000|100%| E|CS|TAMS 0x00000000ef200000, 0x00000000ef200000| Complete 
| 243|0x00000000ef300000, 0x00000000ef400000, 0x00000000ef400000|100%| E|CS|TAMS 0x00000000ef300000, 0x00000000ef300000| Complete 
| 244|0x00000000ef400000, 0x00000000ef500000, 0x00000000ef500000|100%| E|CS|TAMS 0x00000000ef400000, 0x00000000ef400000| Complete 
| 245|0x00000000ef500000, 0x00000000ef600000, 0x00000000ef600000|100%| E|CS|TAMS 0x00000000ef500000, 0x00000000ef500000| Complete 
| 246|0x00000000ef600000, 0x00000000ef700000, 0x00000000ef700000|100%| E|CS|TAMS 0x00000000ef600000, 0x00000000ef600000| Complete 
| 247|0x00000000ef700000, 0x00000000ef800000, 0x00000000ef800000|100%| E|CS|TAMS 0x00000000ef700000, 0x00000000ef700000| Complete 
| 248|0x00000000ef800000, 0x00000000ef900000, 0x00000000ef900000|100%| E|CS|TAMS 0x00000000ef800000, 0x00000000ef800000| Complete 
| 249|0x00000000ef900000, 0x00000000efa00000, 0x00000000efa00000|100%| E|CS|TAMS 0x00000000ef900000, 0x00000000ef900000| Complete 
| 250|0x00000000efa00000, 0x00000000efb00000, 0x00000000efb00000|100%| E|CS|TAMS 0x00000000efa00000, 0x00000000efa00000| Complete 
| 251|0x00000000efb00000, 0x00000000efc00000, 0x00000000efc00000|100%| E|CS|TAMS 0x00000000efb00000, 0x00000000efb00000| Complete 
| 252|0x00000000efc00000, 0x00000000efd00000, 0x00000000efd00000|100%| E|CS|TAMS 0x00000000efc00000, 0x00000000efc00000| Complete 
| 253|0x00000000efd00000, 0x00000000efe00000, 0x00000000efe00000|100%| E|CS|TAMS 0x00000000efd00000, 0x00000000efd00000| Complete 
| 254|0x00000000efe00000, 0x00000000eff00000, 0x00000000eff00000|100%| E|CS|TAMS 0x00000000efe00000, 0x00000000efe00000| Complete 
| 255|0x00000000eff00000, 0x00000000f0000000, 0x00000000f0000000|100%| E|CS|TAMS 0x00000000eff00000, 0x00000000eff00000| Complete 

Card table byte_map: [0x000001bc32ec0000,0x000001bc32fc0000] _byte_map_base: 0x000001bc327c0000

Marking Bits (Prev, Next): (CMBitMap*) 0x000001bc2043ea58, (CMBitMap*) 0x000001bc2043ea90
 Prev Bits: [0x000001bc330c0000, 0x000001bc338c0000)
 Next Bits: [0x000001bc338c0000, 0x000001bc340c0000)

Polling page: 0x000001bc1e3a0000

Metaspace:

Usage:
  Non-class:     88.12 MB capacity,    86.42 MB ( 98%) used,     1.38 MB (  2%) free+waste,   319.13 KB ( <1%) overhead. 
      Class:     13.84 MB capacity,    12.77 MB ( 92%) used,   959.02 KB (  7%) free+waste,   143.69 KB (  1%) overhead. 
       Both:    101.96 MB capacity,    99.19 MB ( 97%) used,     2.32 MB (  2%) free+waste,   462.81 KB ( <1%) overhead. 

Virtual space:
  Non-class space:       90.00 MB reserved,      88.25 MB ( 98%) committed 
      Class space:      248.00 MB reserved,      13.95 MB (  6%) committed 
             Both:      338.00 MB reserved,     102.20 MB ( 30%) committed 

Chunk freelists:
   Non-Class:  9.00 KB
       Class:  0 bytes
        Both:  9.00 KB

MaxMetaspaceSize: 256.00 MB
CompressedClassSpaceSize: 248.00 MB

CodeHeap 'non-profiled nmethods': size=120064Kb used=10576Kb max_used=10576Kb free=109487Kb
 bounds [0x000001bc2b980000, 0x000001bc2c3e0000, 0x000001bc32ec0000]
CodeHeap 'profiled nmethods': size=120000Kb used=34225Kb max_used=34225Kb free=85775Kb
 bounds [0x000001bc24450000, 0x000001bc265c0000, 0x000001bc2b980000]
CodeHeap 'non-nmethods': size=5696Kb used=2297Kb max_used=2388Kb free=3399Kb
 bounds [0x000001bc23ec0000, 0x000001bc24130000, 0x000001bc24450000]
 total_blobs=15530 nmethods=14623 adapters=817
 compilation: enabled
              stopped_count=0, restarted_count=0
 full_count=0

Compilation events (20 events):
Event: 75.540 Thread 0x000001bc3670e800 14879       2       com.android.tools.r8.graph.E1::hashCode (8 bytes)
Event: 75.541 Thread 0x000001bc3670e800 nmethod 14879 0x000001bc265acb90 code [0x000001bc265acd40, 0x000001bc265ace48]
Event: 75.541 Thread 0x000001bc3670e800 14880       2       com.android.tools.r8.graph.E1::equals (31 bytes)
Event: 75.541 Thread 0x000001bc3670e800 nmethod 14880 0x000001bc265acf10 code [0x000001bc265ad0e0, 0x000001bc265ad2a8]
Event: 75.551 Thread 0x000001bc3670e800 14881 %     3       com.android.tools.r8.w.a.a.a.h.N::containsKey @ 49 (80 bytes)
Event: 75.552 Thread 0x000001bc3670e800 nmethod 14881% 0x000001bc265ad390 code [0x000001bc265ad5a0, 0x000001bc265adc88]
Event: 75.552 Thread 0x000001bc3670e800 14882       3       com.android.tools.r8.w.a.a.a.h.N::containsKey (80 bytes)
Event: 75.552 Thread 0x000001bc3670e800 nmethod 14882 0x000001bc265adf10 code [0x000001bc265ae120, 0x000001bc265ae748]
Event: 75.555 Thread 0x000001bc3670e800 14883       2       com.android.tools.r8.graph.t0$r::equals (12 bytes)
Event: 75.555 Thread 0x000001bc3670e800 nmethod 14883 0x000001bc265ae910 code [0x000001bc265aeac0, 0x000001bc265aec18]
Event: 75.556 Thread 0x000001bc3670e800 14884 %     3       com.android.tools.r8.w.a.a.a.h.V0::a @ 75 (272 bytes)
Event: 75.557 Thread 0x000001bc3670e800 nmethod 14884% 0x000001bc265aec90 code [0x000001bc265aef00, 0x000001bc265af8c8]
Event: 75.557 Thread 0x000001bc3670e800 14885       3       com.android.tools.r8.w.a.a.a.h.V0::a (272 bytes)
Event: 75.558 Thread 0x000001bc3670e800 nmethod 14885 0x000001bc265afd10 code [0x000001bc265aff80, 0x000001bc265b0848]
Event: 75.564 Thread 0x000001bc3670e800 14887       2       com.android.tools.r8.graph.V$$Lambda$1381/0x0000000100dccc40::compare (12 bytes)
Event: 75.564 Thread 0x000001bc3670e800 nmethod 14887 0x000001bc265b0c10 code [0x000001bc265b0dc0, 0x000001bc265b0f48]
Event: 75.565 Thread 0x000001bc3670e800 14888 %     3       com.android.tools.r8.w.a.a.a.h.N::a @ 78 (278 bytes)
Event: 75.566 Thread 0x000001bc3670e800 nmethod 14888% 0x000001bc265b1090 code [0x000001bc265b1320, 0x000001bc265b1fa8]
Event: 75.568 Thread 0x000001bc3670e800 14889       3       com.android.tools.r8.w.a.a.a.h.N::a (278 bytes)
Event: 75.569 Thread 0x000001bc3670e800 nmethod 14889 0x000001bc265b2490 code [0x000001bc265b2720, 0x000001bc265b3248]

GC Heap History (20 events):
Event: 52.168 GC heap before
{Heap before GC invocations=20 (full 0):
 garbage-first heap   total 262144K, used 202134K [0x00000000e0000000, 0x0000000100000000)
  region size 1024K, 115 young (117760K), 14 survivors (14336K)
 Metaspace       used 99887K, capacity 102639K, committed 102860K, reserved 344064K
  class space    used 12905K, capacity 13965K, committed 14028K, reserved 253952K
}
Event: 52.194 GC heap after
{Heap after GC invocations=21 (full 0):
 garbage-first heap   total 262144K, used 100313K [0x00000000e0000000, 0x0000000100000000)
  region size 1024K, 2 young (2048K), 2 survivors (2048K)
 Metaspace       used 99887K, capacity 102639K, committed 102860K, reserved 344064K
  class space    used 12905K, capacity 13965K, committed 14028K, reserved 253952K
}
Event: 53.546 GC heap before
{Heap before GC invocations=21 (full 0):
 garbage-first heap   total 262144K, used 207833K [0x00000000e0000000, 0x0000000100000000)
  region size 1024K, 107 young (109568K), 2 survivors (2048K)
 Metaspace       used 100094K, capacity 102837K, committed 103116K, reserved 344064K
  class space    used 12905K, capacity 13965K, committed 14028K, reserved 253952K
}
Event: 53.556 GC heap after
{Heap after GC invocations=22 (full 0):
 garbage-first heap   total 262144K, used 100514K [0x00000000e0000000, 0x0000000100000000)
  region size 1024K, 3 young (3072K), 3 survivors (3072K)
 Metaspace       used 100094K, capacity 102837K, committed 103116K, reserved 344064K
  class space    used 12905K, capacity 13965K, committed 14028K, reserved 253952K
}
Event: 54.719 GC heap before
{Heap before GC invocations=22 (full 0):
 garbage-first heap   total 262144K, used 211106K [0x00000000e0000000, 0x0000000100000000)
  region size 1024K, 111 young (113664K), 3 survivors (3072K)
 Metaspace       used 100254K, capacity 103006K, committed 103116K, reserved 344064K
  class space    used 12930K, capacity 13997K, committed 14028K, reserved 253952K
}
Event: 54.732 GC heap after
{Heap after GC invocations=23 (full 0):
 garbage-first heap   total 262144K, used 101699K [0x00000000e0000000, 0x0000000100000000)
  region size 1024K, 4 young (4096K), 4 survivors (4096K)
 Metaspace       used 100254K, capacity 103006K, committed 103116K, reserved 344064K
  class space    used 12930K, capacity 13997K, committed 14028K, reserved 253952K
}
Event: 56.158 GC heap before
{Heap before GC invocations=23 (full 0):
 garbage-first heap   total 262144K, used 214339K [0x00000000e0000000, 0x0000000100000000)
  region size 1024K, 114 young (116736K), 4 survivors (4096K)
 Metaspace       used 100292K, capacity 103075K, committed 103116K, reserved 344064K
  class space    used 12930K, capacity 13998K, committed 14028K, reserved 253952K
}
Event: 56.177 GC heap after
{Heap after GC invocations=24 (full 0):
 garbage-first heap   total 262144K, used 102788K [0x00000000e0000000, 0x0000000100000000)
  region size 1024K, 5 young (5120K), 5 survivors (5120K)
 Metaspace       used 100292K, capacity 103075K, committed 103116K, reserved 344064K
  class space    used 12930K, capacity 13998K, committed 14028K, reserved 253952K
}
Event: 57.289 GC heap before
{Heap before GC invocations=24 (full 0):
 garbage-first heap   total 262144K, used 217476K [0x00000000e0000000, 0x0000000100000000)
  region size 1024K, 117 young (119808K), 5 survivors (5120K)
 Metaspace       used 100313K, capacity 103076K, committed 103116K, reserved 344064K
  class space    used 12930K, capacity 13998K, committed 14028K, reserved 253952K
}
Event: 57.302 GC heap after
{Heap after GC invocations=25 (full 0):
 garbage-first heap   total 262144K, used 104169K [0x00000000e0000000, 0x0000000100000000)
  region size 1024K, 6 young (6144K), 6 survivors (6144K)
 Metaspace       used 100313K, capacity 103076K, committed 103116K, reserved 344064K
  class space    used 12930K, capacity 13998K, committed 14028K, reserved 253952K
}
Event: 58.171 GC heap before
{Heap before GC invocations=25 (full 0):
 garbage-first heap   total 262144K, used 219881K [0x00000000e0000000, 0x0000000100000000)
  region size 1024K, 119 young (121856K), 6 survivors (6144K)
 Metaspace       used 100344K, capacity 103077K, committed 103116K, reserved 344064K
  class space    used 12930K, capacity 13998K, committed 14028K, reserved 253952K
}
Event: 58.187 GC heap after
{Heap after GC invocations=26 (full 0):
 garbage-first heap   total 262144K, used 106203K [0x00000000e0000000, 0x0000000100000000)
  region size 1024K, 8 young (8192K), 8 survivors (8192K)
 Metaspace       used 100344K, capacity 103077K, committed 103116K, reserved 344064K
  class space    used 12930K, capacity 13998K, committed 14028K, reserved 253952K
}
Event: 59.159 GC heap before
{Heap before GC invocations=26 (full 0):
 garbage-first heap   total 262144K, used 221915K [0x00000000e0000000, 0x0000000100000000)
  region size 1024K, 121 young (123904K), 8 survivors (8192K)
 Metaspace       used 100371K, capacity 103142K, committed 103372K, reserved 344064K
  class space    used 12930K, capacity 13998K, committed 14028K, reserved 253952K
}
Event: 59.188 GC heap after
{Heap after GC invocations=27 (full 0):
 garbage-first heap   total 262144K, used 107144K [0x00000000e0000000, 0x0000000100000000)
  region size 1024K, 9 young (9216K), 9 survivors (9216K)
 Metaspace       used 100371K, capacity 103142K, committed 103372K, reserved 344064K
  class space    used 12930K, capacity 13998K, committed 14028K, reserved 253952K
}
Event: 60.335 GC heap before
{Heap before GC invocations=27 (full 0):
 garbage-first heap   total 262144K, used 222856K [0x00000000e0000000, 0x0000000100000000)
  region size 1024K, 122 young (124928K), 9 survivors (9216K)
 Metaspace       used 100383K, capacity 103145K, committed 103372K, reserved 344064K
  class space    used 12931K, capacity 13999K, committed 14028K, reserved 253952K
}
Event: 60.356 GC heap after
{Heap after GC invocations=28 (full 0):
 garbage-first heap   total 262144K, used 108257K [0x00000000e0000000, 0x0000000100000000)
  region size 1024K, 10 young (10240K), 10 survivors (10240K)
 Metaspace       used 100383K, capacity 103145K, committed 103372K, reserved 344064K
  class space    used 12931K, capacity 13999K, committed 14028K, reserved 253952K
}
Event: 66.660 GC heap before
{Heap before GC invocations=28 (full 0):
 garbage-first heap   total 262144K, used 224993K [0x00000000e0000000, 0x0000000100000000)
  region size 1024K, 124 young (126976K), 10 survivors (10240K)
 Metaspace       used 100404K, capacity 103156K, committed 103372K, reserved 344064K
  class space    used 12933K, capacity 14003K, committed 14028K, reserved 253952K
}
Event: 66.683 GC heap after
{Heap after GC invocations=29 (full 0):
 garbage-first heap   total 262144K, used 109804K [0x00000000e0000000, 0x0000000100000000)
  region size 1024K, 10 young (10240K), 10 survivors (10240K)
 Metaspace       used 100404K, capacity 103156K, committed 103372K, reserved 344064K
  class space    used 12933K, capacity 14003K, committed 14028K, reserved 253952K
}
Event: 73.992 GC heap before
{Heap before GC invocations=29 (full 0):
 garbage-first heap   total 262144K, used 224492K [0x00000000e0000000, 0x0000000100000000)
  region size 1024K, 122 young (124928K), 10 survivors (10240K)
 Metaspace       used 100421K, capacity 103162K, committed 103372K, reserved 344064K
  class space    used 12934K, capacity 14004K, committed 14028K, reserved 253952K
}
Event: 74.014 GC heap after
{Heap after GC invocations=30 (full 0):
 garbage-first heap   total 262144K, used 110591K [0x00000000e0000000, 0x0000000100000000)
  region size 1024K, 9 young (9216K), 9 survivors (9216K)
 Metaspace       used 100421K, capacity 103162K, committed 103372K, reserved 344064K
  class space    used 12934K, capacity 14004K, committed 14028K, reserved 253952K
}

Deoptimization events (20 events):
Event: 75.216 Thread 0x000001bc3750d000 DEOPT PACKING pc=0x000001bc2c09ce10 sp=0x000000a1ba1f9f10
Event: 75.216 Thread 0x000001bc3750d000 DEOPT UNPACKING pc=0x000001bc23ee78af sp=0x000000a1ba1f9ea8 mode 2
Event: 75.225 Thread 0x000001bc3750d000 DEOPT PACKING pc=0x000001bc2658bdad sp=0x000000a1ba1f9e80
Event: 75.225 Thread 0x000001bc3750d000 DEOPT UNPACKING pc=0x000001bc23ee76ce sp=0x000000a1ba1f9320 mode 0
Event: 75.238 Thread 0x000001bc3750d000 DEOPT PACKING pc=0x000001bc263daabb sp=0x000000a1ba1fa0b0
Event: 75.238 Thread 0x000001bc3750d000 DEOPT UNPACKING pc=0x000001bc23ee76ce sp=0x000000a1ba1f9598 mode 0
Event: 75.253 Thread 0x000001bc3750d000 DEOPT PACKING pc=0x000001bc2656aa3c sp=0x000000a1ba1fa070
Event: 75.253 Thread 0x000001bc3750d000 DEOPT UNPACKING pc=0x000001bc23ee76ce sp=0x000000a1ba1f9560 mode 0
Event: 75.381 Thread 0x000001bc3750d000 Uncommon trap: trap_request=0xffffffe4 fr.pc=0x000001bc2c3c36cc relative=0x000000000000020c
Event: 75.381 Thread 0x000001bc3750d000 Uncommon trap: reason=range_check action=make_not_entrant pc=0x000001bc2c3c36cc method=com.android.tools.r8.graph.q0.b(Lcom/android/tools/r8/graph/q0;)I @ 9 c2
Event: 75.381 Thread 0x000001bc3750d000 DEOPT PACKING pc=0x000001bc2c3c36cc sp=0x000000a1ba1fa180
Event: 75.381 Thread 0x000001bc3750d000 DEOPT UNPACKING pc=0x000001bc23ee78af sp=0x000000a1ba1fa0f8 mode 2
Event: 75.452 Thread 0x000001bc3750d000 Uncommon trap: trap_request=0xffffff4d fr.pc=0x000001bc2c37b104 relative=0x0000000000000064
Event: 75.452 Thread 0x000001bc3750d000 Uncommon trap: reason=unstable_if action=reinterpret pc=0x000001bc2c37b104 method=java.util.Comparators$NullComparator.compare(Ljava/lang/Object;Ljava/lang/Object;)I @ 1 c2
Event: 75.452 Thread 0x000001bc3750d000 DEOPT PACKING pc=0x000001bc2c37b104 sp=0x000000a1ba1f9c60
Event: 75.452 Thread 0x000001bc3750d000 DEOPT UNPACKING pc=0x000001bc23ee78af sp=0x000000a1ba1f9c10 mode 2
Event: 75.552 Thread 0x000001bc3750d000 DEOPT PACKING pc=0x000001bc265a1253 sp=0x000000a1ba1fa0a0
Event: 75.552 Thread 0x000001bc3750d000 DEOPT UNPACKING pc=0x000001bc23ee76ce sp=0x000000a1ba1f9558 mode 0
Event: 75.558 Thread 0x000001bc3750d000 DEOPT PACKING pc=0x000001bc2659cf06 sp=0x000000a1ba1fa000
Event: 75.558 Thread 0x000001bc3750d000 DEOPT UNPACKING pc=0x000001bc23ee76ce sp=0x000000a1ba1f94f8 mode 0

Classes redefined (0 events):
No events

Internal exceptions (20 events):
Event: 45.084 Thread 0x000001bc3954b800 Exception <a 'sun/nio/fs/WindowsException'{0x00000000e9a08a80}> (0x00000000e9a08a80) thrown at [./src/hotspot/share/prims/jni.cpp, line 615]
Event: 45.586 Thread 0x000001bc3954b800 Exception <a 'sun/nio/fs/WindowsException'{0x00000000ef948778}> (0x00000000ef948778) thrown at [./src/hotspot/share/prims/jni.cpp, line 615]
Event: 46.764 Thread 0x000001bc3750d000 Exception <a 'sun/nio/fs/WindowsException'{0x00000000ea9c66b8}> (0x00000000ea9c66b8) thrown at [./src/hotspot/share/prims/jni.cpp, line 615]
Event: 46.868 Thread 0x000001bc390a4000 Exception <a 'java/lang/NoSuchMethodError'{0x00000000ea220698}: 'java.lang.Object java.lang.invoke.DirectMethodHandle$Holder.invokeVirtual(java.lang.Object, java.lang.Object, int)'> (0x00000000ea220698) thrown at [./src/hotspot/share/interpreter/linkResolver.cpp, line 773]
Event: 46.891 Thread 0x000001bc3750d000 Exception <a 'java/lang/NoSuchMethodError'{0x00000000ea0194a8}: 'int java.lang.invoke.DirectMethodHandle$Holder.invokeVirtual(java.lang.Object, java.lang.Object, java.lang.Object)'> (0x00000000ea0194a8) thrown at [./src/hotspot/share/interpreter/linkResolver.cpp, line 773]
Event: 47.002 Thread 0x000001bc3750d000 Exception <a 'java/lang/NoSuchMethodError'{0x00000000e9503580}: 'java.lang.Object java.lang.invoke.DirectMethodHandle$Holder.invokeStatic(java.lang.Object, java.lang.Object, java.lang.Object, java.lang.Object, java.lang.Object, java.lang.Object, java.lang.Object, java.lang.Object, java.lang.Object, java.lang.Object, java.lang.Object, java.lang.Object, java.lang.Object, java.lang.Object, java.lang.Object, java.lang.Object, java.lang.Object, int, java.lang.Object)'> (0x00000000e9503580) thrown at [./src/hots
Event: 47.003 Thread 0x000001bc3750d000 Exception <a 'java/lang/NoSuchMethodError'{0x00000000e95093c8}: 'java.lang.Object java.lang.invoke.DirectMethodHandle$Holder.invokeStaticInit(java.lang.Object, java.lang.Object, java.lang.Object, java.lang.Object, java.lang.Object, java.lang.Object, java.lang.Object, java.lang.Object, java.lang.Object, java.lang.Object, java.lang.Object, java.lang.Object, java.lang.Object, java.lang.Object, java.lang.Object, java.lang.Object, java.lang.Object, int, java.lang.Object)'> (0x00000000e95093c8) thrown at [./src/
Event: 47.164 Thread 0x000001bc3750d000 Implicit null exception at 0x000001bc2bb96320 to 0x000001bc2bb97740
Event: 48.036 Thread 0x000001bc3750d000 Exception <a 'java/lang/IncompatibleClassChangeError'{0x00000000ed5a64f0}: Found class java.lang.Object, but interface was expected> (0x00000000ed5a64f0) thrown at [./src/hotspot/share/interpreter/linkResolver.cpp, line 839]
Event: 48.686 Thread 0x000001bc3750d000 Exception <a 'java/lang/NoSuchMethodError'{0x00000000eae3f970}: 'long java.lang.invoke.DirectMethodHandle$Holder.invokeStatic(java.lang.Object, java.lang.Object)'> (0x00000000eae3f970) thrown at [./src/hotspot/share/interpreter/linkResolver.cpp, line 773]
Event: 48.703 Thread 0x000001bc3750d000 Exception <a 'java/lang/NoSuchMethodError'{0x00000000eae7bc28}: 'void java.lang.invoke.DirectMethodHandle$Holder.invokeSpecial(java.lang.Object, java.lang.Object, int, java.lang.Object)'> (0x00000000eae7bc28) thrown at [./src/hotspot/share/interpreter/linkResolver.cpp, line 773]
Event: 48.847 Thread 0x000001bc3750d000 Exception <a 'java/lang/NoSuchMethodError'{0x00000000eabc9010}: 'java.lang.Object java.lang.invoke.DirectMethodHandle$Holder.invokeVirtual(java.lang.Object, java.lang.Object, int, java.lang.Object)'> (0x00000000eabc9010) thrown at [./src/hotspot/share/interpreter/linkResolver.cpp, line 773]
Event: 48.901 Thread 0x000001bc3750d000 Exception <a 'java/lang/NoSuchMethodError'{0x00000000ea928ea0}: 'void java.lang.invoke.DirectMethodHandle$Holder.invokeVirtual(java.lang.Object, java.lang.Object, int, java.lang.Object)'> (0x00000000ea928ea0) thrown at [./src/hotspot/share/interpreter/linkResolver.cpp, line 773]
Event: 49.026 Thread 0x000001bc3750d000 Exception <a 'java/lang/NoSuchMethodError'{0x00000000ea7e15b8}: 'java.lang.Object java.lang.invoke.DirectMethodHandle$Holder.newInvokeSpecial(java.lang.Object, int)'> (0x00000000ea7e15b8) thrown at [./src/hotspot/share/interpreter/linkResolver.cpp, line 773]
Event: 50.037 Thread 0x000001bc3750d000 Implicit null exception at 0x000001bc2c0ad190 to 0x000001bc2c0ad29c
Event: 50.975 Thread 0x000001bc3750d000 Implicit null exception at 0x000001bc2bb0e66b to 0x000001bc2bb0e68c
Event: 61.075 Thread 0x000001bc3750d000 Exception <a 'java/lang/NoSuchMethodError'{0x00000000ec25a698}: 'int java.lang.invoke.DirectMethodHandle$Holder.invokeInterface(java.lang.Object, java.lang.Object, int)'> (0x00000000ec25a698) thrown at [./src/hotspot/share/interpreter/linkResolver.cpp, line 773]
Event: 74.706 Thread 0x000001bc3750d000 Exception <a 'java/lang/NoSuchMethodError'{0x00000000ed03bf20}: 'void java.lang.invoke.DirectMethodHandle$Holder.invokeStatic(java.lang.Object, java.lang.Object, java.lang.Object, java.lang.Object, java.lang.Object, java.lang.Object, java.lang.Object, java.lang.Object, java.lang.Object, java.lang.Object, java.lang.Object)'> (0x00000000ed03bf20) thrown at [./src/hotspot/share/interpreter/linkResolver.cpp, line 773]
Event: 74.707 Thread 0x000001bc3750d000 Exception <a 'java/lang/NoSuchMethodError'{0x00000000ed046df0}: 'java.lang.Object java.lang.invoke.DirectMethodHandle$Holder.invokeSpecial(java.lang.Object, java.lang.Object, java.lang.Object, java.lang.Object, java.lang.Object, java.lang.Object, java.lang.Object, java.lang.Object, java.lang.Object, java.lang.Object)'> (0x00000000ed046df0) thrown at [./src/hotspot/share/interpreter/linkResolver.cpp, line 773]
Event: 74.707 Thread 0x000001bc3750d000 Exception <a 'java/lang/NoSuchMethodError'{0x00000000ed04b430}: 'java.lang.Object java.lang.invoke.Invokers$Holder.linkToTargetMethod(java.lang.Object, java.lang.Object, java.lang.Object, java.lang.Object, java.lang.Object, java.lang.Object, java.lang.Object, java.lang.Object, java.lang.Object)'> (0x00000000ed04b430) thrown at [./src/hotspot/share/interpreter/linkResolver.cpp, line 773]

Events (20 events):
Event: 75.565 loading class com/android/tools/r8/graph/S$j
Event: 75.565 loading class com/android/tools/r8/graph/S$j done
Event: 75.565 loading class com/android/tools/r8/graph/S$j
Event: 75.565 loading class com/android/tools/r8/graph/S$j done
Event: 75.566 loading class com/android/tools/r8/graph/S$j
Event: 75.566 loading class com/android/tools/r8/graph/S$j done
Event: 75.566 loading class com/android/tools/r8/graph/q0
Event: 75.566 loading class com/android/tools/r8/graph/q0 done
Event: 75.566 loading class com/android/tools/r8/graph/q0
Event: 75.566 loading class com/android/tools/r8/graph/q0 done
Event: 75.566 loading class com/android/tools/r8/graph/S$j
Event: 75.566 loading class com/android/tools/r8/graph/S$j done
Event: 75.566 loading class com/android/tools/r8/graph/S$j
Event: 75.566 loading class com/android/tools/r8/graph/S$j done
Event: 75.566 loading class com/android/tools/r8/graph/r0
Event: 75.566 loading class com/android/tools/r8/graph/r0 done
Event: 75.566 loading class com/android/tools/r8/graph/r0
Event: 75.566 loading class com/android/tools/r8/graph/r0 done
Event: 75.566 loading class com/android/tools/r8/graph/S$j
Event: 75.566 loading class com/android/tools/r8/graph/S$j done


Dynamic libraries:
0x00007ff676440000 - 0x00007ff67644a000 	C:\Program Files\Android\Android Studio\jre\bin\java.exe
0x00007ffb68bd0000 - 0x00007ffb68dc5000 	C:\Windows\SYSTEM32\ntdll.dll
0x00007ffb670f0000 - 0x00007ffb671ae000 	C:\Windows\System32\KERNEL32.DLL
0x00007ffb66680000 - 0x00007ffb66948000 	C:\Windows\System32\KERNELBASE.dll
0x00007ffb63a30000 - 0x00007ffb63ac0000 	C:\Windows\SYSTEM32\apphelp.dll
0x00007ffb669b0000 - 0x00007ffb66ab0000 	C:\Windows\System32\ucrtbase.dll
0x00007ffb56c30000 - 0x00007ffb56c47000 	C:\Program Files\Android\Android Studio\jre\bin\VCRUNTIME140.dll
0x00007ffb56c10000 - 0x00007ffb56c29000 	C:\Program Files\Android\Android Studio\jre\bin\jli.dll
0x00007ffb687d0000 - 0x00007ffb68971000 	C:\Windows\System32\USER32.dll
0x00007ffb66980000 - 0x00007ffb669a2000 	C:\Windows\System32\win32u.dll
0x00007ffb67ef0000 - 0x00007ffb67f1b000 	C:\Windows\System32\GDI32.dll
0x00007ffb66b00000 - 0x00007ffb66c0d000 	C:\Windows\System32\gdi32full.dll
0x00007ffb662e0000 - 0x00007ffb6637d000 	C:\Windows\System32\msvcp_win.dll
0x00007ffb52820000 - 0x00007ffb52aba000 	C:\Windows\WinSxS\amd64_microsoft.windows.common-controls_6595b64144ccf1df_6.0.19041.1110_none_60b5254171f9507e\COMCTL32.dll
0x00007ffb66c10000 - 0x00007ffb66cae000 	C:\Windows\System32\msvcrt.dll
0x00007ffb66d60000 - 0x00007ffb66d90000 	C:\Windows\System32\IMM32.DLL
0x00007ffb46a50000 - 0x00007ffb46aed000 	C:\Program Files\Android\Android Studio\jre\bin\msvcp140.dll
0x00007ffaffc00000 - 0x00007ffb006cf000 	C:\Program Files\Android\Android Studio\jre\bin\server\jvm.dll
0x00007ffb67670000 - 0x00007ffb6771c000 	C:\Windows\System32\ADVAPI32.dll
0x00007ffb67f20000 - 0x00007ffb67fbb000 	C:\Windows\System32\sechost.dll
0x00007ffb68a60000 - 0x00007ffb68b8a000 	C:\Windows\System32\RPCRT4.dll
0x00007ffb68980000 - 0x00007ffb68988000 	C:\Windows\System32\PSAPI.DLL
0x00007ffb55580000 - 0x00007ffb555a7000 	C:\Windows\SYSTEM32\WINMM.dll
0x00007ffb50140000 - 0x00007ffb50149000 	C:\Windows\SYSTEM32\WSOCK32.dll
0x00007ffb674c0000 - 0x00007ffb6752b000 	C:\Windows\System32\WS2_32.dll
0x00007ffb5aee0000 - 0x00007ffb5aeea000 	C:\Windows\SYSTEM32\VERSION.dll
0x00007ffb641d0000 - 0x00007ffb641e2000 	C:\Windows\SYSTEM32\kernel.appcore.dll
0x00007ffb4fc70000 - 0x00007ffb4fc81000 	C:\Program Files\Android\Android Studio\jre\bin\verify.dll
0x00007ffb556e0000 - 0x00007ffb558c4000 	C:\Windows\SYSTEM32\DBGHELP.DLL
0x00007ffb55110000 - 0x00007ffb5513c000 	C:\Windows\SYSTEM32\dbgcore.DLL
0x00007ffb665f0000 - 0x00007ffb66672000 	C:\Windows\System32\bcryptPrimitives.dll
0x00007ffb45ca0000 - 0x00007ffb45cc9000 	C:\Program Files\Android\Android Studio\jre\bin\java.dll
0x00007ffb4fbd0000 - 0x00007ffb4fbdb000 	C:\Program Files\Android\Android Studio\jre\bin\jimage.dll
0x00007ffb4fa40000 - 0x00007ffb4fa58000 	C:\Program Files\Android\Android Studio\jre\bin\zip.dll
0x00007ffb67720000 - 0x00007ffb67e64000 	C:\Windows\System32\SHELL32.dll
0x00007ffb643d0000 - 0x00007ffb64b64000 	C:\Windows\SYSTEM32\windows.storage.dll
0x00007ffb66d90000 - 0x00007ffb670e5000 	C:\Windows\System32\combase.dll
0x00007ffb65cc0000 - 0x00007ffb65cee000 	C:\Windows\SYSTEM32\Wldp.dll
0x00007ffb672b0000 - 0x00007ffb6735d000 	C:\Windows\System32\SHCORE.dll
0x00007ffb68560000 - 0x00007ffb685b5000 	C:\Windows\System32\shlwapi.dll
0x00007ffb66220000 - 0x00007ffb6623f000 	C:\Windows\SYSTEM32\profapi.dll
0x00007ffb4f830000 - 0x00007ffb4f84a000 	C:\Program Files\Android\Android Studio\jre\bin\net.dll
0x00007ffb57980000 - 0x00007ffb57a8c000 	C:\Windows\SYSTEM32\WINHTTP.dll
0x00007ffb659c0000 - 0x00007ffb65a2a000 	C:\Windows\system32\mswsock.dll
0x00007ffb47210000 - 0x00007ffb47224000 	C:\Program Files\Android\Android Studio\jre\bin\nio.dll
0x00007ffb40a80000 - 0x00007ffb40aa7000 	C:\Users\mohak\.gradle\native\e1d6ef7f7dcc3fd88c89a11ec53ec762bb8ba0a96d01ffa2cd45eb1d1d8dd5c5\windows-amd64\native-platform.dll
0x00007ffb42240000 - 0x00007ffb42384000 	C:\Users\mohak\.gradle\native\5664cfc778a61ccfe75a443a1ab52a65af34e5dc3c78e0209fed803814484fcb\windows-amd64\native-platform-file-events.dll
0x00007ffb4f000000 - 0x00007ffb4f00a000 	C:\Program Files\Android\Android Studio\jre\bin\management.dll
0x00007ffb4ed60000 - 0x00007ffb4ed6c000 	C:\Program Files\Android\Android Studio\jre\bin\management_ext.dll
0x00007ffb65c10000 - 0x00007ffb65c28000 	C:\Windows\SYSTEM32\CRYPTSP.dll
0x00007ffb65340000 - 0x00007ffb65374000 	C:\Windows\system32\rsaenh.dll
0x00007ffb66950000 - 0x00007ffb66977000 	C:\Windows\System32\bcrypt.dll
0x00007ffb661e0000 - 0x00007ffb6620e000 	C:\Windows\SYSTEM32\USERENV.dll
0x00007ffb65c30000 - 0x00007ffb65c3c000 	C:\Windows\SYSTEM32\CRYPTBASE.dll
0x00007ffb656b0000 - 0x00007ffb656eb000 	C:\Windows\SYSTEM32\IPHLPAPI.DLL
0x00007ffb671b0000 - 0x00007ffb671b8000 	C:\Windows\System32\NSI.dll
0x00007ffb5d530000 - 0x00007ffb5d547000 	C:\Windows\SYSTEM32\dhcpcsvc6.DLL
0x00007ffb5e1d0000 - 0x00007ffb5e1ed000 	C:\Windows\SYSTEM32\dhcpcsvc.DLL
0x00007ffb656f0000 - 0x00007ffb657bb000 	C:\Windows\SYSTEM32\DNSAPI.dll

dbghelp: loaded successfully - version: 4.0.5 - missing functions: none
symbol engine: initialized successfully - sym options: 0x614 - pdb path: .;C:\Program Files\Android\Android Studio\jre\bin;C:\Windows\SYSTEM32;C:\Windows\WinSxS\amd64_microsoft.windows.common-controls_6595b64144ccf1df_6.0.19041.1110_none_60b5254171f9507e;C:\Program Files\Android\Android Studio\jre\bin\server;C:\Users\mohak\.gradle\native\e1d6ef7f7dcc3fd88c89a11ec53ec762bb8ba0a96d01ffa2cd45eb1d1d8dd5c5\windows-amd64;C:\Users\mohak\.gradle\native\5664cfc778a61ccfe75a443a1ab52a65af34e5dc3c78e0209fed803814484fcb\windows-amd64

VM Arguments:
jvm_args: --add-opens=java.base/java.util=ALL-UNNAMED --add-opens=java.base/java.lang=ALL-UNNAMED --add-opens=java.base/java.lang.invoke=ALL-UNNAMED --add-opens=java.base/java.util=ALL-UNNAMED --add-opens=java.prefs/java.util.prefs=ALL-UNNAMED --add-opens=java.prefs/java.util.prefs=ALL-UNNAMED --add-opens=java.base/java.nio.charset=ALL-UNNAMED --add-opens=java.base/java.net=ALL-UNNAMED --add-opens=java.base/java.util.concurrent.atomic=ALL-UNNAMED -XX:MaxMetaspaceSize=256m -XX:+HeapDumpOnOutOfMemoryError -Xms256m -Xmx512m -Dfile.encoding=windows-1252 -Duser.country=US -Duser.language=en -Duser.variant 
java_command: org.gradle.launcher.daemon.bootstrap.GradleDaemon 7.2
java_class_path (initial): C:\Users\mohak\.gradle\wrapper\dists\gradle-7.2-all\260hg96vuh6ex27h9vo47iv4d\gradle-7.2\lib\gradle-launcher-7.2.jar
Launcher Type: SUN_STANDARD

[Global flags]
     intx CICompilerCount                          = 3                                         {product} {ergonomic}
   size_t CompressedClassSpaceSize                 = 260046848                                 {product} {ergonomic}
     uint ConcGCThreads                            = 1                                         {product} {ergonomic}
     uint G1ConcRefinementThreads                  = 4                                         {product} {ergonomic}
   size_t G1HeapRegionSize                         = 1048576                                   {product} {ergonomic}
    uintx GCDrainStackTargetSize                   = 64                                        {product} {ergonomic}
     bool HeapDumpOnOutOfMemoryError               = true                                   {manageable} {command line}
   size_t InitialHeapSize                          = 268435456                                 {product} {command line}
   size_t MarkStackSize                            = 4194304                                   {product} {ergonomic}
   size_t MaxHeapSize                              = 536870912                                 {product} {command line}
   size_t MaxMetaspaceSize                         = 268435456                                 {product} {command line}
   size_t MaxNewSize                               = 321912832                                 {product} {ergonomic}
   size_t MinHeapDeltaBytes                        = 1048576                                   {product} {ergonomic}
    uintx NonNMethodCodeHeapSize                   = 5830732                                {pd product} {ergonomic}
    uintx NonProfiledCodeHeapSize                  = 122913754                              {pd product} {ergonomic}
    uintx ProfiledCodeHeapSize                     = 122913754                              {pd product} {ergonomic}
    uintx ReservedCodeCacheSize                    = 251658240                              {pd product} {ergonomic}
     bool SegmentedCodeCache                       = true                                      {product} {ergonomic}
     bool UseCompressedClassPointers               = true                                 {lp64_product} {ergonomic}
     bool UseCompressedOops                        = true                                 {lp64_product} {ergonomic}
     bool UseG1GC                                  = true                                      {product} {ergonomic}
     bool UseLargePagesIndividualAllocation        = false                                  {pd product} {ergonomic}

Logging:
Log output configuration:
 #0: stdout all=warning uptime,level,tags
 #1: stderr all=off uptime,level,tags

Environment Variables:
PATH=C:\Program Files\Common Files\Oracle\Java\javapath;C:\Windows\system32;C:\Windows;C:\Windows\System32\Wbem;C:\Windows\System32\WindowsPowerShell\v1.0\;C:\Windows\System32\OpenSSH\;C:\Program Files\nodejs\;C:\Program Files (x86)\Yarn\bin\;C:\Program Files\Git\cmd;C:\Program Files (x86)\AMD\ATI.ACE\Core-Static;C:\Program Files\MySQL\MySQL Shell 8.0\bin\;C:\Users\mohak\AppData\Local\Microsoft\WindowsApps;C:\Users\mohak\AppData\Local\Programs\Microsoft VS Code\bin;C:\Users\mohak\AppData\Roaming\npm;C:\Users\mohak\AppData\Local\Yarn\bin;C:\Users\mohak\AppData\Local\hyper\app-3.0.2\resources\bin;C:\Program Files\heroku\bin;C:\Users\mohak\AppData\Local\gitkraken\bin;C:\Users\mohak\AppData\Local\Android\Sdk\platform-tools;
USERNAME=mohak
OS=Windows_NT
PROCESSOR_IDENTIFIER=Intel64 Family 6 Model 60 Stepping 3, GenuineIntel



---------------  S Y S T E M  ---------------

OS: Windows 10 , 64 bit Build 19041 (10.0.19041.1348)
OS uptime: 0 days 13:15 hours

CPU:total 4 (initial active 4) (2 cores per cpu, 2 threads per core) family 6 model 60 stepping 3 microcode 0x28, cmov, cx8, fxsr, mmx, sse, sse2, sse3, ssse3, sse4.1, sse4.2, popcnt, avx, avx2, aes, clmul, erms, lzcnt, ht, tsc, tscinvbit, bmi1, bmi2, fma

Memory: 4k page, system-wide physical 12169M (811M free)
TotalPageFile size 16265M (AvailPageFile size 2M)
current process WorkingSet (physical memory assigned to process): 602M, peak: 627M
current process commit charge ("private bytes"): 662M, peak: 689M

vm_info: OpenJDK 64-Bit Server VM (11.0.10+0-b96-7249189) for windows-amd64 JRE (11.0.10+0-b96-7249189), built on Mar 31 2021 21:44:00 by "builder" with MS VC++ 14.0 (VS2015)

END.
