#
# There is insufficient memory for the Java Runtime Environment to continue.
# Native memory allocation (malloc) failed to allocate 1128176 bytes for Chunk::new
# Possible reasons:
#   The system is out of physical RAM or swap space
#   The process is running with CompressedOops enabled, and the Java Heap may be blocking the growth of the native heap
# Possible solutions:
#   Reduce memory load on the system
#   Increase physical memory or swap space
#   Check if swap backing store is full
#   Decrease Java heap size (-Xmx/-Xms)
#   Decrease number of Java threads
#   Decrease Java thread stack sizes (-Xss)
#   Set larger code cache with -XX:ReservedCodeCacheSize=
#   JVM is running with Unscaled Compressed Oops mode in which the Java heap is
#     placed in the first 4GB address space. The Java Heap base address is the
#     maximum limit for the native heap growth. Please use -XX:HeapBaseMinAddress
#     to set the Java Heap base and to place the Java Heap above 4GB virtual address.
# This output file may be truncated or incomplete.
#
#  Out of Memory Error (./src/hotspot/share/memory/arena.cpp:197), pid=10448, tid=13348
#
# JRE version: OpenJDK Runtime Environment (11.0.10) (build 11.0.10+0-b96-7249189)
# Java VM: OpenJDK 64-Bit Server VM (11.0.10+0-b96-7249189, mixed mode, tiered, compressed oops, g1 gc, windows-amd64)
# No core dump will be written. Minidumps are not enabled by default on client versions of Windows
#

---------------  S U M M A R Y ------------

Command Line: -XX:MaxMetaspaceSize=256m -XX:+HeapDumpOnOutOfMemoryError --add-opens=java.base/java.util=ALL-UNNAMED --add-opens=java.base/java.lang=ALL-UNNAMED --add-opens=java.base/java.lang.invoke=ALL-UNNAMED --add-opens=java.base/java.util=ALL-UNNAMED --add-opens=java.prefs/java.util.prefs=ALL-UNNAMED --add-opens=java.prefs/java.util.prefs=ALL-UNNAMED --add-opens=java.base/java.nio.charset=ALL-UNNAMED --add-opens=java.base/java.net=ALL-UNNAMED --add-opens=java.base/java.util.concurrent.atomic=ALL-UNNAMED -Xms256m -Xmx512m -Dfile.encoding=windows-1252 -Duser.country=US -Duser.language=en -Duser.variant org.gradle.launcher.daemon.bootstrap.GradleDaemon 7.2

Host: Intel(R) Core(TM) i5-4200M CPU @ 2.50GHz, 4 cores, 11G,  Windows 10 , 64 bit Build 19041 (10.0.19041.1348)
Time: Fri Jan 21 00:31:58 2022 Egypt Standard Time elapsed time: 580.516123 seconds (0d 0h 9m 40s)

---------------  T H R E A D  ---------------

Current thread (0x000001c2d6932000):  JavaThread "C2 CompilerThread0" daemon [_thread_in_native, id=13348, stack(0x0000000a33800000,0x0000000a33900000)]


Current CompileTask:
C2: 580516 17949       4       sun.reflect.generics.parser.SignatureParser::parsePackageNameAndSimpleClassTypeSignature (119 bytes)

Stack: [0x0000000a33800000,0x0000000a33900000]
Native frames: (J=compiled Java code, j=interpreted, Vv=VM code, C=native code)
V  [jvm.dll+0x5ecfaa]
V  [jvm.dll+0x722bd5]
V  [jvm.dll+0x72412d]
V  [jvm.dll+0x7247e3]
V  [jvm.dll+0x242928]
V  [jvm.dll+0xbc4fc]
V  [jvm.dll+0xbca0c]
V  [jvm.dll+0x352d3b]
V  [jvm.dll+0x320ad3]
V  [jvm.dll+0x31ffca]
V  [jvm.dll+0x1fb602]
V  [jvm.dll+0x1fa7f4]
V  [jvm.dll+0x18354c]
V  [jvm.dll+0x208ee7]
V  [jvm.dll+0x207731]
V  [jvm.dll+0x6eb1cf]
V  [jvm.dll+0x6e3d45]
V  [jvm.dll+0x5ebe96]
C  [ucrtbase.dll+0x21bb2]
C  [KERNEL32.DLL+0x17034]
C  [ntdll.dll+0x52651]


---------------  P R O C E S S  ---------------

Threads class SMR info:
_java_thread_list=0x000001c2e1050500, length=89, elements={
0x000001c2be6db000, 0x000001c2d6911000, 0x000001c2d6914800, 0x000001c2d692b800,
0x000001c2d692d800, 0x000001c2d6930800, 0x000001c2d6932000, 0x000001c2d6933800,
0x000001c2d72ef000, 0x000001c2d73dd800, 0x000001c2d92b4800, 0x000001c2da59a000,
0x000001c2d74c1000, 0x000001c2d92fc800, 0x000001c2d92fe000, 0x000001c2d9300800,
0x000001c2d92ff800, 0x000001c2d9301800, 0x000001c2d9303000, 0x000001c2d92fd800,
0x000001c2d9e8e800, 0x000001c2d9e93800, 0x000001c2d9e92000, 0x000001c2d9e91000,
0x000001c2d9589800, 0x000001c2d9581800, 0x000001c2d9582000, 0x000001c2d9583000,
0x000001c2d957f000, 0x000001c2d9584000, 0x000001c2d957f800, 0x000001c2d957e000,
0x000001c2d9580800, 0x000001c2d9588800, 0x000001c2d9585800, 0x000001c2d9584800,
0x000001c2d958b000, 0x000001c2d9586000, 0x000001c2d9587000, 0x000001c2d9e8f800,
0x000001c2d9e98800, 0x000001c2d9e95000, 0x000001c2d9e96000, 0x000001c2d9e93000,
0x000001c2d9e97800, 0x000001c2d9e99800, 0x000001c2d9e9a000, 0x000001c2d9e94800,
0x000001c2d9e9b000, 0x000001c2d9e9c800, 0x000001c2d9e9d800, 0x000001c2d9e9b800,
0x000001c2d9302000, 0x000001c2d92ff000, 0x000001c2dd04c800, 0x000001c2dd04a800,
0x000001c2dd04b800, 0x000001c2dd04d000, 0x000001c2dd047800, 0x000001c2dd048000,
0x000001c2dd049000, 0x000001c2dd04e000, 0x000001c2dd04e800, 0x000001c2dd04f800,
0x000001c2dd04a000, 0x000001c2dd053800, 0x000001c2dd055800, 0x000001c2dd052000,
0x000001c2dd056000, 0x000001c2dd054800, 0x000001c2dd050800, 0x000001c2dd051000,
0x000001c2dd053000, 0x000001c2dd9df800, 0x000001c2dd9e0000, 0x000001c2dd9dd000,
0x000001c2dd9db000, 0x000001c2dd9de800, 0x000001c2dd9e1000, 0x000001c2dd9dd800,
0x000001c2dd9e2000, 0x000001c2dd9dc000, 0x000001c2dd9e5000, 0x000001c2dd9e2800,
0x000001c2dd9e6000, 0x000001c2dd9e4000, 0x000001c2dd9e7800, 0x000001c2dd9e3800,
0x000001c2dd9e9000
}

Java Threads: ( => current thread )
  0x000001c2be6db000 JavaThread "main" [_thread_blocked, id=5256, stack(0x0000000a32c00000,0x0000000a32d00000)]
  0x000001c2d6911000 JavaThread "Reference Handler" daemon [_thread_blocked, id=3260, stack(0x0000000a33300000,0x0000000a33400000)]
  0x000001c2d6914800 JavaThread "Finalizer" daemon [_thread_blocked, id=11944, stack(0x0000000a33400000,0x0000000a33500000)]
  0x000001c2d692b800 JavaThread "Signal Dispatcher" daemon [_thread_blocked, id=11892, stack(0x0000000a33500000,0x0000000a33600000)]
  0x000001c2d692d800 JavaThread "Attach Listener" daemon [_thread_blocked, id=11552, stack(0x0000000a33600000,0x0000000a33700000)]
  0x000001c2d6930800 JavaThread "Service Thread" daemon [_thread_blocked, id=4416, stack(0x0000000a33700000,0x0000000a33800000)]
=>0x000001c2d6932000 JavaThread "C2 CompilerThread0" daemon [_thread_in_native, id=13348, stack(0x0000000a33800000,0x0000000a33900000)]
  0x000001c2d6933800 JavaThread "C1 CompilerThread0" daemon [_thread_blocked, id=17248, stack(0x0000000a33900000,0x0000000a33a00000)]
  0x000001c2d72ef000 JavaThread "Sweeper thread" daemon [_thread_blocked, id=5072, stack(0x0000000a33a00000,0x0000000a33b00000)]
  0x000001c2d73dd800 JavaThread "Common-Cleaner" daemon [_thread_blocked, id=300, stack(0x0000000a33b00000,0x0000000a33c00000)]
  0x000001c2d92b4800 JavaThread "Daemon health stats" [_thread_blocked, id=14032, stack(0x0000000a34100000,0x0000000a34200000)]
  0x000001c2da59a000 JavaThread "Incoming local TCP Connector on port 51914" [_thread_in_native, id=12616, stack(0x0000000a33d00000,0x0000000a33e00000)]
  0x000001c2d74c1000 JavaThread "Daemon periodic checks" [_thread_blocked, id=11880, stack(0x0000000a34200000,0x0000000a34300000)]
  0x000001c2d92fc800 JavaThread "Cache worker for journal cache (C:\Users\mohak\.gradle\caches\journal-1)" [_thread_blocked, id=15252, stack(0x0000000a34a00000,0x0000000a34b00000)]
  0x000001c2d92fe000 JavaThread "File lock request listener" [_thread_in_native, id=9236, stack(0x0000000a34b00000,0x0000000a34c00000)]
  0x000001c2d9300800 JavaThread "Cache worker for file hash cache (C:\Users\mohak\.gradle\caches\7.2\fileHashes)" [_thread_blocked, id=11232, stack(0x0000000a34c00000,0x0000000a34d00000)]
  0x000001c2d92ff800 JavaThread "File watcher server" daemon [_thread_in_native, id=10356, stack(0x0000000a34f00000,0x0000000a35000000)]
  0x000001c2d9301800 JavaThread "File watcher consumer" daemon [_thread_in_Java, id=16592, stack(0x0000000a35000000,0x0000000a35100000)]
  0x000001c2d9303000 JavaThread "jar transforms" [_thread_blocked, id=14620, stack(0x0000000a35100000,0x0000000a35200000)]
  0x000001c2d92fd800 JavaThread "jar transforms Thread 2" [_thread_blocked, id=14440, stack(0x0000000a35200000,0x0000000a35300000)]
  0x000001c2d9e8e800 JavaThread "jar transforms Thread 3" [_thread_blocked, id=14876, stack(0x0000000a35300000,0x0000000a35400000)]
  0x000001c2d9e93800 JavaThread "jar transforms Thread 4" [_thread_blocked, id=13636, stack(0x0000000a35400000,0x0000000a35500000)]
  0x000001c2d9e92000 JavaThread "Cache worker for execution history cache (C:\Users\mohak\.gradle\caches\7.2\executionHistory)" [_thread_blocked, id=15244, stack(0x0000000a35800000,0x0000000a35900000)]
  0x000001c2d9e91000 JavaThread "Cache worker for file content cache (C:\Users\mohak\.gradle\caches\7.2\fileContent)" [_thread_blocked, id=10192, stack(0x0000000a35900000,0x0000000a35a00000)]
  0x000001c2d9589800 JavaThread "Memory manager" [_thread_blocked, id=6544, stack(0x0000000a38400000,0x0000000a38500000)]
  0x000001c2d9581800 JavaThread "Daemon Thread 2" [_thread_blocked, id=11044, stack(0x0000000a32900000,0x0000000a32a00000)]
  0x000001c2d9582000 JavaThread "Handler for socket connection from /127.0.0.1:51914 to /127.0.0.1:52006" [_thread_in_native, id=16104, stack(0x0000000a32a00000,0x0000000a32b00000)]
  0x000001c2d9583000 JavaThread "Cancel handler" [_thread_blocked, id=1416, stack(0x0000000a32b00000,0x0000000a32c00000)]
  0x000001c2d957f000 JavaThread "Daemon worker Thread 2" [_thread_blocked, id=16424, stack(0x0000000a34300000,0x0000000a34400000)]
  0x000001c2d9584000 JavaThread "Asynchronous log dispatcher for DefaultDaemonConnection: socket connection from /127.0.0.1:51914 to /127.0.0.1:52006" [_thread_blocked, id=10316, stack(0x0000000a34400000,0x0000000a34500000)]
  0x000001c2d957f800 JavaThread "Stdin handler" [_thread_blocked, id=1316, stack(0x0000000a34500000,0x0000000a34600000)]
  0x000001c2d957e000 JavaThread "Daemon client event forwarder" [_thread_blocked, id=2960, stack(0x0000000a34600000,0x0000000a34700000)]
  0x000001c2d9580800 JavaThread "Cache worker for file hash cache (C:\Users\mohak\Desktop\Repos\news-portal-mobile-app\android\.gradle\7.2\fileHashes)" [_thread_blocked, id=1668, stack(0x0000000a34700000,0x0000000a34800000)]
  0x000001c2d9588800 JavaThread "Cache worker for checksums cache (C:\Users\mohak\Desktop\Repos\news-portal-mobile-app\android\.gradle\checksums)" [_thread_blocked, id=6952, stack(0x0000000a34800000,0x0000000a34900000)]
  0x000001c2d9585800 JavaThread "Cache worker for cache directory md-supplier (C:\Users\mohak\.gradle\caches\7.2\md-supplier)" [_thread_blocked, id=14860, stack(0x0000000a34900000,0x0000000a34a00000)]
  0x000001c2d9584800 JavaThread "Cache worker for cache directory md-rule (C:\Users\mohak\.gradle\caches\7.2\md-rule)" [_thread_blocked, id=15352, stack(0x0000000a34d00000,0x0000000a34e00000)]
  0x000001c2d958b000 JavaThread "Cache worker for dependencies-accessors (C:\Users\mohak\Desktop\Repos\news-portal-mobile-app\android\.gradle\7.2\dependencies-accessors)" [_thread_blocked, id=9084, stack(0x0000000a34e00000,0x0000000a34f00000)]
  0x000001c2d9586000 JavaThread "Cache worker for Build Output Cleanup Cache (C:\Users\mohak\Desktop\Repos\news-portal-mobile-app\android\.gradle\buildOutputCleanup)" [_thread_blocked, id=13912, stack(0x0000000a35600000,0x0000000a35700000)]
  0x000001c2d9587000 JavaThread "Unconstrained build operations" [_thread_blocked, id=16824, stack(0x0000000a35700000,0x0000000a35800000)]
  0x000001c2d9e8f800 JavaThread "Unconstrained build operations Thread 2" [_thread_blocked, id=7984, stack(0x0000000a35a00000,0x0000000a35b00000)]
  0x000001c2d9e98800 JavaThread "Unconstrained build operations Thread 3" [_thread_blocked, id=13352, stack(0x0000000a35b00000,0x0000000a35c00000)]
  0x000001c2d9e95000 JavaThread "Unconstrained build operations Thread 4" [_thread_blocked, id=12412, stack(0x0000000a35c00000,0x0000000a35d00000)]
  0x000001c2d9e96000 JavaThread "Unconstrained build operations Thread 5" [_thread_blocked, id=11728, stack(0x0000000a35d00000,0x0000000a35e00000)]
  0x000001c2d9e93000 JavaThread "Unconstrained build operations Thread 6" [_thread_blocked, id=10928, stack(0x0000000a35e00000,0x0000000a35f00000)]
  0x000001c2d9e97800 JavaThread "Unconstrained build operations Thread 7" [_thread_blocked, id=9768, stack(0x0000000a35f00000,0x0000000a36000000)]
  0x000001c2d9e99800 JavaThread "Unconstrained build operations Thread 8" [_thread_blocked, id=1128, stack(0x0000000a36000000,0x0000000a36100000)]
  0x000001c2d9e9a000 JavaThread "Unconstrained build operations Thread 9" [_thread_blocked, id=6660, stack(0x0000000a36100000,0x0000000a36200000)]
  0x000001c2d9e94800 JavaThread "Unconstrained build operations Thread 10" [_thread_blocked, id=9600, stack(0x0000000a36200000,0x0000000a36300000)]
  0x000001c2d9e9b000 JavaThread "Unconstrained build operations Thread 11" [_thread_blocked, id=8792, stack(0x0000000a36300000,0x0000000a36400000)]
  0x000001c2d9e9c800 JavaThread "Unconstrained build operations Thread 12" [_thread_blocked, id=10532, stack(0x0000000a36400000,0x0000000a36500000)]
  0x000001c2d9e9d800 JavaThread "Unconstrained build operations Thread 13" [_thread_blocked, id=15384, stack(0x0000000a36500000,0x0000000a36600000)]
  0x000001c2d9e9b800 JavaThread "Unconstrained build operations Thread 14" [_thread_blocked, id=12012, stack(0x0000000a36600000,0x0000000a36700000)]
  0x000001c2d9302000 JavaThread "Unconstrained build operations Thread 15" [_thread_blocked, id=1876, stack(0x0000000a36700000,0x0000000a36800000)]
  0x000001c2d92ff000 JavaThread "Unconstrained build operations Thread 16" [_thread_blocked, id=16864, stack(0x0000000a36800000,0x0000000a36900000)]
  0x000001c2dd04c800 JavaThread "Unconstrained build operations Thread 17" [_thread_blocked, id=1328, stack(0x0000000a36900000,0x0000000a36a00000)]
  0x000001c2dd04a800 JavaThread "Unconstrained build operations Thread 18" [_thread_blocked, id=15756, stack(0x0000000a36a00000,0x0000000a36b00000)]
  0x000001c2dd04b800 JavaThread "Unconstrained build operations Thread 19" [_thread_blocked, id=3136, stack(0x0000000a36b00000,0x0000000a36c00000)]
  0x000001c2dd04d000 JavaThread "Unconstrained build operations Thread 20" [_thread_blocked, id=11964, stack(0x0000000a36c00000,0x0000000a36d00000)]
  0x000001c2dd047800 JavaThread "Unconstrained build operations Thread 21" [_thread_blocked, id=14264, stack(0x0000000a36d00000,0x0000000a36e00000)]
  0x000001c2dd048000 JavaThread "Unconstrained build operations Thread 22" [_thread_blocked, id=10440, stack(0x0000000a36e00000,0x0000000a36f00000)]
  0x000001c2dd049000 JavaThread "Unconstrained build operations Thread 23" [_thread_blocked, id=2112, stack(0x0000000a36f00000,0x0000000a37000000)]
  0x000001c2dd04e000 JavaThread "Unconstrained build operations Thread 24" [_thread_blocked, id=10588, stack(0x0000000a37000000,0x0000000a37100000)]
  0x000001c2dd04e800 JavaThread "Unconstrained build operations Thread 25" [_thread_blocked, id=10936, stack(0x0000000a37100000,0x0000000a37200000)]
  0x000001c2dd04f800 JavaThread "Unconstrained build operations Thread 26" [_thread_blocked, id=15488, stack(0x0000000a37200000,0x0000000a37300000)]
  0x000001c2dd04a000 JavaThread "Unconstrained build operations Thread 27" [_thread_blocked, id=13204, stack(0x0000000a37300000,0x0000000a37400000)]
  0x000001c2dd053800 JavaThread "Unconstrained build operations Thread 28" [_thread_blocked, id=13408, stack(0x0000000a37400000,0x0000000a37500000)]
  0x000001c2dd055800 JavaThread "Unconstrained build operations Thread 29" [_thread_blocked, id=9304, stack(0x0000000a37500000,0x0000000a37600000)]
  0x000001c2dd052000 JavaThread "Unconstrained build operations Thread 30" [_thread_blocked, id=12836, stack(0x0000000a37600000,0x0000000a37700000)]
  0x000001c2dd056000 JavaThread "Unconstrained build operations Thread 31" [_thread_blocked, id=10416, stack(0x0000000a37700000,0x0000000a37800000)]
  0x000001c2dd054800 JavaThread "Unconstrained build operations Thread 32" [_thread_blocked, id=3776, stack(0x0000000a37800000,0x0000000a37900000)]
  0x000001c2dd050800 JavaThread "Unconstrained build operations Thread 33" [_thread_blocked, id=12268, stack(0x0000000a37900000,0x0000000a37a00000)]
  0x000001c2dd051000 JavaThread "Unconstrained build operations Thread 34" [_thread_blocked, id=17112, stack(0x0000000a37a00000,0x0000000a37b00000)]
  0x000001c2dd053000 JavaThread "Unconstrained build operations Thread 35" [_thread_blocked, id=32, stack(0x0000000a37b00000,0x0000000a37c00000)]
  0x000001c2dd9df800 JavaThread "Unconstrained build operations Thread 36" [_thread_blocked, id=13296, stack(0x0000000a37c00000,0x0000000a37d00000)]
  0x000001c2dd9e0000 JavaThread "Unconstrained build operations Thread 37" [_thread_blocked, id=7916, stack(0x0000000a37d00000,0x0000000a37e00000)]
  0x000001c2dd9dd000 JavaThread "Unconstrained build operations Thread 38" [_thread_blocked, id=13604, stack(0x0000000a37e00000,0x0000000a37f00000)]
  0x000001c2dd9db000 JavaThread "Unconstrained build operations Thread 39" [_thread_blocked, id=10292, stack(0x0000000a37f00000,0x0000000a38000000)]
  0x000001c2dd9de800 JavaThread "Unconstrained build operations Thread 40" [_thread_blocked, id=14368, stack(0x0000000a38000000,0x0000000a38100000)]
  0x000001c2dd9e1000 JavaThread "build event listener" [_thread_blocked, id=4932, stack(0x0000000a35500000,0x0000000a35600000)]
  0x000001c2dd9dd800 JavaThread "build event listener" [_thread_blocked, id=10224, stack(0x0000000a38100000,0x0000000a38200000)]
  0x000001c2dd9e2000 JavaThread "Execution worker for ':'" [_thread_in_native, id=12368, stack(0x0000000a38200000,0x0000000a38300000)]
  0x000001c2dd9dc000 JavaThread "Execution worker for ':' Thread 2" [_thread_blocked, id=7560, stack(0x0000000a38300000,0x0000000a38400000)]
  0x000001c2dd9e5000 JavaThread "Execution worker for ':' Thread 3" [_thread_blocked, id=7432, stack(0x0000000a38500000,0x0000000a38600000)]
  0x000001c2dd9e2800 JavaThread "Cache worker for execution history cache (C:\Users\mohak\Desktop\Repos\news-portal-mobile-app\android\.gradle\7.2\executionHistory)" [_thread_blocked, id=3120, stack(0x0000000a38600000,0x0000000a38700000)]
  0x000001c2dd9e6000 JavaThread "WorkerExecutor Queue" [_thread_blocked, id=9892, stack(0x0000000a38800000,0x0000000a38900000)]
  0x000001c2dd9e4000 JavaThread "WorkerExecutor Queue Thread 2" [_thread_blocked, id=3420, stack(0x0000000a38900000,0x0000000a38a00000)]
  0x000001c2dd9e7800 JavaThread "WorkerExecutor Queue Thread 3" [_thread_blocked, id=4924, stack(0x0000000a38b00000,0x0000000a38c00000)]
  0x000001c2dd9e3800 JavaThread "WorkerExecutor Queue Thread 4" [_thread_blocked, id=17028, stack(0x0000000a38c00000,0x0000000a38d00000)]
  0x000001c2dd9e9000 JavaThread "C2 CompilerThread1" daemon [_thread_blocked, id=4088, stack(0x0000000a38a00000,0x0000000a38b00000)]

Other Threads:
  0x000001c2d68ed000 VMThread "VM Thread" [stack: 0x0000000a33200000,0x0000000a33300000] [id=12560]
  0x000001c2d7404800 WatcherThread [stack: 0x0000000a33c00000,0x0000000a33d00000] [id=3308]
  0x000001c2be6f5000 GCTaskThread "GC Thread#0" [stack: 0x0000000a32d00000,0x0000000a32e00000] [id=5160]
  0x000001c2d7c99800 GCTaskThread "GC Thread#1" [stack: 0x0000000a33e00000,0x0000000a33f00000] [id=15852]
  0x000001c2d7fa1800 GCTaskThread "GC Thread#2" [stack: 0x0000000a33f00000,0x0000000a34000000] [id=16224]
  0x000001c2d7b12800 GCTaskThread "GC Thread#3" [stack: 0x0000000a34000000,0x0000000a34100000] [id=2272]
  0x000001c2be704800 ConcurrentGCThread "G1 Main Marker" [stack: 0x0000000a32e00000,0x0000000a32f00000] [id=11272]
  0x000001c2be707000 ConcurrentGCThread "G1 Conc#0" [stack: 0x0000000a32f00000,0x0000000a33000000] [id=8504]
  0x000001c2be7ad800 ConcurrentGCThread "G1 Refine#0" [stack: 0x0000000a33000000,0x0000000a33100000] [id=13860]
  0x000001c2ddc1f000 ConcurrentGCThread "G1 Refine#1" [stack: 0x0000000a38700000,0x0000000a38800000] [id=8276]
  0x000001c2d6786800 ConcurrentGCThread "G1 Young RemSet Sampling" [stack: 0x0000000a33100000,0x0000000a33200000] [id=1832]

Threads with active compile tasks:
C2 CompilerThread0 580563 17949       4       sun.reflect.generics.parser.SignatureParser::parsePackageNameAndSimpleClassTypeSignature (119 bytes)

VM state:not at safepoint (normal execution)

VM Mutex/Monitor currently owned by a thread: None

Heap address: 0x00000000e0000000, size: 512 MB, Compressed Oops mode: 32-bit
Narrow klass base: 0x0000000000000000, Narrow klass shift: 3
Compressed class space size: 260046848 Address: 0x0000000100000000

Heap:
 garbage-first heap   total 284672K, used 130769K [0x00000000e0000000, 0x0000000100000000)
  region size 1024K, 7 young (7168K), 2 survivors (2048K)
 Metaspace       used 119699K, capacity 123074K, committed 123392K, reserved 362496K
  class space    used 14740K, capacity 16010K, committed 16128K, reserved 253952K
Heap Regions: E=young(eden), S=young(survivor), O=old, HS=humongous(starts), HC=humongous(continues), CS=collection set, F=free, A=archive, TAMS=top-at-mark-start (previous, next)
|   0|0x00000000e0000000, 0x00000000e0100000, 0x00000000e0100000|100%| O|  |TAMS 0x00000000e0100000, 0x00000000e0000000| Untracked 
|   1|0x00000000e0100000, 0x00000000e0200000, 0x00000000e0200000|100%| O|  |TAMS 0x00000000e0200000, 0x00000000e0100000| Untracked 
|   2|0x00000000e0200000, 0x00000000e0300000, 0x00000000e0300000|100%| O|  |TAMS 0x00000000e0300000, 0x00000000e0200000| Untracked 
|   3|0x00000000e0300000, 0x00000000e0400000, 0x00000000e0400000|100%|HS|  |TAMS 0x00000000e0400000, 0x00000000e0300000| Complete 
|   4|0x00000000e0400000, 0x00000000e0500000, 0x00000000e0500000|100%|HC|  |TAMS 0x00000000e0500000, 0x00000000e0400000| Complete 
|   5|0x00000000e0500000, 0x00000000e0600000, 0x00000000e0600000|100%|HC|  |TAMS 0x00000000e0600000, 0x00000000e0500000| Complete 
|   6|0x00000000e0600000, 0x00000000e0700000, 0x00000000e0700000|100%| O|  |TAMS 0x00000000e0700000, 0x00000000e0600000| Untracked 
|   7|0x00000000e0700000, 0x00000000e0800000, 0x00000000e0800000|100%| O|  |TAMS 0x00000000e0800000, 0x00000000e0700000| Untracked 
|   8|0x00000000e0800000, 0x00000000e0900000, 0x00000000e0900000|100%| O|  |TAMS 0x00000000e0900000, 0x00000000e0800000| Untracked 
|   9|0x00000000e0900000, 0x00000000e0a00000, 0x00000000e0a00000|100%| O|  |TAMS 0x00000000e0a00000, 0x00000000e0900000| Untracked 
|  10|0x00000000e0a00000, 0x00000000e0b00000, 0x00000000e0b00000|100%| O|  |TAMS 0x00000000e0b00000, 0x00000000e0a00000| Untracked 
|  11|0x00000000e0b00000, 0x00000000e0c00000, 0x00000000e0c00000|100%| O|  |TAMS 0x00000000e0c00000, 0x00000000e0b00000| Untracked 
|  12|0x00000000e0c00000, 0x00000000e0d00000, 0x00000000e0d00000|100%| O|  |TAMS 0x00000000e0d00000, 0x00000000e0c00000| Untracked 
|  13|0x00000000e0d00000, 0x00000000e0e00000, 0x00000000e0e00000|100%| O|  |TAMS 0x00000000e0e00000, 0x00000000e0d00000| Untracked 
|  14|0x00000000e0e00000, 0x00000000e0f00000, 0x00000000e0f00000|100%| O|  |TAMS 0x00000000e0f00000, 0x00000000e0e00000| Untracked 
|  15|0x00000000e0f00000, 0x00000000e1000000, 0x00000000e1000000|100%| O|  |TAMS 0x00000000e1000000, 0x00000000e0f00000| Untracked 
|  16|0x00000000e1000000, 0x00000000e1100000, 0x00000000e1100000|100%|HS|  |TAMS 0x00000000e1100000, 0x00000000e1000000| Complete 
|  17|0x00000000e1100000, 0x00000000e1200000, 0x00000000e1200000|100%|HC|  |TAMS 0x00000000e1200000, 0x00000000e1100000| Complete 
|  18|0x00000000e1200000, 0x00000000e1300000, 0x00000000e1300000|100%|HS|  |TAMS 0x00000000e1300000, 0x00000000e1200000| Complete 
|  19|0x00000000e1300000, 0x00000000e1400000, 0x00000000e1400000|100%|HC|  |TAMS 0x00000000e1400000, 0x00000000e1300000| Complete 
|  20|0x00000000e1400000, 0x00000000e1500000, 0x00000000e1500000|100%|HC|  |TAMS 0x00000000e1500000, 0x00000000e1400000| Complete 
|  21|0x00000000e1500000, 0x00000000e1600000, 0x00000000e1600000|100%|HS|  |TAMS 0x00000000e1600000, 0x00000000e1500000| Complete 
|  22|0x00000000e1600000, 0x00000000e1700000, 0x00000000e1700000|100%|HC|  |TAMS 0x00000000e1700000, 0x00000000e1600000| Complete 
|  23|0x00000000e1700000, 0x00000000e1800000, 0x00000000e1800000|100%|HC|  |TAMS 0x00000000e1800000, 0x00000000e1700000| Complete 
|  24|0x00000000e1800000, 0x00000000e1900000, 0x00000000e1900000|100%|HC|  |TAMS 0x00000000e1900000, 0x00000000e1800000| Complete 
|  25|0x00000000e1900000, 0x00000000e1a00000, 0x00000000e1a00000|100%|HC|  |TAMS 0x00000000e1a00000, 0x00000000e1900000| Complete 
|  26|0x00000000e1a00000, 0x00000000e1b00000, 0x00000000e1b00000|100%|HS|  |TAMS 0x00000000e1b00000, 0x00000000e1a00000| Complete 
|  27|0x00000000e1b00000, 0x00000000e1c00000, 0x00000000e1c00000|100%|HC|  |TAMS 0x00000000e1c00000, 0x00000000e1b00000| Complete 
|  28|0x00000000e1c00000, 0x00000000e1d00000, 0x00000000e1d00000|100%|HC|  |TAMS 0x00000000e1d00000, 0x00000000e1c00000| Complete 
|  29|0x00000000e1d00000, 0x00000000e1e00000, 0x00000000e1e00000|100%|HS|  |TAMS 0x00000000e1e00000, 0x00000000e1d00000| Complete 
|  30|0x00000000e1e00000, 0x00000000e1f00000, 0x00000000e1f00000|100%|HC|  |TAMS 0x00000000e1f00000, 0x00000000e1e00000| Complete 
|  31|0x00000000e1f00000, 0x00000000e2000000, 0x00000000e2000000|100%|HC|  |TAMS 0x00000000e2000000, 0x00000000e1f00000| Complete 
|  32|0x00000000e2000000, 0x00000000e2100000, 0x00000000e2100000|100%|HC|  |TAMS 0x00000000e2100000, 0x00000000e2000000| Complete 
|  33|0x00000000e2100000, 0x00000000e2200000, 0x00000000e2200000|100%|HC|  |TAMS 0x00000000e2200000, 0x00000000e2100000| Complete 
|  34|0x00000000e2200000, 0x00000000e2300000, 0x00000000e2300000|100%| O|  |TAMS 0x00000000e2300000, 0x00000000e2200000| Untracked 
|  35|0x00000000e2300000, 0x00000000e2400000, 0x00000000e2400000|100%| O|  |TAMS 0x00000000e2400000, 0x00000000e2300000| Untracked 
|  36|0x00000000e2400000, 0x00000000e2500000, 0x00000000e2500000|100%| O|  |TAMS 0x00000000e2500000, 0x00000000e2400000| Untracked 
|  37|0x00000000e2500000, 0x00000000e2600000, 0x00000000e2600000|100%| O|  |TAMS 0x00000000e2600000, 0x00000000e2500000| Untracked 
|  38|0x00000000e2600000, 0x00000000e2700000, 0x00000000e2700000|100%| O|  |TAMS 0x00000000e2700000, 0x00000000e2600000| Untracked 
|  39|0x00000000e2700000, 0x00000000e2800000, 0x00000000e2800000|100%| O|  |TAMS 0x00000000e2800000, 0x00000000e2700000| Untracked 
|  40|0x00000000e2800000, 0x00000000e2900000, 0x00000000e2900000|100%| O|  |TAMS 0x00000000e2900000, 0x00000000e2800000| Untracked 
|  41|0x00000000e2900000, 0x00000000e2a00000, 0x00000000e2a00000|100%|HS|  |TAMS 0x00000000e2a00000, 0x00000000e2900000| Complete 
|  42|0x00000000e2a00000, 0x00000000e2b00000, 0x00000000e2b00000|100%| O|  |TAMS 0x00000000e2b00000, 0x00000000e2a00000| Untracked 
|  43|0x00000000e2b00000, 0x00000000e2c00000, 0x00000000e2c00000|100%| O|  |TAMS 0x00000000e2c00000, 0x00000000e2b00000| Untracked 
|  44|0x00000000e2c00000, 0x00000000e2d00000, 0x00000000e2d00000|100%| O|  |TAMS 0x00000000e2d00000, 0x00000000e2c00000| Untracked 
|  45|0x00000000e2d00000, 0x00000000e2e00000, 0x00000000e2e00000|100%| O|  |TAMS 0x00000000e2e00000, 0x00000000e2d00000| Untracked 
|  46|0x00000000e2e00000, 0x00000000e2f00000, 0x00000000e2f00000|100%| O|  |TAMS 0x00000000e2f00000, 0x00000000e2e00000| Untracked 
|  47|0x00000000e2f00000, 0x00000000e3000000, 0x00000000e3000000|100%| O|  |TAMS 0x00000000e3000000, 0x00000000e2f00000| Untracked 
|  48|0x00000000e3000000, 0x00000000e3100000, 0x00000000e3100000|100%| O|  |TAMS 0x00000000e3000000, 0x00000000e3000000| Untracked 
|  49|0x00000000e3100000, 0x00000000e3200000, 0x00000000e3200000|100%|HS|  |TAMS 0x00000000e3200000, 0x00000000e3100000| Complete 
|  50|0x00000000e3200000, 0x00000000e3300000, 0x00000000e3300000|100%|HC|  |TAMS 0x00000000e3300000, 0x00000000e3200000| Complete 
|  51|0x00000000e3300000, 0x00000000e3400000, 0x00000000e3400000|100%| O|  |TAMS 0x00000000e3400000, 0x00000000e3300000| Untracked 
|  52|0x00000000e3400000, 0x00000000e3500000, 0x00000000e3500000|100%| O|  |TAMS 0x00000000e3500000, 0x00000000e3400000| Untracked 
|  53|0x00000000e3500000, 0x00000000e3600000, 0x00000000e3600000|100%| O|  |TAMS 0x00000000e3600000, 0x00000000e3500000| Untracked 
|  54|0x00000000e3600000, 0x00000000e3700000, 0x00000000e3700000|100%| O|  |TAMS 0x00000000e3700000, 0x00000000e3600000| Untracked 
|  55|0x00000000e3700000, 0x00000000e3800000, 0x00000000e3800000|100%| O|  |TAMS 0x00000000e3800000, 0x00000000e3700000| Untracked 
|  56|0x00000000e3800000, 0x00000000e3900000, 0x00000000e3900000|100%|HS|  |TAMS 0x00000000e3900000, 0x00000000e3800000| Complete 
|  57|0x00000000e3900000, 0x00000000e3a00000, 0x00000000e3a00000|100%| O|  |TAMS 0x00000000e3a00000, 0x00000000e3900000| Untracked 
|  58|0x00000000e3a00000, 0x00000000e3b00000, 0x00000000e3b00000|100%| O|  |TAMS 0x00000000e3b00000, 0x00000000e3a00000| Untracked 
|  59|0x00000000e3b00000, 0x00000000e3c00000, 0x00000000e3c00000|100%| O|  |TAMS 0x00000000e3c00000, 0x00000000e3b00000| Untracked 
|  60|0x00000000e3c00000, 0x00000000e3d00000, 0x00000000e3d00000|100%| O|  |TAMS 0x00000000e3c00000, 0x00000000e3c00000| Untracked 
|  61|0x00000000e3d00000, 0x00000000e3e00000, 0x00000000e3e00000|100%| O|  |TAMS 0x00000000e3e00000, 0x00000000e3d00000| Untracked 
|  62|0x00000000e3e00000, 0x00000000e3f00000, 0x00000000e3f00000|100%| O|  |TAMS 0x00000000e3f00000, 0x00000000e3e00000| Untracked 
|  63|0x00000000e3f00000, 0x00000000e3f00000, 0x00000000e4000000|  0%| F|  |TAMS 0x00000000e3f00000, 0x00000000e3f00000| Untracked 
|  64|0x00000000e4000000, 0x00000000e4000000, 0x00000000e4100000|  0%| F|  |TAMS 0x00000000e4000000, 0x00000000e4000000| Untracked 
|  65|0x00000000e4100000, 0x00000000e4200000, 0x00000000e4200000|100%| O|  |TAMS 0x00000000e4100000, 0x00000000e4100000| Untracked 
|  66|0x00000000e4200000, 0x00000000e4300000, 0x00000000e4300000|100%| O|  |TAMS 0x00000000e4300000, 0x00000000e4200000| Untracked 
|  67|0x00000000e4300000, 0x00000000e4400000, 0x00000000e4400000|100%| O|  |TAMS 0x00000000e4400000, 0x00000000e4300000| Untracked 
|  68|0x00000000e4400000, 0x00000000e4500000, 0x00000000e4500000|100%| O|  |TAMS 0x00000000e4500000, 0x00000000e4400000| Untracked 
|  69|0x00000000e4500000, 0x00000000e4600000, 0x00000000e4600000|100%| O|  |TAMS 0x00000000e4600000, 0x00000000e4500000| Untracked 
|  70|0x00000000e4600000, 0x00000000e4700000, 0x00000000e4700000|100%| O|  |TAMS 0x00000000e4700000, 0x00000000e4600000| Untracked 
|  71|0x00000000e4700000, 0x00000000e4700000, 0x00000000e4800000|  0%| F|  |TAMS 0x00000000e4700000, 0x00000000e4700000| Untracked 
|  72|0x00000000e4800000, 0x00000000e4800000, 0x00000000e4900000|  0%| F|  |TAMS 0x00000000e4800000, 0x00000000e4800000| Untracked 
|  73|0x00000000e4900000, 0x00000000e4900000, 0x00000000e4a00000|  0%| F|  |TAMS 0x00000000e4900000, 0x00000000e4900000| Untracked 
|  74|0x00000000e4a00000, 0x00000000e4b00000, 0x00000000e4b00000|100%| O|  |TAMS 0x00000000e4b00000, 0x00000000e4a00000| Untracked 
|  75|0x00000000e4b00000, 0x00000000e4c00000, 0x00000000e4c00000|100%| O|  |TAMS 0x00000000e4c00000, 0x00000000e4b00000| Untracked 
|  76|0x00000000e4c00000, 0x00000000e4d00000, 0x00000000e4d00000|100%| O|  |TAMS 0x00000000e4d00000, 0x00000000e4c00000| Untracked 
|  77|0x00000000e4d00000, 0x00000000e4e00000, 0x00000000e4e00000|100%| O|  |TAMS 0x00000000e4e00000, 0x00000000e4d00000| Untracked 
|  78|0x00000000e4e00000, 0x00000000e4f00000, 0x00000000e4f00000|100%| O|  |TAMS 0x00000000e4f00000, 0x00000000e4e00000| Untracked 
|  79|0x00000000e4f00000, 0x00000000e5000000, 0x00000000e5000000|100%| O|  |TAMS 0x00000000e5000000, 0x00000000e4f00000| Untracked 
|  80|0x00000000e5000000, 0x00000000e5100000, 0x00000000e5100000|100%| O|  |TAMS 0x00000000e5100000, 0x00000000e5000000| Untracked 
|  81|0x00000000e5100000, 0x00000000e5200000, 0x00000000e5200000|100%| O|  |TAMS 0x00000000e5100000, 0x00000000e5100000| Untracked 
|  82|0x00000000e5200000, 0x00000000e5300000, 0x00000000e5300000|100%| O|  |TAMS 0x00000000e5200000, 0x00000000e5200000| Untracked 
|  83|0x00000000e5300000, 0x00000000e5400000, 0x00000000e5400000|100%| O|  |TAMS 0x00000000e5400000, 0x00000000e5300000| Untracked 
|  84|0x00000000e5400000, 0x00000000e5500000, 0x00000000e5500000|100%| O|  |TAMS 0x00000000e5500000, 0x00000000e5400000| Untracked 
|  85|0x00000000e5500000, 0x00000000e5600000, 0x00000000e5600000|100%| O|  |TAMS 0x00000000e5600000, 0x00000000e5500000| Untracked 
|  86|0x00000000e5600000, 0x00000000e5700000, 0x00000000e5700000|100%| O|  |TAMS 0x00000000e5700000, 0x00000000e5600000| Untracked 
|  87|0x00000000e5700000, 0x00000000e5800000, 0x00000000e5800000|100%| O|  |TAMS 0x00000000e5800000, 0x00000000e5700000| Untracked 
|  88|0x00000000e5800000, 0x00000000e5900000, 0x00000000e5900000|100%| O|  |TAMS 0x00000000e5900000, 0x00000000e5800000| Untracked 
|  89|0x00000000e5900000, 0x00000000e5a00000, 0x00000000e5a00000|100%| O|  |TAMS 0x00000000e5a00000, 0x00000000e5900000| Untracked 
|  90|0x00000000e5a00000, 0x00000000e5b00000, 0x00000000e5b00000|100%| O|  |TAMS 0x00000000e5b00000, 0x00000000e5a00000| Untracked 
|  91|0x00000000e5b00000, 0x00000000e5c00000, 0x00000000e5c00000|100%| O|  |TAMS 0x00000000e5c00000, 0x00000000e5b00000| Untracked 
|  92|0x00000000e5c00000, 0x00000000e5d00000, 0x00000000e5d00000|100%| O|  |TAMS 0x00000000e5d00000, 0x00000000e5c00000| Untracked 
|  93|0x00000000e5d00000, 0x00000000e5e00000, 0x00000000e5e00000|100%| O|  |TAMS 0x00000000e5e00000, 0x00000000e5d00000| Untracked 
|  94|0x00000000e5e00000, 0x00000000e5f00000, 0x00000000e5f00000|100%| O|  |TAMS 0x00000000e5f00000, 0x00000000e5e00000| Untracked 
|  95|0x00000000e5f00000, 0x00000000e6000000, 0x00000000e6000000|100%| O|  |TAMS 0x00000000e6000000, 0x00000000e5f00000| Untracked 
|  96|0x00000000e6000000, 0x00000000e6000000, 0x00000000e6100000|  0%| F|  |TAMS 0x00000000e6000000, 0x00000000e6000000| Untracked 
|  97|0x00000000e6100000, 0x00000000e6200000, 0x00000000e6200000|100%| O|  |TAMS 0x00000000e6100000, 0x00000000e6100000| Untracked 
|  98|0x00000000e6200000, 0x00000000e6300000, 0x00000000e6300000|100%| O|  |TAMS 0x00000000e6300000, 0x00000000e6200000| Untracked 
|  99|0x00000000e6300000, 0x00000000e6400000, 0x00000000e6400000|100%| O|  |TAMS 0x00000000e6400000, 0x00000000e6300000| Untracked 
| 100|0x00000000e6400000, 0x00000000e6500000, 0x00000000e6500000|100%| O|  |TAMS 0x00000000e6500000, 0x00000000e6400000| Untracked 
| 101|0x00000000e6500000, 0x00000000e6600000, 0x00000000e6600000|100%| O|  |TAMS 0x00000000e6600000, 0x00000000e6500000| Untracked 
| 102|0x00000000e6600000, 0x00000000e6700000, 0x00000000e6700000|100%| O|  |TAMS 0x00000000e6700000, 0x00000000e6600000| Untracked 
| 103|0x00000000e6700000, 0x00000000e6700000, 0x00000000e6800000|  0%| F|  |TAMS 0x00000000e6700000, 0x00000000e6700000| Untracked 
| 104|0x00000000e6800000, 0x00000000e6900000, 0x00000000e6900000|100%| O|  |TAMS 0x00000000e6800000, 0x00000000e6800000| Untracked 
| 105|0x00000000e6900000, 0x00000000e6a00000, 0x00000000e6a00000|100%| O|  |TAMS 0x00000000e6900000, 0x00000000e6900000| Untracked 
| 106|0x00000000e6a00000, 0x00000000e6b00000, 0x00000000e6b00000|100%| O|  |TAMS 0x00000000e6b00000, 0x00000000e6a00000| Untracked 
| 107|0x00000000e6b00000, 0x00000000e6b00000, 0x00000000e6c00000|  0%| F|  |TAMS 0x00000000e6b00000, 0x00000000e6b00000| Untracked 
| 108|0x00000000e6c00000, 0x00000000e6c00000, 0x00000000e6d00000|  0%| F|  |TAMS 0x00000000e6c00000, 0x00000000e6c00000| Untracked 
| 109|0x00000000e6d00000, 0x00000000e6d00000, 0x00000000e6e00000|  0%| F|  |TAMS 0x00000000e6d00000, 0x00000000e6d00000| Untracked 
| 110|0x00000000e6e00000, 0x00000000e6f00000, 0x00000000e6f00000|100%| O|  |TAMS 0x00000000e6f00000, 0x00000000e6e00000| Untracked 
| 111|0x00000000e6f00000, 0x00000000e7000000, 0x00000000e7000000|100%| O|  |TAMS 0x00000000e7000000, 0x00000000e6f00000| Untracked 
| 112|0x00000000e7000000, 0x00000000e7100000, 0x00000000e7100000|100%| O|  |TAMS 0x00000000e7100000, 0x00000000e7000000| Untracked 
| 113|0x00000000e7100000, 0x00000000e7200000, 0x00000000e7200000|100%| O|  |TAMS 0x00000000e7200000, 0x00000000e7100000| Untracked 
| 114|0x00000000e7200000, 0x00000000e7300000, 0x00000000e7300000|100%| O|  |TAMS 0x00000000e7300000, 0x00000000e7200000| Untracked 
| 115|0x00000000e7300000, 0x00000000e7400000, 0x00000000e7400000|100%| O|  |TAMS 0x00000000e7400000, 0x00000000e7300000| Untracked 
| 116|0x00000000e7400000, 0x00000000e7500000, 0x00000000e7500000|100%| O|  |TAMS 0x00000000e7500000, 0x00000000e7400000| Untracked 
| 117|0x00000000e7500000, 0x00000000e7600000, 0x00000000e7600000|100%| O|  |TAMS 0x00000000e7600000, 0x00000000e7500000| Untracked 
| 118|0x00000000e7600000, 0x00000000e7700000, 0x00000000e7700000|100%| O|  |TAMS 0x00000000e7700000, 0x00000000e7600000| Untracked 
| 119|0x00000000e7700000, 0x00000000e7800000, 0x00000000e7800000|100%| O|  |TAMS 0x00000000e7800000, 0x00000000e7700000| Untracked 
| 120|0x00000000e7800000, 0x00000000e7900000, 0x00000000e7900000|100%| O|  |TAMS 0x00000000e7900000, 0x00000000e7800000| Untracked 
| 121|0x00000000e7900000, 0x00000000e7a00000, 0x00000000e7a00000|100%| O|  |TAMS 0x00000000e7a00000, 0x00000000e7900000| Untracked 
| 122|0x00000000e7a00000, 0x00000000e7b00000, 0x00000000e7b00000|100%| O|  |TAMS 0x00000000e7b00000, 0x00000000e7a00000| Untracked 
| 123|0x00000000e7b00000, 0x00000000e7c00000, 0x00000000e7c00000|100%| O|  |TAMS 0x00000000e7c00000, 0x00000000e7b00000| Untracked 
| 124|0x00000000e7c00000, 0x00000000e7d00000, 0x00000000e7d00000|100%| O|  |TAMS 0x00000000e7cb6000, 0x00000000e7c00000| Untracked 
| 125|0x00000000e7d00000, 0x00000000e7e00000, 0x00000000e7e00000|100%| O|  |TAMS 0x00000000e7d00000, 0x00000000e7d00000| Untracked 
| 126|0x00000000e7e00000, 0x00000000e7f00000, 0x00000000e7f00000|100%| O|  |TAMS 0x00000000e7e00000, 0x00000000e7e00000| Untracked 
| 127|0x00000000e7f00000, 0x00000000e8000000, 0x00000000e8000000|100%| O|  |TAMS 0x00000000e7f00000, 0x00000000e7f00000| Untracked 
| 128|0x00000000e8000000, 0x00000000e80b7e00, 0x00000000e8100000| 71%| O|  |TAMS 0x00000000e8000000, 0x00000000e8000000| Untracked 
| 129|0x00000000e8100000, 0x00000000e8100000, 0x00000000e8200000|  0%| F|  |TAMS 0x00000000e8100000, 0x00000000e8100000| Untracked 
| 130|0x00000000e8200000, 0x00000000e8200000, 0x00000000e8300000|  0%| F|  |TAMS 0x00000000e8200000, 0x00000000e8200000| Untracked 
| 131|0x00000000e8300000, 0x00000000e8300000, 0x00000000e8400000|  0%| F|  |TAMS 0x00000000e8300000, 0x00000000e8300000| Untracked 
| 132|0x00000000e8400000, 0x00000000e8400000, 0x00000000e8500000|  0%| F|  |TAMS 0x00000000e8400000, 0x00000000e8400000| Untracked 
| 133|0x00000000e8500000, 0x00000000e8500000, 0x00000000e8600000|  0%| F|  |TAMS 0x00000000e8500000, 0x00000000e8500000| Untracked 
| 134|0x00000000e8600000, 0x00000000e8600000, 0x00000000e8700000|  0%| F|  |TAMS 0x00000000e8600000, 0x00000000e8600000| Untracked 
| 135|0x00000000e8700000, 0x00000000e8700000, 0x00000000e8800000|  0%| F|  |TAMS 0x00000000e8700000, 0x00000000e8700000| Untracked 
| 136|0x00000000e8800000, 0x00000000e8800000, 0x00000000e8900000|  0%| F|  |TAMS 0x00000000e8800000, 0x00000000e8800000| Untracked 
| 137|0x00000000e8900000, 0x00000000e8900000, 0x00000000e8a00000|  0%| F|  |TAMS 0x00000000e8900000, 0x00000000e8900000| Untracked 
| 138|0x00000000e8a00000, 0x00000000e8a00000, 0x00000000e8b00000|  0%| F|  |TAMS 0x00000000e8a00000, 0x00000000e8a00000| Untracked 
| 139|0x00000000e8b00000, 0x00000000e8c00000, 0x00000000e8c00000|100%| O|  |TAMS 0x00000000e8c00000, 0x00000000e8b00000| Untracked 
| 140|0x00000000e8c00000, 0x00000000e8d00000, 0x00000000e8d00000|100%| O|  |TAMS 0x00000000e8d00000, 0x00000000e8c00000| Untracked 
| 141|0x00000000e8d00000, 0x00000000e8d00000, 0x00000000e8e00000|  0%| F|  |TAMS 0x00000000e8d00000, 0x00000000e8d00000| Untracked 
| 142|0x00000000e8e00000, 0x00000000e8e00000, 0x00000000e8f00000|  0%| F|  |TAMS 0x00000000e8e00000, 0x00000000e8e00000| Untracked 
| 143|0x00000000e8f00000, 0x00000000e8f00000, 0x00000000e9000000|  0%| F|  |TAMS 0x00000000e8f00000, 0x00000000e8f00000| Untracked 
| 144|0x00000000e9000000, 0x00000000e9000000, 0x00000000e9100000|  0%| F|  |TAMS 0x00000000e9000000, 0x00000000e9000000| Untracked 
| 145|0x00000000e9100000, 0x00000000e9100000, 0x00000000e9200000|  0%| F|  |TAMS 0x00000000e9100000, 0x00000000e9100000| Untracked 
| 146|0x00000000e9200000, 0x00000000e9200000, 0x00000000e9300000|  0%| F|  |TAMS 0x00000000e9200000, 0x00000000e9200000| Untracked 
| 147|0x00000000e9300000, 0x00000000e9300000, 0x00000000e9400000|  0%| F|  |TAMS 0x00000000e9300000, 0x00000000e9300000| Untracked 
| 148|0x00000000e9400000, 0x00000000e9400000, 0x00000000e9500000|  0%| F|  |TAMS 0x00000000e9400000, 0x00000000e9400000| Untracked 
| 149|0x00000000e9500000, 0x00000000e9500000, 0x00000000e9600000|  0%| F|  |TAMS 0x00000000e9500000, 0x00000000e9500000| Untracked 
| 150|0x00000000e9600000, 0x00000000e9600000, 0x00000000e9700000|  0%| F|  |TAMS 0x00000000e9600000, 0x00000000e9600000| Untracked 
| 151|0x00000000e9700000, 0x00000000e9700000, 0x00000000e9800000|  0%| F|  |TAMS 0x00000000e9700000, 0x00000000e9700000| Untracked 
| 152|0x00000000e9800000, 0x00000000e9800000, 0x00000000e9900000|  0%| F|  |TAMS 0x00000000e9800000, 0x00000000e9800000| Untracked 
| 153|0x00000000e9900000, 0x00000000e9900000, 0x00000000e9a00000|  0%| F|  |TAMS 0x00000000e9900000, 0x00000000e9900000| Untracked 
| 154|0x00000000e9a00000, 0x00000000e9a00000, 0x00000000e9b00000|  0%| F|  |TAMS 0x00000000e9a00000, 0x00000000e9a00000| Untracked 
| 155|0x00000000e9b00000, 0x00000000e9b00000, 0x00000000e9c00000|  0%| F|  |TAMS 0x00000000e9b00000, 0x00000000e9b00000| Untracked 
| 156|0x00000000e9c00000, 0x00000000e9c00000, 0x00000000e9d00000|  0%| F|  |TAMS 0x00000000e9c00000, 0x00000000e9c00000| Untracked 
| 157|0x00000000e9d00000, 0x00000000e9d00000, 0x00000000e9e00000|  0%| F|  |TAMS 0x00000000e9d00000, 0x00000000e9d00000| Untracked 
| 158|0x00000000e9e00000, 0x00000000e9e00000, 0x00000000e9f00000|  0%| F|  |TAMS 0x00000000e9e00000, 0x00000000e9e00000| Untracked 
| 159|0x00000000e9f00000, 0x00000000e9f00000, 0x00000000ea000000|  0%| F|  |TAMS 0x00000000e9f00000, 0x00000000e9f00000| Untracked 
| 160|0x00000000ea000000, 0x00000000ea000000, 0x00000000ea100000|  0%| F|  |TAMS 0x00000000ea000000, 0x00000000ea000000| Untracked 
| 161|0x00000000ea100000, 0x00000000ea100000, 0x00000000ea200000|  0%| F|  |TAMS 0x00000000ea100000, 0x00000000ea100000| Untracked 
| 162|0x00000000ea200000, 0x00000000ea200000, 0x00000000ea300000|  0%| F|  |TAMS 0x00000000ea200000, 0x00000000ea200000| Untracked 
| 163|0x00000000ea300000, 0x00000000ea300000, 0x00000000ea400000|  0%| F|  |TAMS 0x00000000ea300000, 0x00000000ea300000| Untracked 
| 164|0x00000000ea400000, 0x00000000ea500000, 0x00000000ea500000|100%| O|  |TAMS 0x00000000ea500000, 0x00000000ea400000| Untracked 
| 165|0x00000000ea500000, 0x00000000ea500000, 0x00000000ea600000|  0%| F|  |TAMS 0x00000000ea500000, 0x00000000ea500000| Untracked 
| 166|0x00000000ea600000, 0x00000000ea600000, 0x00000000ea700000|  0%| F|  |TAMS 0x00000000ea600000, 0x00000000ea600000| Untracked 
| 167|0x00000000ea700000, 0x00000000ea700000, 0x00000000ea800000|  0%| F|  |TAMS 0x00000000ea700000, 0x00000000ea700000| Untracked 
| 168|0x00000000ea800000, 0x00000000ea800000, 0x00000000ea900000|  0%| F|  |TAMS 0x00000000ea800000, 0x00000000ea800000| Untracked 
| 169|0x00000000ea900000, 0x00000000ea900000, 0x00000000eaa00000|  0%| F|  |TAMS 0x00000000ea900000, 0x00000000ea900000| Untracked 
| 170|0x00000000eaa00000, 0x00000000eaa00000, 0x00000000eab00000|  0%| F|  |TAMS 0x00000000eaa00000, 0x00000000eaa00000| Untracked 
| 171|0x00000000eab00000, 0x00000000eab00000, 0x00000000eac00000|  0%| F|  |TAMS 0x00000000eab00000, 0x00000000eab00000| Untracked 
| 172|0x00000000eac00000, 0x00000000eac00000, 0x00000000ead00000|  0%| F|  |TAMS 0x00000000eac00000, 0x00000000eac00000| Untracked 
| 173|0x00000000ead00000, 0x00000000ead00000, 0x00000000eae00000|  0%| F|  |TAMS 0x00000000ead00000, 0x00000000ead00000| Untracked 
| 174|0x00000000eae00000, 0x00000000eae00000, 0x00000000eaf00000|  0%| F|  |TAMS 0x00000000eae00000, 0x00000000eae00000| Untracked 
| 175|0x00000000eaf00000, 0x00000000eaf00000, 0x00000000eb000000|  0%| F|  |TAMS 0x00000000eaf00000, 0x00000000eaf00000| Untracked 
| 176|0x00000000eb000000, 0x00000000eb000000, 0x00000000eb100000|  0%| F|  |TAMS 0x00000000eb000000, 0x00000000eb000000| Untracked 
| 177|0x00000000eb100000, 0x00000000eb100000, 0x00000000eb200000|  0%| F|  |TAMS 0x00000000eb100000, 0x00000000eb100000| Untracked 
| 178|0x00000000eb200000, 0x00000000eb200000, 0x00000000eb300000|  0%| F|  |TAMS 0x00000000eb200000, 0x00000000eb200000| Untracked 
| 179|0x00000000eb300000, 0x00000000eb300000, 0x00000000eb400000|  0%| F|  |TAMS 0x00000000eb300000, 0x00000000eb300000| Untracked 
| 180|0x00000000eb400000, 0x00000000eb400000, 0x00000000eb500000|  0%| F|  |TAMS 0x00000000eb400000, 0x00000000eb400000| Untracked 
| 181|0x00000000eb500000, 0x00000000eb500000, 0x00000000eb600000|  0%| F|  |TAMS 0x00000000eb500000, 0x00000000eb500000| Untracked 
| 182|0x00000000eb600000, 0x00000000eb600000, 0x00000000eb700000|  0%| F|  |TAMS 0x00000000eb600000, 0x00000000eb600000| Untracked 
| 183|0x00000000eb700000, 0x00000000eb700000, 0x00000000eb800000|  0%| F|  |TAMS 0x00000000eb700000, 0x00000000eb700000| Untracked 
| 184|0x00000000eb800000, 0x00000000eb800000, 0x00000000eb900000|  0%| F|  |TAMS 0x00000000eb800000, 0x00000000eb800000| Untracked 
| 185|0x00000000eb900000, 0x00000000eb900000, 0x00000000eba00000|  0%| F|  |TAMS 0x00000000eb900000, 0x00000000eb900000| Untracked 
| 186|0x00000000eba00000, 0x00000000eba00000, 0x00000000ebb00000|  0%| F|  |TAMS 0x00000000eba00000, 0x00000000eba00000| Untracked 
| 187|0x00000000ebb00000, 0x00000000ebb00000, 0x00000000ebc00000|  0%| F|  |TAMS 0x00000000ebb00000, 0x00000000ebb00000| Untracked 
| 188|0x00000000ebc00000, 0x00000000ebcfc6a0, 0x00000000ebd00000| 98%| S|CS|TAMS 0x00000000ebc00000, 0x00000000ebc00000| Complete 
| 189|0x00000000ebd00000, 0x00000000ebe00000, 0x00000000ebe00000|100%| S|CS|TAMS 0x00000000ebd00000, 0x00000000ebd00000| Complete 
| 190|0x00000000ebe00000, 0x00000000ebe00000, 0x00000000ebf00000|  0%| F|  |TAMS 0x00000000ebe00000, 0x00000000ebe00000| Untracked 
| 191|0x00000000ebf00000, 0x00000000ebf00000, 0x00000000ec000000|  0%| F|  |TAMS 0x00000000ebf00000, 0x00000000ebf00000| Untracked 
| 192|0x00000000ec000000, 0x00000000ec000000, 0x00000000ec100000|  0%| F|  |TAMS 0x00000000ec000000, 0x00000000ec000000| Untracked 
| 193|0x00000000ec100000, 0x00000000ec100000, 0x00000000ec200000|  0%| F|  |TAMS 0x00000000ec100000, 0x00000000ec100000| Untracked 
| 194|0x00000000ec200000, 0x00000000ec200000, 0x00000000ec300000|  0%| F|  |TAMS 0x00000000ec200000, 0x00000000ec200000| Untracked 
| 195|0x00000000ec300000, 0x00000000ec300000, 0x00000000ec400000|  0%| F|  |TAMS 0x00000000ec300000, 0x00000000ec300000| Untracked 
| 196|0x00000000ec400000, 0x00000000ec400000, 0x00000000ec500000|  0%| F|  |TAMS 0x00000000ec400000, 0x00000000ec400000| Untracked 
| 197|0x00000000ec500000, 0x00000000ec500000, 0x00000000ec600000|  0%| F|  |TAMS 0x00000000ec500000, 0x00000000ec500000| Untracked 
| 198|0x00000000ec600000, 0x00000000ec600000, 0x00000000ec700000|  0%| F|  |TAMS 0x00000000ec600000, 0x00000000ec600000| Untracked 
| 199|0x00000000ec700000, 0x00000000ec700000, 0x00000000ec800000|  0%| F|  |TAMS 0x00000000ec700000, 0x00000000ec700000| Untracked 
| 200|0x00000000ec800000, 0x00000000ec800000, 0x00000000ec900000|  0%| F|  |TAMS 0x00000000ec800000, 0x00000000ec800000| Untracked 
| 201|0x00000000ec900000, 0x00000000ec900000, 0x00000000eca00000|  0%| F|  |TAMS 0x00000000ec900000, 0x00000000ec900000| Untracked 
| 202|0x00000000eca00000, 0x00000000eca00000, 0x00000000ecb00000|  0%| F|  |TAMS 0x00000000eca00000, 0x00000000eca00000| Untracked 
| 203|0x00000000ecb00000, 0x00000000ecb00000, 0x00000000ecc00000|  0%| F|  |TAMS 0x00000000ecb00000, 0x00000000ecb00000| Untracked 
| 204|0x00000000ecc00000, 0x00000000ecc00000, 0x00000000ecd00000|  0%| F|  |TAMS 0x00000000ecc00000, 0x00000000ecc00000| Untracked 
| 205|0x00000000ecd00000, 0x00000000ecd00000, 0x00000000ece00000|  0%| F|  |TAMS 0x00000000ecd00000, 0x00000000ecd00000| Untracked 
| 206|0x00000000ece00000, 0x00000000ece00000, 0x00000000ecf00000|  0%| F|  |TAMS 0x00000000ece00000, 0x00000000ece00000| Untracked 
| 207|0x00000000ecf00000, 0x00000000ecf00000, 0x00000000ed000000|  0%| F|  |TAMS 0x00000000ecf00000, 0x00000000ecf00000| Untracked 
| 208|0x00000000ed000000, 0x00000000ed000000, 0x00000000ed100000|  0%| F|  |TAMS 0x00000000ed000000, 0x00000000ed000000| Untracked 
| 209|0x00000000ed100000, 0x00000000ed100000, 0x00000000ed200000|  0%| F|  |TAMS 0x00000000ed100000, 0x00000000ed100000| Untracked 
| 210|0x00000000ed200000, 0x00000000ed200000, 0x00000000ed300000|  0%| F|  |TAMS 0x00000000ed200000, 0x00000000ed200000| Untracked 
| 211|0x00000000ed300000, 0x00000000ed300000, 0x00000000ed400000|  0%| F|  |TAMS 0x00000000ed300000, 0x00000000ed300000| Untracked 
| 212|0x00000000ed400000, 0x00000000ed400000, 0x00000000ed500000|  0%| F|  |TAMS 0x00000000ed400000, 0x00000000ed400000| Untracked 
| 213|0x00000000ed500000, 0x00000000ed500000, 0x00000000ed600000|  0%| F|  |TAMS 0x00000000ed500000, 0x00000000ed500000| Untracked 
| 214|0x00000000ed600000, 0x00000000ed600000, 0x00000000ed700000|  0%| F|  |TAMS 0x00000000ed600000, 0x00000000ed600000| Untracked 
| 215|0x00000000ed700000, 0x00000000ed700000, 0x00000000ed800000|  0%| F|  |TAMS 0x00000000ed700000, 0x00000000ed700000| Untracked 
| 216|0x00000000ed800000, 0x00000000ed800000, 0x00000000ed900000|  0%| F|  |TAMS 0x00000000ed800000, 0x00000000ed800000| Untracked 
| 217|0x00000000ed900000, 0x00000000ed900000, 0x00000000eda00000|  0%| F|  |TAMS 0x00000000ed900000, 0x00000000ed900000| Untracked 
| 218|0x00000000eda00000, 0x00000000eda00000, 0x00000000edb00000|  0%| F|  |TAMS 0x00000000eda00000, 0x00000000eda00000| Untracked 
| 219|0x00000000edb00000, 0x00000000edb00000, 0x00000000edc00000|  0%| F|  |TAMS 0x00000000edb00000, 0x00000000edb00000| Untracked 
| 220|0x00000000edc00000, 0x00000000edc00000, 0x00000000edd00000|  0%| F|  |TAMS 0x00000000edc00000, 0x00000000edc00000| Untracked 
| 221|0x00000000edd00000, 0x00000000edd00000, 0x00000000ede00000|  0%| F|  |TAMS 0x00000000edd00000, 0x00000000edd00000| Untracked 
| 222|0x00000000ede00000, 0x00000000ede00000, 0x00000000edf00000|  0%| F|  |TAMS 0x00000000ede00000, 0x00000000ede00000| Untracked 
| 223|0x00000000edf00000, 0x00000000edf00000, 0x00000000ee000000|  0%| F|  |TAMS 0x00000000edf00000, 0x00000000edf00000| Untracked 
| 224|0x00000000ee000000, 0x00000000ee000000, 0x00000000ee100000|  0%| F|  |TAMS 0x00000000ee000000, 0x00000000ee000000| Untracked 
| 225|0x00000000ee100000, 0x00000000ee100000, 0x00000000ee200000|  0%| F|  |TAMS 0x00000000ee100000, 0x00000000ee100000| Untracked 
| 226|0x00000000ee200000, 0x00000000ee200000, 0x00000000ee300000|  0%| F|  |TAMS 0x00000000ee200000, 0x00000000ee200000| Untracked 
| 227|0x00000000ee300000, 0x00000000ee300000, 0x00000000ee400000|  0%| F|  |TAMS 0x00000000ee300000, 0x00000000ee300000| Untracked 
| 228|0x00000000ee400000, 0x00000000ee400000, 0x00000000ee500000|  0%| F|  |TAMS 0x00000000ee400000, 0x00000000ee400000| Untracked 
| 229|0x00000000ee500000, 0x00000000ee500000, 0x00000000ee600000|  0%| F|  |TAMS 0x00000000ee500000, 0x00000000ee500000| Untracked 
| 230|0x00000000ee600000, 0x00000000ee600000, 0x00000000ee700000|  0%| F|  |TAMS 0x00000000ee600000, 0x00000000ee600000| Untracked 
| 231|0x00000000ee700000, 0x00000000ee700000, 0x00000000ee800000|  0%| F|  |TAMS 0x00000000ee700000, 0x00000000ee700000| Untracked 
| 232|0x00000000ee800000, 0x00000000ee800000, 0x00000000ee900000|  0%| F|  |TAMS 0x00000000ee800000, 0x00000000ee800000| Untracked 
| 233|0x00000000ee900000, 0x00000000ee900000, 0x00000000eea00000|  0%| F|  |TAMS 0x00000000ee900000, 0x00000000ee900000| Untracked 
| 234|0x00000000eea00000, 0x00000000eea00000, 0x00000000eeb00000|  0%| F|  |TAMS 0x00000000eea00000, 0x00000000eea00000| Untracked 
| 235|0x00000000eeb00000, 0x00000000eeb00000, 0x00000000eec00000|  0%| F|  |TAMS 0x00000000eeb00000, 0x00000000eeb00000| Untracked 
| 236|0x00000000eec00000, 0x00000000eec00000, 0x00000000eed00000|  0%| F|  |TAMS 0x00000000eec00000, 0x00000000eec00000| Untracked 
| 237|0x00000000eed00000, 0x00000000eed00000, 0x00000000eee00000|  0%| F|  |TAMS 0x00000000eed00000, 0x00000000eed00000| Untracked 
| 238|0x00000000eee00000, 0x00000000eee00000, 0x00000000eef00000|  0%| F|  |TAMS 0x00000000eee00000, 0x00000000eee00000| Untracked 
| 239|0x00000000eef00000, 0x00000000eef00000, 0x00000000ef000000|  0%| F|  |TAMS 0x00000000eef00000, 0x00000000eef00000| Untracked 
| 240|0x00000000ef000000, 0x00000000ef000000, 0x00000000ef100000|  0%| F|  |TAMS 0x00000000ef000000, 0x00000000ef000000| Untracked 
| 241|0x00000000ef100000, 0x00000000ef100000, 0x00000000ef200000|  0%| F|  |TAMS 0x00000000ef100000, 0x00000000ef100000| Untracked 
| 242|0x00000000ef200000, 0x00000000ef200000, 0x00000000ef300000|  0%| F|  |TAMS 0x00000000ef200000, 0x00000000ef200000| Untracked 
| 243|0x00000000ef300000, 0x00000000ef300000, 0x00000000ef400000|  0%| F|  |TAMS 0x00000000ef300000, 0x00000000ef300000| Untracked 
| 244|0x00000000ef400000, 0x00000000ef400000, 0x00000000ef500000|  0%| F|  |TAMS 0x00000000ef400000, 0x00000000ef400000| Untracked 
| 245|0x00000000ef500000, 0x00000000ef500000, 0x00000000ef600000|  0%| F|  |TAMS 0x00000000ef500000, 0x00000000ef500000| Untracked 
| 246|0x00000000ef600000, 0x00000000ef600000, 0x00000000ef700000|  0%| F|  |TAMS 0x00000000ef600000, 0x00000000ef600000| Untracked 
| 247|0x00000000ef700000, 0x00000000ef700000, 0x00000000ef800000|  0%| F|  |TAMS 0x00000000ef700000, 0x00000000ef700000| Untracked 
| 248|0x00000000ef800000, 0x00000000ef800000, 0x00000000ef900000|  0%| F|  |TAMS 0x00000000ef800000, 0x00000000ef800000| Untracked 
| 249|0x00000000ef900000, 0x00000000ef900000, 0x00000000efa00000|  0%| F|  |TAMS 0x00000000ef900000, 0x00000000ef900000| Untracked 
| 250|0x00000000efa00000, 0x00000000efa00000, 0x00000000efb00000|  0%| F|  |TAMS 0x00000000efa00000, 0x00000000efa00000| Untracked 
| 251|0x00000000efb00000, 0x00000000efb00000, 0x00000000efc00000|  0%| F|  |TAMS 0x00000000efb00000, 0x00000000efb00000| Untracked 
| 252|0x00000000efc00000, 0x00000000efc00000, 0x00000000efd00000|  0%| F|  |TAMS 0x00000000efc00000, 0x00000000efc00000| Untracked 
| 253|0x00000000efd00000, 0x00000000efd00000, 0x00000000efe00000|  0%| F|  |TAMS 0x00000000efd00000, 0x00000000efd00000| Untracked 
| 254|0x00000000efe00000, 0x00000000efe00000, 0x00000000eff00000|  0%| F|  |TAMS 0x00000000efe00000, 0x00000000efe00000| Untracked 
| 255|0x00000000eff00000, 0x00000000eff00000, 0x00000000f0000000|  0%| F|  |TAMS 0x00000000eff00000, 0x00000000eff00000| Untracked 
| 256|0x00000000f0000000, 0x00000000f0000000, 0x00000000f0100000|  0%| F|  |TAMS 0x00000000f0000000, 0x00000000f0000000| Untracked 
| 257|0x00000000f0100000, 0x00000000f0100000, 0x00000000f0200000|  0%| F|  |TAMS 0x00000000f0100000, 0x00000000f0100000| Untracked 
| 258|0x00000000f0200000, 0x00000000f0200000, 0x00000000f0300000|  0%| F|  |TAMS 0x00000000f0200000, 0x00000000f0200000| Untracked 
| 259|0x00000000f0300000, 0x00000000f0300000, 0x00000000f0400000|  0%| F|  |TAMS 0x00000000f0300000, 0x00000000f0300000| Untracked 
| 260|0x00000000f0400000, 0x00000000f0400000, 0x00000000f0500000|  0%| F|  |TAMS 0x00000000f0400000, 0x00000000f0400000| Untracked 
| 261|0x00000000f0500000, 0x00000000f0500000, 0x00000000f0600000|  0%| F|  |TAMS 0x00000000f0500000, 0x00000000f0500000| Untracked 
| 262|0x00000000f0600000, 0x00000000f0600000, 0x00000000f0700000|  0%| F|  |TAMS 0x00000000f0600000, 0x00000000f0600000| Untracked 
| 263|0x00000000f0700000, 0x00000000f0700000, 0x00000000f0800000|  0%| F|  |TAMS 0x00000000f0700000, 0x00000000f0700000| Untracked 
| 264|0x00000000f0800000, 0x00000000f0800000, 0x00000000f0900000|  0%| F|  |TAMS 0x00000000f0800000, 0x00000000f0800000| Untracked 
| 265|0x00000000f0900000, 0x00000000f0900000, 0x00000000f0a00000|  0%| F|  |TAMS 0x00000000f0900000, 0x00000000f0900000| Untracked 
| 266|0x00000000f0a00000, 0x00000000f0a00000, 0x00000000f0b00000|  0%| F|  |TAMS 0x00000000f0a00000, 0x00000000f0a00000| Untracked 
| 267|0x00000000f0b00000, 0x00000000f0b00000, 0x00000000f0c00000|  0%| F|  |TAMS 0x00000000f0b00000, 0x00000000f0b00000| Untracked 
| 268|0x00000000f0c00000, 0x00000000f0c00000, 0x00000000f0d00000|  0%| F|  |TAMS 0x00000000f0c00000, 0x00000000f0c00000| Untracked 
| 269|0x00000000f0d00000, 0x00000000f0d00000, 0x00000000f0e00000|  0%| F|  |TAMS 0x00000000f0d00000, 0x00000000f0d00000| Untracked 
| 270|0x00000000f0e00000, 0x00000000f0e00000, 0x00000000f0f00000|  0%| F|  |TAMS 0x00000000f0e00000, 0x00000000f0e00000| Untracked 
| 271|0x00000000f0f00000, 0x00000000f0f00000, 0x00000000f1000000|  0%| F|  |TAMS 0x00000000f0f00000, 0x00000000f0f00000| Untracked 
| 272|0x00000000f1000000, 0x00000000f104d4e0, 0x00000000f1100000| 30%| E|  |TAMS 0x00000000f1000000, 0x00000000f1000000| Complete 
| 273|0x00000000f1100000, 0x00000000f1200000, 0x00000000f1200000|100%| E|CS|TAMS 0x00000000f1100000, 0x00000000f1100000| Complete 
| 274|0x00000000f1200000, 0x00000000f1300000, 0x00000000f1300000|100%| E|CS|TAMS 0x00000000f1200000, 0x00000000f1200000| Complete 
| 275|0x00000000f1300000, 0x00000000f1400000, 0x00000000f1400000|100%| E|CS|TAMS 0x00000000f1300000, 0x00000000f1300000| Complete 
| 276|0x00000000f1400000, 0x00000000f1500000, 0x00000000f1500000|100%| E|CS|TAMS 0x00000000f1400000, 0x00000000f1400000| Complete 
| 277|0x00000000f1500000, 0x00000000f1600000, 0x00000000f1600000|100%| E|CS|TAMS 0x00000000f1500000, 0x00000000f1500000| Complete 

Card table byte_map: [0x000001c2d3100000,0x000001c2d3200000] _byte_map_base: 0x000001c2d2a00000

Marking Bits (Prev, Next): (CMBitMap*) 0x000001c2be701ec0, (CMBitMap*) 0x000001c2be701e88
 Prev Bits: [0x000001c2d3b00000, 0x000001c2d4300000)
 Next Bits: [0x000001c2d3300000, 0x000001c2d3b00000)

Polling page: 0x000001c2be540000

Metaspace:

Usage:
  Non-class:    104.55 MB capacity,   102.50 MB ( 98%) used,     1.72 MB (  2%) free+waste,   347.63 KB ( <1%) overhead. 
      Class:     15.63 MB capacity,    14.40 MB ( 92%) used,     1.09 MB (  7%) free+waste,   156.00 KB ( <1%) overhead. 
       Both:    120.19 MB capacity,   116.89 MB ( 97%) used,     2.80 MB (  2%) free+waste,   503.63 KB ( <1%) overhead. 

Virtual space:
  Non-class space:      106.00 MB reserved,     104.75 MB ( 99%) committed 
      Class space:      248.00 MB reserved,      15.75 MB (  6%) committed 
             Both:      354.00 MB reserved,     120.50 MB ( 34%) committed 

Chunk freelists:
   Non-Class:  72.00 KB
       Class:  22.00 KB
        Both:  94.00 KB

MaxMetaspaceSize: 256.00 MB
CompressedClassSpaceSize: 248.00 MB

CodeHeap 'non-profiled nmethods': size=120064Kb used=11685Kb max_used=11685Kb free=108378Kb
 bounds [0x000001c2cb4a0000, 0x000001c2cc010000, 0x000001c2d29e0000]
CodeHeap 'profiled nmethods': size=120000Kb used=39641Kb max_used=39641Kb free=80358Kb
 bounds [0x000001c2c3f70000, 0x000001c2c6640000, 0x000001c2cb4a0000]
CodeHeap 'non-nmethods': size=5696Kb used=2335Kb max_used=2389Kb free=3361Kb
 bounds [0x000001c2c39e0000, 0x000001c2c3c50000, 0x000001c2c3f70000]
 total_blobs=18143 nmethods=17196 adapters=857
 compilation: enabled
              stopped_count=0, restarted_count=0
 full_count=0

Compilation events (20 events):
Event: 580.510 Thread 0x000001c2d6933800 nmethod 18177 0x000001c2cc005690 code [0x000001c2cc005840, 0x000001c2cc0058d8]
Event: 580.510 Thread 0x000001c2d6933800 18178       1       kotlin.reflect.jvm.internal.impl.serialization.deserialization.descriptors.DeserializedClassDescriptor::access$getClassId$p (5 bytes)
Event: 580.510 Thread 0x000001c2d6933800 nmethod 18178 0x000001c2cc005990 code [0x000001c2cc005b40, 0x000001c2cc005bd8]
Event: 580.510 Thread 0x000001c2d6933800 18179       1       kotlin.reflect.jvm.internal.impl.serialization.deserialization.descriptors.DeserializedClassDescriptor::getKind (5 bytes)
Event: 580.510 Thread 0x000001c2d6933800 nmethod 18179 0x000001c2cc005c90 code [0x000001c2cc005e40, 0x000001c2cc005ef8]
Event: 580.510 Thread 0x000001c2d6933800 18171       1       kotlin.reflect.jvm.internal.impl.name.Name::isSpecial (5 bytes)
Event: 580.510 Thread 0x000001c2d6933800 nmethod 18171 0x000001c2cc005f90 code [0x000001c2cc006140, 0x000001c2cc0061f8]
Event: 580.510 Thread 0x000001c2d6933800 18174       1       kotlin.reflect.jvm.internal.impl.load.java.lazy.JavaResolverComponents::getLookupTracker (5 bytes)
Event: 580.510 Thread 0x000001c2d6933800 nmethod 18174 0x000001c2cc006290 code [0x000001c2cc006440, 0x000001c2cc0064f8]
Event: 580.510 Thread 0x000001c2d6933800 18168       1       kotlin.reflect.jvm.internal.impl.descriptors.impl.ModuleDescriptorImpl::isValid (5 bytes)
Event: 580.510 Thread 0x000001c2d6933800 nmethod 18168 0x000001c2cc006590 code [0x000001c2cc006740, 0x000001c2cc0067f8]
Event: 580.510 Thread 0x000001c2d6933800 18170       1       kotlin.reflect.jvm.internal.WeakClassLoaderBox::hashCode (5 bytes)
Event: 580.510 Thread 0x000001c2d6933800 nmethod 18170 0x000001c2cc006890 code [0x000001c2cc006a40, 0x000001c2cc006af8]
Event: 580.510 Thread 0x000001c2d6933800 18172       1       kotlin.reflect.jvm.internal.KClassImpl::getData (5 bytes)
Event: 580.510 Thread 0x000001c2d6933800 nmethod 18172 0x000001c2cc006b90 code [0x000001c2cc006d40, 0x000001c2cc006df8]
Event: 580.510 Thread 0x000001c2d6933800 18173       1       kotlin.reflect.jvm.internal.impl.descriptors.impl.LazyPackageViewDescriptorImpl::getMemberScope (5 bytes)
Event: 580.510 Thread 0x000001c2d6933800 nmethod 18173 0x000001c2cc006e90 code [0x000001c2cc007040, 0x000001c2cc0070f8]
Event: 580.512 Thread 0x000001c2d6933800 18180       3       kotlin.reflect.jvm.internal.impl.name.ClassId::asSingleFqName (67 bytes)
Event: 580.514 Thread 0x000001c2d6933800 nmethod 18180 0x000001c2c6623a10 code [0x000001c2c6623d60, 0x000001c2c6624fa8]
Event: 580.514 Thread 0x000001c2d6933800 18181       3       kotlin.reflect.jvm.internal.ReflectProperties::lazy (17 bytes)

GC Heap History (20 events):
Event: 76.804 GC heap before
{Heap before GC invocations=34 (full 0):
 garbage-first heap   total 284672K, used 222714K [0x00000000e0000000, 0x0000000100000000)
  region size 1024K, 43 young (44032K), 1 survivors (1024K)
 Metaspace       used 97708K, capacity 100531K, committed 100864K, reserved 342016K
  class space    used 12428K, capacity 13448K, committed 13568K, reserved 253952K
}
Event: 76.808 GC heap after
{Heap after GC invocations=35 (full 0):
 garbage-first heap   total 284672K, used 181209K [0x00000000e0000000, 0x0000000100000000)
  region size 1024K, 1 young (1024K), 1 survivors (1024K)
 Metaspace       used 97708K, capacity 100531K, committed 100864K, reserved 342016K
  class space    used 12428K, capacity 13448K, committed 13568K, reserved 253952K
}
Event: 78.381 GC heap before
{Heap before GC invocations=36 (full 0):
 garbage-first heap   total 284672K, used 173747K [0x00000000e0000000, 0x0000000100000000)
  region size 1024K, 47 young (48128K), 1 survivors (1024K)
 Metaspace       used 98738K, capacity 101650K, committed 101888K, reserved 344064K
  class space    used 12507K, capacity 13544K, committed 13568K, reserved 253952K
}
Event: 78.391 GC heap after
{Heap after GC invocations=37 (full 0):
 garbage-first heap   total 284672K, used 130693K [0x00000000e0000000, 0x0000000100000000)
  region size 1024K, 4 young (4096K), 4 survivors (4096K)
 Metaspace       used 98738K, capacity 101650K, committed 101888K, reserved 344064K
  class space    used 12507K, capacity 13544K, committed 13568K, reserved 253952K
}
Event: 79.103 GC heap before
{Heap before GC invocations=37 (full 0):
 garbage-first heap   total 284672K, used 138885K [0x00000000e0000000, 0x0000000100000000)
  region size 1024K, 13 young (13312K), 4 survivors (4096K)
 Metaspace       used 100182K, capacity 103079K, committed 103424K, reserved 344064K
  class space    used 12695K, capacity 13717K, committed 13824K, reserved 253952K
}
Event: 79.110 GC heap after
{Heap after GC invocations=38 (full 0):
 garbage-first heap   total 284672K, used 129343K [0x00000000e0000000, 0x0000000100000000)
  region size 1024K, 1 young (1024K), 1 survivors (1024K)
 Metaspace       used 100182K, capacity 103079K, committed 103424K, reserved 344064K
  class space    used 12695K, capacity 13717K, committed 13824K, reserved 253952K
}
Event: 492.901 GC heap before
{Heap before GC invocations=38 (full 0):
 garbage-first heap   total 284672K, used 201023K [0x00000000e0000000, 0x0000000100000000)
  region size 1024K, 72 young (73728K), 1 survivors (1024K)
 Metaspace       used 107538K, capacity 110830K, committed 111104K, reserved 350208K
  class space    used 13523K, capacity 14774K, committed 14848K, reserved 253952K
}
Event: 492.928 GC heap after
{Heap after GC invocations=39 (full 0):
 garbage-first heap   total 284672K, used 132288K [0x00000000e0000000, 0x0000000100000000)
  region size 1024K, 4 young (4096K), 4 survivors (4096K)
 Metaspace       used 107538K, capacity 110830K, committed 111104K, reserved 350208K
  class space    used 13523K, capacity 14774K, committed 14848K, reserved 253952K
}
Event: 562.699 GC heap before
{Heap before GC invocations=40 (full 0):
 garbage-first heap   total 284672K, used 207040K [0x00000000e0000000, 0x0000000100000000)
  region size 1024K, 78 young (79872K), 4 survivors (4096K)
 Metaspace       used 109667K, capacity 112996K, committed 113152K, reserved 352256K
  class space    used 13784K, capacity 15040K, committed 15104K, reserved 253952K
}
Event: 562.722 GC heap after
{Heap after GC invocations=41 (full 0):
 garbage-first heap   total 284672K, used 140128K [0x00000000e0000000, 0x0000000100000000)
  region size 1024K, 10 young (10240K), 10 survivors (10240K)
 Metaspace       used 109667K, capacity 112996K, committed 113152K, reserved 352256K
  class space    used 13784K, capacity 15040K, committed 15104K, reserved 253952K
}
Event: 563.657 GC heap before
{Heap before GC invocations=41 (full 0):
 garbage-first heap   total 284672K, used 143200K [0x00000000e0000000, 0x0000000100000000)
  region size 1024K, 13 young (13312K), 10 survivors (10240K)
 Metaspace       used 109972K, capacity 113372K, committed 113536K, reserved 352256K
  class space    used 13828K, capacity 15120K, committed 15232K, reserved 253952K
}
Event: 563.684 GC heap after
{Heap after GC invocations=42 (full 0):
 garbage-first heap   total 284672K, used 130171K [0x00000000e0000000, 0x0000000100000000)
  region size 1024K, 2 young (2048K), 2 survivors (2048K)
 Metaspace       used 109972K, capacity 113372K, committed 113536K, reserved 352256K
  class space    used 13828K, capacity 15120K, committed 15232K, reserved 253952K
}
Event: 572.104 GC heap before
{Heap before GC invocations=42 (full 0):
 garbage-first heap   total 284672K, used 207995K [0x00000000e0000000, 0x0000000100000000)
  region size 1024K, 79 young (80896K), 2 survivors (2048K)
 Metaspace       used 111750K, capacity 115190K, committed 115456K, reserved 354304K
  class space    used 13988K, capacity 15255K, committed 15360K, reserved 253952K
}
Event: 572.132 GC heap after
{Heap after GC invocations=43 (full 0):
 garbage-first heap   total 284672K, used 135650K [0x00000000e0000000, 0x0000000100000000)
  region size 1024K, 7 young (7168K), 7 survivors (7168K)
 Metaspace       used 111750K, capacity 115190K, committed 115456K, reserved 354304K
  class space    used 13988K, capacity 15255K, committed 15360K, reserved 253952K
}
Event: 576.771 GC heap before
{Heap before GC invocations=44 (full 0):
 garbage-first heap   total 284672K, used 221666K [0x00000000e0000000, 0x0000000100000000)
  region size 1024K, 84 young (86016K), 7 survivors (7168K)
 Metaspace       used 115106K, capacity 118428K, committed 118656K, reserved 358400K
  class space    used 14222K, capacity 15449K, committed 15488K, reserved 253952K
}
Event: 576.782 GC heap after
{Heap after GC invocations=45 (full 0):
 garbage-first heap   total 284672K, used 134910K [0x00000000e0000000, 0x0000000100000000)
  region size 1024K, 4 young (4096K), 4 survivors (4096K)
 Metaspace       used 115106K, capacity 118428K, committed 118656K, reserved 358400K
  class space    used 14222K, capacity 15449K, committed 15488K, reserved 253952K
}
Event: 577.441 GC heap before
{Heap before GC invocations=45 (full 0):
 garbage-first heap   total 284672K, used 144126K [0x00000000e0000000, 0x0000000100000000)
  region size 1024K, 13 young (13312K), 4 survivors (4096K)
 Metaspace       used 115466K, capacity 118748K, committed 118912K, reserved 358400K
  class space    used 14233K, capacity 15449K, committed 15488K, reserved 253952K
}
Event: 577.468 GC heap after
{Heap after GC invocations=46 (full 0):
 garbage-first heap   total 284672K, used 125340K [0x00000000e0000000, 0x0000000100000000)
  region size 1024K, 1 young (1024K), 1 survivors (1024K)
 Metaspace       used 115466K, capacity 118748K, committed 118912K, reserved 358400K
  class space    used 14233K, capacity 15449K, committed 15488K, reserved 253952K
}
Event: 580.393 GC heap before
{Heap before GC invocations=46 (full 0):
 garbage-first heap   total 284672K, used 213404K [0x00000000e0000000, 0x0000000100000000)
  region size 1024K, 88 young (90112K), 1 survivors (1024K)
 Metaspace       used 119529K, capacity 122818K, committed 123136K, reserved 362496K
  class space    used 14737K, capacity 16010K, committed 16128K, reserved 253952K
}
Event: 580.402 GC heap after
{Heap after GC invocations=47 (full 0):
 garbage-first heap   total 284672K, used 126673K [0x00000000e0000000, 0x0000000100000000)
  region size 1024K, 2 young (2048K), 2 survivors (2048K)
 Metaspace       used 119529K, capacity 122818K, committed 123136K, reserved 362496K
  class space    used 14737K, capacity 16010K, committed 16128K, reserved 253952K
}

Deoptimization events (20 events):
Event: 579.079 Thread 0x000001c2dd9e2000 DEOPT PACKING pc=0x000001c2cbfd30d4 sp=0x0000000a382fa200
Event: 579.079 Thread 0x000001c2dd9e2000 DEOPT UNPACKING pc=0x000001c2c3a078af sp=0x0000000a382fa178 mode 2
Event: 579.079 Thread 0x000001c2dd9e2000 Uncommon trap: trap_request=0xffffffbe fr.pc=0x000001c2cbfd30d4 relative=0x0000000000001cb4
Event: 579.079 Thread 0x000001c2dd9e2000 Uncommon trap: reason=profile_predicate action=maybe_recompile pc=0x000001c2cbfd30d4 method=com.android.utils.PositionXmlParser.getPositionHelper(Lorg/w3c/dom/Node;II)Lcom/android/utils/PositionXmlParser$Position; @ 219 c2
Event: 579.079 Thread 0x000001c2dd9e2000 DEOPT PACKING pc=0x000001c2cbfd30d4 sp=0x0000000a382fa160
Event: 579.079 Thread 0x000001c2dd9e2000 DEOPT UNPACKING pc=0x000001c2c3a078af sp=0x0000000a382fa0d8 mode 2
Event: 579.084 Thread 0x000001c2dd9e2000 Uncommon trap: trap_request=0xffffff4d fr.pc=0x000001c2cbd80f90 relative=0x00000000000004b0
Event: 579.084 Thread 0x000001c2dd9e2000 Uncommon trap: reason=unstable_if action=reinterpret pc=0x000001c2cbd80f90 method=sun.nio.cs.SingleByte$Encoder.encodeArrayLoop(Ljava/nio/CharBuffer;Ljava/nio/ByteBuffer;)Ljava/nio/charset/CoderResult; @ 211 c2
Event: 579.084 Thread 0x000001c2dd9e2000 DEOPT PACKING pc=0x000001c2cbd80f90 sp=0x0000000a382fa060
Event: 579.084 Thread 0x000001c2dd9e2000 DEOPT UNPACKING pc=0x000001c2c3a078af sp=0x0000000a382f9fd8 mode 2
Event: 579.093 Thread 0x000001c2dd9e2000 DEOPT PACKING pc=0x000001c2c4064127 sp=0x0000000a382fa110
Event: 579.093 Thread 0x000001c2dd9e2000 DEOPT UNPACKING pc=0x000001c2c3a076ce sp=0x0000000a382f9678 mode 0
Event: 579.307 Thread 0x000001c2dd9e2000 Uncommon trap: trap_request=0xffffff4d fr.pc=0x000001c2cbe57a34 relative=0x00000000000003b4
Event: 579.307 Thread 0x000001c2dd9e2000 Uncommon trap: reason=unstable_if action=reinterpret pc=0x000001c2cbe57a34 method=com.google.gson.stream.JsonReader.nextString()Ljava/lang/String; @ 6 c2
Event: 579.307 Thread 0x000001c2dd9e2000 DEOPT PACKING pc=0x000001c2cbe57a34 sp=0x0000000a382fa390
Event: 579.307 Thread 0x000001c2dd9e2000 DEOPT UNPACKING pc=0x000001c2c3a078af sp=0x0000000a382fa370 mode 2
Event: 579.527 Thread 0x000001c2dd9e2000 Uncommon trap: trap_request=0xffffff4d fr.pc=0x000001c2cbed0e88 relative=0x0000000000000888
Event: 579.527 Thread 0x000001c2dd9e2000 Uncommon trap: reason=unstable_if action=reinterpret pc=0x000001c2cbed0e88 method=java.util.jar.JarFile.getVersionedEntry(Ljava/lang/String;Ljava/util/jar/JarEntry;)Ljava/util/jar/JarEntry; @ 7 c2
Event: 579.527 Thread 0x000001c2dd9e2000 DEOPT PACKING pc=0x000001c2cbed0e88 sp=0x0000000a382f64e0
Event: 579.527 Thread 0x000001c2dd9e2000 DEOPT UNPACKING pc=0x000001c2c3a078af sp=0x0000000a382f64b0 mode 2

Classes redefined (0 events):
No events

Internal exceptions (20 events):
Event: 563.593 Thread 0x000001c2d957f000 Exception <a 'sun/nio/fs/WindowsException'{0x00000000f1335768}> (0x00000000f1335768) thrown at [./src/hotspot/share/prims/jni.cpp, line 615]
Event: 563.594 Thread 0x000001c2d957f000 Exception <a 'sun/nio/fs/WindowsException'{0x00000000f13370e0}> (0x00000000f13370e0) thrown at [./src/hotspot/share/prims/jni.cpp, line 615]
Event: 563.745 Thread 0x000001c2dd9e6000 Exception <a 'sun/nio/fs/WindowsException'{0x00000000f14836f0}> (0x00000000f14836f0) thrown at [./src/hotspot/share/prims/jni.cpp, line 615]
Event: 566.739 Thread 0x000001c2dd9dc000 Implicit null exception at 0x000001c2cbe910a1 to 0x000001c2cbe925ec
Event: 566.924 Thread 0x000001c2dd9de800 Implicit null exception at 0x000001c2cbe94124 to 0x000001c2cbe94b64
Event: 570.215 Thread 0x000001c2dd9dc000 Exception <a 'java/lang/NoSuchMethodError'{0x00000000f01e3438}: <clinit>> (0x00000000f01e3438) thrown at [./src/hotspot/share/prims/jni.cpp, line 1362]
Event: 570.550 Thread 0x000001c2dd9e2000 Exception <a 'java/lang/NoSuchMethodError'{0x00000000ef77d1a8}: <clinit>> (0x00000000ef77d1a8) thrown at [./src/hotspot/share/prims/jni.cpp, line 1362]
Event: 570.552 Thread 0x000001c2dd9e2000 Exception <a 'java/lang/NoSuchMethodError'{0x00000000ef78aa08}: <clinit>> (0x00000000ef78aa08) thrown at [./src/hotspot/share/prims/jni.cpp, line 1362]
Event: 572.418 Thread 0x000001c2dd9dc000 Implicit null exception at 0x000001c2cbf1ffeb to 0x000001c2cbf20cdc
Event: 573.004 Thread 0x000001c2dd9dc000 Implicit null exception at 0x000001c2cbf16074 to 0x000001c2cbf162cc
Event: 573.015 Thread 0x000001c2dd9dc000 Implicit null exception at 0x000001c2cbe7118f to 0x000001c2cbe7163c
Event: 575.373 Thread 0x000001c2dd9dc000 Implicit null exception at 0x000001c2cb55a2de to 0x000001c2cb55fa00
Event: 575.501 Thread 0x000001c2dd9dc000 Exception <a 'java/lang/NoSuchMethodError'{0x00000000ee2bd220}: <clinit>> (0x00000000ee2bd220) thrown at [./src/hotspot/share/prims/jni.cpp, line 1362]
Event: 578.195 Thread 0x000001c2dd9e5000 Exception <a 'java/lang/NoSuchMethodError'{0x00000000f031fdc0}: <clinit>> (0x00000000f031fdc0) thrown at [./src/hotspot/share/prims/jni.cpp, line 1362]
Event: 578.408 Thread 0x000001c2dd9e2000 Exception <a 'sun/nio/fs/WindowsException'{0x00000000eff66258}> (0x00000000eff66258) thrown at [./src/hotspot/share/prims/jni.cpp, line 615]
Event: 578.408 Thread 0x000001c2dd9e2000 Exception <a 'sun/nio/fs/WindowsException'{0x00000000eff67148}> (0x00000000eff67148) thrown at [./src/hotspot/share/prims/jni.cpp, line 615]
Event: 578.409 Thread 0x000001c2dd9e2000 Exception <a 'sun/nio/fs/WindowsException'{0x00000000eff67490}> (0x00000000eff67490) thrown at [./src/hotspot/share/prims/jni.cpp, line 615]
Event: 578.409 Thread 0x000001c2dd9e2000 Exception <a 'sun/nio/fs/WindowsException'{0x00000000eff68640}> (0x00000000eff68640) thrown at [./src/hotspot/share/prims/jni.cpp, line 615]
Event: 578.409 Thread 0x000001c2dd9e2000 Exception <a 'sun/nio/fs/WindowsException'{0x00000000eff68960}> (0x00000000eff68960) thrown at [./src/hotspot/share/prims/jni.cpp, line 615]
Event: 578.409 Thread 0x000001c2dd9e2000 Exception <a 'sun/nio/fs/WindowsException'{0x00000000eff69800}> (0x00000000eff69800) thrown at [./src/hotspot/share/prims/jni.cpp, line 615]

Events (20 events):
Event: 580.339 loading class kotlin/reflect/jvm/internal/impl/serialization/deserialization/descriptors/DeserializedMemberScope$classNames$2 done
Event: 580.340 loading class kotlin/reflect/jvm/internal/impl/serialization/deserialization/descriptors/DeserializedMemberScope$classifierNamesLazy$2
Event: 580.340 loading class kotlin/reflect/jvm/internal/impl/serialization/deserialization/descriptors/DeserializedMemberScope$classifierNamesLazy$2 done
Event: 580.340 loading class kotlin/reflect/jvm/internal/impl/serialization/deserialization/descriptors/DeserializedClassDescriptor$DeserializedClassMemberScope$allDescriptors$1
Event: 580.340 loading class kotlin/reflect/jvm/internal/impl/serialization/deserialization/descriptors/DeserializedClassDescriptor$DeserializedClassMemberScope$allDescriptors$1 done
Event: 580.341 loading class kotlin/reflect/jvm/internal/impl/serialization/deserialization/descriptors/DeserializedClassDescriptor$DeserializedClassMemberScope$refinedSupertypes$1
Event: 580.341 loading class kotlin/reflect/jvm/internal/impl/serialization/deserialization/descriptors/DeserializedClassDescriptor$DeserializedClassMemberScope$refinedSupertypes$1 done
Event: 580.352 loading class com/android/build/api/artifact/ArtifactType$PUBLIC_ANDROID_RESOURCES_LIST
Event: 580.352 loading class com/android/build/api/artifact/ArtifactType$PUBLIC_ANDROID_RESOURCES_LIST done
Event: 580.353 loading class kotlin/reflect/jvm/internal/UtilKt
Event: 580.353 loading class kotlin/reflect/jvm/internal/UtilKt done
Event: 580.358 loading class kotlin/reflect/jvm/internal/impl/resolve/scopes/InnerClassesScopeWrapper
Event: 580.358 loading class kotlin/reflect/jvm/internal/impl/resolve/scopes/InnerClassesScopeWrapper done
Event: 580.393 Executing VM operation: G1CollectForAllocation
Event: 580.402 Executing VM operation: G1CollectForAllocation done
Event: 580.446 Thread 0x000001c2dd9e9000 Thread added: 0x000001c2dd9e9000
Event: 580.487 loading class com/android/build/gradle/internal/scope/InternalArtifactType$MICRO_APK_MANIFEST_FILE
Event: 580.487 loading class com/android/build/gradle/internal/scope/InternalArtifactType$MICRO_APK_MANIFEST_FILE done
Event: 580.488 loading class com/android/build/gradle/internal/scope/InternalArtifactType$MICRO_APK_RES
Event: 580.488 loading class com/android/build/gradle/internal/scope/InternalArtifactType$MICRO_APK_RES done


Dynamic libraries:
0x00007ff676440000 - 0x00007ff67644a000 	C:\Program Files\Android\Android Studio\jre\bin\java.exe
0x00007ffb68bd0000 - 0x00007ffb68dc5000 	C:\Windows\SYSTEM32\ntdll.dll
0x00007ffb670f0000 - 0x00007ffb671ae000 	C:\Windows\System32\KERNEL32.DLL
0x00007ffb66680000 - 0x00007ffb66948000 	C:\Windows\System32\KERNELBASE.dll
0x00007ffb63a30000 - 0x00007ffb63ac0000 	C:\Windows\SYSTEM32\apphelp.dll
0x00007ffb669b0000 - 0x00007ffb66ab0000 	C:\Windows\System32\ucrtbase.dll
0x00007ffb41ea0000 - 0x00007ffb41eb7000 	C:\Program Files\Android\Android Studio\jre\bin\VCRUNTIME140.dll
0x00007ffb40a10000 - 0x00007ffb40a29000 	C:\Program Files\Android\Android Studio\jre\bin\jli.dll
0x00007ffb687d0000 - 0x00007ffb68971000 	C:\Windows\System32\USER32.dll
0x00007ffb52820000 - 0x00007ffb52aba000 	C:\Windows\WinSxS\amd64_microsoft.windows.common-controls_6595b64144ccf1df_6.0.19041.1110_none_60b5254171f9507e\COMCTL32.dll
0x00007ffb66980000 - 0x00007ffb669a2000 	C:\Windows\System32\win32u.dll
0x00007ffb66c10000 - 0x00007ffb66cae000 	C:\Windows\System32\msvcrt.dll
0x00007ffb67ef0000 - 0x00007ffb67f1b000 	C:\Windows\System32\GDI32.dll
0x00007ffb66b00000 - 0x00007ffb66c0d000 	C:\Windows\System32\gdi32full.dll
0x00007ffb662e0000 - 0x00007ffb6637d000 	C:\Windows\System32\msvcp_win.dll
0x00007ffb66d60000 - 0x00007ffb66d90000 	C:\Windows\System32\IMM32.DLL
0x00007ffb0c9e0000 - 0x00007ffb0ca7d000 	C:\Program Files\Android\Android Studio\jre\bin\msvcp140.dll
0x00007ffaffc00000 - 0x00007ffb006cf000 	C:\Program Files\Android\Android Studio\jre\bin\server\jvm.dll
0x00007ffb67670000 - 0x00007ffb6771c000 	C:\Windows\System32\ADVAPI32.dll
0x00007ffb67f20000 - 0x00007ffb67fbb000 	C:\Windows\System32\sechost.dll
0x00007ffb68a60000 - 0x00007ffb68b8a000 	C:\Windows\System32\RPCRT4.dll
0x00007ffb68980000 - 0x00007ffb68988000 	C:\Windows\System32\PSAPI.DLL
0x00007ffb50140000 - 0x00007ffb50149000 	C:\Windows\SYSTEM32\WSOCK32.dll
0x00007ffb55580000 - 0x00007ffb555a7000 	C:\Windows\SYSTEM32\WINMM.dll
0x00007ffb674c0000 - 0x00007ffb6752b000 	C:\Windows\System32\WS2_32.dll
0x00007ffb5aee0000 - 0x00007ffb5aeea000 	C:\Windows\SYSTEM32\VERSION.dll
0x00007ffb641d0000 - 0x00007ffb641e2000 	C:\Windows\SYSTEM32\kernel.appcore.dll
0x00007ffb4fc70000 - 0x00007ffb4fc81000 	C:\Program Files\Android\Android Studio\jre\bin\verify.dll
0x00007ffb556e0000 - 0x00007ffb558c4000 	C:\Windows\SYSTEM32\DBGHELP.DLL
0x00007ffb55110000 - 0x00007ffb5513c000 	C:\Windows\SYSTEM32\dbgcore.DLL
0x00007ffb665f0000 - 0x00007ffb66672000 	C:\Windows\System32\bcryptPrimitives.dll
0x00007ffb45ca0000 - 0x00007ffb45cc9000 	C:\Program Files\Android\Android Studio\jre\bin\java.dll
0x00007ffb4fbd0000 - 0x00007ffb4fbdb000 	C:\Program Files\Android\Android Studio\jre\bin\jimage.dll
0x00007ffb4fa40000 - 0x00007ffb4fa58000 	C:\Program Files\Android\Android Studio\jre\bin\zip.dll
0x00007ffb67720000 - 0x00007ffb67e64000 	C:\Windows\System32\SHELL32.dll
0x00007ffb643d0000 - 0x00007ffb64b64000 	C:\Windows\SYSTEM32\windows.storage.dll
0x00007ffb66d90000 - 0x00007ffb670e5000 	C:\Windows\System32\combase.dll
0x00007ffb65cc0000 - 0x00007ffb65cee000 	C:\Windows\SYSTEM32\Wldp.dll
0x00007ffb672b0000 - 0x00007ffb6735d000 	C:\Windows\System32\SHCORE.dll
0x00007ffb68560000 - 0x00007ffb685b5000 	C:\Windows\System32\shlwapi.dll
0x00007ffb66220000 - 0x00007ffb6623f000 	C:\Windows\SYSTEM32\profapi.dll
0x00007ffb4f830000 - 0x00007ffb4f84a000 	C:\Program Files\Android\Android Studio\jre\bin\net.dll
0x00007ffb57980000 - 0x00007ffb57a8c000 	C:\Windows\SYSTEM32\WINHTTP.dll
0x00007ffb659c0000 - 0x00007ffb65a2a000 	C:\Windows\system32\mswsock.dll
0x00007ffb47210000 - 0x00007ffb47224000 	C:\Program Files\Android\Android Studio\jre\bin\nio.dll
0x00007ffb40a80000 - 0x00007ffb40aa7000 	C:\Users\mohak\.gradle\native\e1d6ef7f7dcc3fd88c89a11ec53ec762bb8ba0a96d01ffa2cd45eb1d1d8dd5c5\windows-amd64\native-platform.dll
0x00007ffb0bef0000 - 0x00007ffb0c034000 	C:\Users\mohak\.gradle\native\5664cfc778a61ccfe75a443a1ab52a65af34e5dc3c78e0209fed803814484fcb\windows-amd64\native-platform-file-events.dll
0x00007ffb4f000000 - 0x00007ffb4f00a000 	C:\Program Files\Android\Android Studio\jre\bin\management.dll
0x00007ffb4ed60000 - 0x00007ffb4ed6c000 	C:\Program Files\Android\Android Studio\jre\bin\management_ext.dll
0x00007ffb65c10000 - 0x00007ffb65c28000 	C:\Windows\SYSTEM32\CRYPTSP.dll
0x00007ffb65340000 - 0x00007ffb65374000 	C:\Windows\system32\rsaenh.dll
0x00007ffb66950000 - 0x00007ffb66977000 	C:\Windows\System32\bcrypt.dll
0x00007ffb661e0000 - 0x00007ffb6620e000 	C:\Windows\SYSTEM32\USERENV.dll
0x00007ffb65c30000 - 0x00007ffb65c3c000 	C:\Windows\SYSTEM32\CRYPTBASE.dll
0x00007ffb656b0000 - 0x00007ffb656eb000 	C:\Windows\SYSTEM32\IPHLPAPI.DLL
0x00007ffb671b0000 - 0x00007ffb671b8000 	C:\Windows\System32\NSI.dll
0x00007ffb5d530000 - 0x00007ffb5d547000 	C:\Windows\SYSTEM32\dhcpcsvc6.DLL
0x00007ffb5e1d0000 - 0x00007ffb5e1ed000 	C:\Windows\SYSTEM32\dhcpcsvc.DLL
0x00007ffb656f0000 - 0x00007ffb657bb000 	C:\Windows\SYSTEM32\DNSAPI.dll
0x00007ffb64fd0000 - 0x00007ffb65003000 	C:\Windows\SYSTEM32\ntmarta.dll

dbghelp: loaded successfully - version: 4.0.5 - missing functions: none
symbol engine: initialized successfully - sym options: 0x614 - pdb path: .;C:\Program Files\Android\Android Studio\jre\bin;C:\Windows\SYSTEM32;C:\Windows\WinSxS\amd64_microsoft.windows.common-controls_6595b64144ccf1df_6.0.19041.1110_none_60b5254171f9507e;C:\Program Files\Android\Android Studio\jre\bin\server;C:\Users\mohak\.gradle\native\e1d6ef7f7dcc3fd88c89a11ec53ec762bb8ba0a96d01ffa2cd45eb1d1d8dd5c5\windows-amd64;C:\Users\mohak\.gradle\native\5664cfc778a61ccfe75a443a1ab52a65af34e5dc3c78e0209fed803814484fcb\windows-amd64

VM Arguments:
jvm_args: -XX:MaxMetaspaceSize=256m -XX:+HeapDumpOnOutOfMemoryError --add-opens=java.base/java.util=ALL-UNNAMED --add-opens=java.base/java.lang=ALL-UNNAMED --add-opens=java.base/java.lang.invoke=ALL-UNNAMED --add-opens=java.base/java.util=ALL-UNNAMED --add-opens=java.prefs/java.util.prefs=ALL-UNNAMED --add-opens=java.prefs/java.util.prefs=ALL-UNNAMED --add-opens=java.base/java.nio.charset=ALL-UNNAMED --add-opens=java.base/java.net=ALL-UNNAMED --add-opens=java.base/java.util.concurrent.atomic=ALL-UNNAMED -Xms256m -Xmx512m -Dfile.encoding=windows-1252 -Duser.country=US -Duser.language=en -Duser.variant 
java_command: org.gradle.launcher.daemon.bootstrap.GradleDaemon 7.2
java_class_path (initial): C:\Users\mohak\.gradle\wrapper\dists\gradle-7.2-all\260hg96vuh6ex27h9vo47iv4d\gradle-7.2\lib\gradle-launcher-7.2.jar
Launcher Type: SUN_STANDARD

[Global flags]
     intx CICompilerCount                          = 3                                         {product} {ergonomic}
   size_t CompressedClassSpaceSize                 = 260046848                                 {product} {ergonomic}
     uint ConcGCThreads                            = 1                                         {product} {ergonomic}
     uint G1ConcRefinementThreads                  = 4                                         {product} {ergonomic}
   size_t G1HeapRegionSize                         = 1048576                                   {product} {ergonomic}
    uintx GCDrainStackTargetSize                   = 64                                        {product} {ergonomic}
     bool HeapDumpOnOutOfMemoryError               = true                                   {manageable} {command line}
   size_t InitialHeapSize                          = 268435456                                 {product} {command line}
   size_t MarkStackSize                            = 4194304                                   {product} {ergonomic}
   size_t MaxHeapSize                              = 536870912                                 {product} {command line}
   size_t MaxMetaspaceSize                         = 268435456                                 {product} {command line}
   size_t MaxNewSize                               = 321912832                                 {product} {ergonomic}
   size_t MinHeapDeltaBytes                        = 1048576                                   {product} {ergonomic}
    uintx NonNMethodCodeHeapSize                   = 5830732                                {pd product} {ergonomic}
    uintx NonProfiledCodeHeapSize                  = 122913754                              {pd product} {ergonomic}
    uintx ProfiledCodeHeapSize                     = 122913754                              {pd product} {ergonomic}
    uintx ReservedCodeCacheSize                    = 251658240                              {pd product} {ergonomic}
     bool SegmentedCodeCache                       = true                                      {product} {ergonomic}
     bool UseCompressedClassPointers               = true                                 {lp64_product} {ergonomic}
     bool UseCompressedOops                        = true                                 {lp64_product} {ergonomic}
     bool UseG1GC                                  = true                                      {product} {ergonomic}
     bool UseLargePagesIndividualAllocation        = false                                  {pd product} {ergonomic}

Logging:
Log output configuration:
 #0: stdout all=warning uptime,level,tags
 #1: stderr all=off uptime,level,tags

Environment Variables:
PATH=C:\Program Files\Common Files\Oracle\Java\javapath;C:\Windows\system32;C:\Windows;C:\Windows\System32\Wbem;C:\Windows\System32\WindowsPowerShell\v1.0\;C:\Windows\System32\OpenSSH\;C:\Program Files\nodejs\;C:\Program Files (x86)\Yarn\bin\;C:\Program Files\Git\cmd;C:\Program Files (x86)\AMD\ATI.ACE\Core-Static;C:\Program Files\MySQL\MySQL Shell 8.0\bin\;C:\Users\mohak\AppData\Local\Microsoft\WindowsApps;C:\Users\mohak\AppData\Local\Programs\Microsoft VS Code\bin;C:\Users\mohak\AppData\Roaming\npm;C:\Users\mohak\AppData\Local\Yarn\bin;C:\Users\mohak\AppData\Local\hyper\app-3.0.2\resources\bin;C:\Program Files\heroku\bin;C:\Users\mohak\AppData\Local\gitkraken\bin;C:\Users\mohak\AppData\Local\Android\Sdk\platform-tools;
USERNAME=mohak
OS=Windows_NT
PROCESSOR_IDENTIFIER=Intel64 Family 6 Model 60 Stepping 3, GenuineIntel



---------------  S Y S T E M  ---------------

OS: Windows 10 , 64 bit Build 19041 (10.0.19041.1348)
OS uptime: 0 days 13:13 hours

CPU:total 4 (initial active 4) (2 cores per cpu, 2 threads per core) family 6 model 60 stepping 3 microcode 0x28, cmov, cx8, fxsr, mmx, sse, sse2, sse3, ssse3, sse4.1, sse4.2, popcnt, avx, avx2, aes, clmul, erms, lzcnt, ht, tsc, tscinvbit, bmi1, bmi2, fma

Memory: 4k page, system-wide physical 12169M (657M free)
TotalPageFile size 16265M (AvailPageFile size 17M)
current process WorkingSet (physical memory assigned to process): 594M, peak: 597M
current process commit charge ("private bytes"): 626M, peak: 628M

vm_info: OpenJDK 64-Bit Server VM (11.0.10+0-b96-7249189) for windows-amd64 JRE (11.0.10+0-b96-7249189), built on Mar 31 2021 21:44:00 by "builder" with MS VC++ 14.0 (VS2015)

END.
